Feb 26 17:36:52.671 <write:907> Checking internet connection. 
Feb 26 17:36:58.278 <write:907> ------------------------------------------------------------
Feb 26 17:36:58.280 <write:907> Checking files. 
Feb 26 17:36:58.638 <write:907> Downloading: geoip 
Feb 26 17:36:58.641 <download:863> 0.23
Feb 26 17:36:58.672 <download:863> 0.45
Feb 26 17:36:58.677 <download:863> 0.68
Feb 26 17:36:58.702 <download:863> 0.90
Feb 26 17:36:58.702 <download:863> 1.13
Feb 26 17:36:58.709 <download:863> 1.35
Feb 26 17:36:58.709 <download:863> 1.58
Feb 26 17:36:58.714 <download:863> 1.81
Feb 26 17:36:58.720 <download:863> 2.03
Feb 26 17:36:58.720 <download:863> 2.26
Feb 26 17:36:58.734 <download:863> 2.48
Feb 26 17:36:58.735 <download:863> 2.71
Feb 26 17:36:58.741 <download:863> 2.93
Feb 26 17:36:58.741 <download:863> 3.16
Feb 26 17:36:58.745 <download:863> 3.38
Feb 26 17:36:58.763 <download:863> 3.61
Feb 26 17:36:58.763 <download:863> 3.84
Feb 26 17:36:58.767 <download:863> 4.06
Feb 26 17:36:58.767 <download:863> 4.29
Feb 26 17:36:58.772 <download:863> 4.51
Feb 26 17:36:58.772 <download:863> 4.74
Feb 26 17:36:58.777 <download:863> 4.96
Feb 26 17:36:58.778 <download:863> 5.19
Feb 26 17:36:58.778 <download:863> 5.42
Feb 26 17:36:58.780 <download:863> 5.64
Feb 26 17:36:58.781 <download:863> 5.87
Feb 26 17:36:58.781 <download:863> 6.09
Feb 26 17:36:58.782 <download:863> 6.32
Feb 26 17:36:58.783 <download:863> 6.54
Feb 26 17:36:58.784 <download:863> 6.77
Feb 26 17:36:58.785 <download:863> 6.99
Feb 26 17:36:58.793 <download:863> 7.22
Feb 26 17:36:58.793 <download:863> 7.45
Feb 26 17:36:58.798 <download:863> 7.67
Feb 26 17:36:58.798 <download:863> 7.90
Feb 26 17:36:58.801 <download:863> 8.12
Feb 26 17:36:58.801 <download:863> 8.35
Feb 26 17:36:58.802 <download:863> 8.57
Feb 26 17:36:58.803 <download:863> 8.80
Feb 26 17:36:58.804 <download:863> 9.03
Feb 26 17:36:58.805 <download:863> 9.25
Feb 26 17:36:58.806 <download:863> 9.48
Feb 26 17:36:58.810 <download:863> 9.70
Feb 26 17:36:58.811 <download:863> 9.93
Feb 26 17:36:58.811 <download:863> 10.15
Feb 26 17:36:58.812 <download:863> 10.38
Feb 26 17:36:58.813 <download:863> 10.61
Feb 26 17:36:58.813 <download:863> 10.83
Feb 26 17:36:58.814 <download:863> 11.06
Feb 26 17:36:58.816 <download:863> 11.28
Feb 26 17:36:58.816 <download:863> 11.51
Feb 26 17:36:58.817 <download:863> 11.73
Feb 26 17:36:58.818 <download:863> 11.96
Feb 26 17:36:58.819 <download:863> 12.18
Feb 26 17:36:58.819 <download:863> 12.41
Feb 26 17:36:58.820 <download:863> 12.64
Feb 26 17:36:58.822 <download:863> 12.86
Feb 26 17:36:58.822 <download:863> 13.09
Feb 26 17:36:58.823 <download:863> 13.31
Feb 26 17:36:58.823 <download:863> 13.54
Feb 26 17:36:58.826 <download:863> 13.76
Feb 26 17:36:58.826 <download:863> 13.99
Feb 26 17:36:58.827 <download:863> 14.22
Feb 26 17:36:58.828 <download:863> 14.44
Feb 26 17:36:58.834 <download:863> 14.67
Feb 26 17:36:58.837 <download:863> 14.89
Feb 26 17:36:58.837 <download:863> 15.12
Feb 26 17:36:58.838 <download:863> 15.34
Feb 26 17:36:58.839 <download:863> 15.57
Feb 26 17:36:58.841 <download:863> 15.80
Feb 26 17:36:58.841 <download:863> 16.02
Feb 26 17:36:58.842 <download:863> 16.25
Feb 26 17:36:58.844 <download:863> 16.47
Feb 26 17:36:58.844 <download:863> 16.70
Feb 26 17:36:58.845 <download:863> 16.92
Feb 26 17:36:58.846 <download:863> 17.15
Feb 26 17:36:58.846 <download:863> 17.37
Feb 26 17:36:58.847 <download:863> 17.60
Feb 26 17:36:58.849 <download:863> 17.83
Feb 26 17:36:58.850 <download:863> 18.05
Feb 26 17:36:58.850 <download:863> 18.28
Feb 26 17:36:58.852 <download:863> 18.50
Feb 26 17:36:58.852 <download:863> 18.73
Feb 26 17:36:58.853 <download:863> 18.95
Feb 26 17:36:58.854 <download:863> 19.18
Feb 26 17:36:58.855 <download:863> 19.41
Feb 26 17:36:58.855 <download:863> 19.63
Feb 26 17:36:58.857 <download:863> 19.86
Feb 26 17:36:58.857 <download:863> 20.08
Feb 26 17:36:58.858 <download:863> 20.31
Feb 26 17:36:58.862 <download:863> 20.53
Feb 26 17:36:58.863 <download:863> 20.76
Feb 26 17:36:58.865 <download:863> 20.98
Feb 26 17:36:58.866 <download:863> 21.21
Feb 26 17:36:58.867 <download:863> 21.44
Feb 26 17:36:58.867 <download:863> 21.66
Feb 26 17:36:58.870 <download:863> 21.89
Feb 26 17:36:58.872 <download:863> 22.11
Feb 26 17:36:58.872 <download:863> 22.34
Feb 26 17:36:58.873 <download:863> 22.56
Feb 26 17:36:58.874 <download:863> 22.79
Feb 26 17:36:58.876 <download:863> 23.02
Feb 26 17:36:58.877 <download:863> 23.24
Feb 26 17:36:58.878 <download:863> 23.47
Feb 26 17:36:58.878 <download:863> 23.69
Feb 26 17:36:58.884 <download:863> 23.92
Feb 26 17:36:58.886 <download:863> 24.14
Feb 26 17:36:58.886 <download:863> 24.37
Feb 26 17:36:58.887 <download:863> 24.60
Feb 26 17:36:58.887 <download:863> 24.82
Feb 26 17:36:58.888 <download:863> 25.05
Feb 26 17:36:58.889 <download:863> 25.27
Feb 26 17:36:58.890 <download:863> 25.50
Feb 26 17:36:58.891 <download:863> 25.72
Feb 26 17:36:58.892 <download:863> 25.95
Feb 26 17:36:58.893 <download:863> 26.17
Feb 26 17:36:58.893 <download:863> 26.40
Feb 26 17:36:58.894 <download:863> 26.63
Feb 26 17:36:58.895 <download:863> 26.85
Feb 26 17:36:58.896 <download:863> 27.08
Feb 26 17:36:58.897 <download:863> 27.30
Feb 26 17:36:58.900 <download:863> 27.53
Feb 26 17:36:58.901 <download:863> 27.75
Feb 26 17:36:58.901 <download:863> 27.98
Feb 26 17:36:58.903 <download:863> 28.21
Feb 26 17:36:58.903 <download:863> 28.43
Feb 26 17:36:58.904 <download:863> 28.66
Feb 26 17:36:58.905 <download:863> 28.88
Feb 26 17:36:58.907 <download:863> 29.11
Feb 26 17:36:58.907 <download:863> 29.33
Feb 26 17:36:58.908 <download:863> 29.56
Feb 26 17:36:58.919 <download:863> 29.78
Feb 26 17:36:58.920 <download:863> 30.01
Feb 26 17:36:58.921 <download:863> 30.24
Feb 26 17:36:58.921 <download:863> 30.46
Feb 26 17:36:58.922 <download:863> 30.69
Feb 26 17:36:58.922 <download:863> 30.91
Feb 26 17:36:58.924 <download:863> 31.14
Feb 26 17:36:58.925 <download:863> 31.36
Feb 26 17:36:58.925 <download:863> 31.59
Feb 26 17:36:58.926 <download:863> 31.82
Feb 26 17:36:58.927 <download:863> 32.04
Feb 26 17:36:58.928 <download:863> 32.27
Feb 26 17:36:58.928 <download:863> 32.49
Feb 26 17:36:58.929 <download:863> 32.72
Feb 26 17:36:58.929 <download:863> 32.94
Feb 26 17:36:58.931 <download:863> 33.17
Feb 26 17:36:58.932 <download:863> 33.40
Feb 26 17:36:58.933 <download:863> 33.62
Feb 26 17:36:58.934 <download:863> 33.85
Feb 26 17:36:58.934 <download:863> 34.07
Feb 26 17:36:58.935 <download:863> 34.30
Feb 26 17:36:58.936 <download:863> 34.52
Feb 26 17:36:58.937 <download:863> 34.75
Feb 26 17:36:58.938 <download:863> 34.97
Feb 26 17:36:58.939 <download:863> 35.20
Feb 26 17:36:58.940 <download:863> 35.43
Feb 26 17:36:58.940 <download:863> 35.65
Feb 26 17:36:58.941 <download:863> 35.88
Feb 26 17:36:58.941 <download:863> 36.10
Feb 26 17:36:58.951 <download:863> 36.33
Feb 26 17:36:58.951 <download:863> 36.55
Feb 26 17:36:58.952 <download:863> 36.78
Feb 26 17:36:58.956 <download:863> 37.01
Feb 26 17:36:58.956 <download:863> 37.23
Feb 26 17:36:58.958 <download:863> 37.46
Feb 26 17:36:58.958 <download:863> 37.68
Feb 26 17:36:58.959 <download:863> 37.91
Feb 26 17:36:58.960 <download:863> 38.13
Feb 26 17:36:58.961 <download:863> 38.36
Feb 26 17:36:58.961 <download:863> 38.59
Feb 26 17:36:58.962 <download:863> 38.81
Feb 26 17:36:58.963 <download:863> 39.04
Feb 26 17:36:58.964 <download:863> 39.26
Feb 26 17:36:58.965 <download:863> 39.49
Feb 26 17:36:58.965 <download:863> 39.71
Feb 26 17:36:58.966 <download:863> 39.94
Feb 26 17:36:58.967 <download:863> 40.16
Feb 26 17:36:58.967 <download:863> 40.39
Feb 26 17:36:58.969 <download:863> 40.62
Feb 26 17:36:58.969 <download:863> 40.84
Feb 26 17:36:58.970 <download:863> 41.07
Feb 26 17:36:58.971 <download:863> 41.29
Feb 26 17:36:58.972 <download:863> 41.52
Feb 26 17:36:58.972 <download:863> 41.74
Feb 26 17:36:58.973 <download:863> 41.97
Feb 26 17:36:58.974 <download:863> 42.20
Feb 26 17:36:58.974 <download:863> 42.42
Feb 26 17:36:58.983 <download:863> 42.65
Feb 26 17:36:58.984 <download:863> 42.87
Feb 26 17:36:58.991 <download:863> 43.10
Feb 26 17:36:58.992 <download:863> 43.32
Feb 26 17:36:58.992 <download:863> 43.55
Feb 26 17:36:58.993 <download:863> 43.77
Feb 26 17:36:58.994 <download:863> 44.00
Feb 26 17:36:58.996 <download:863> 44.23
Feb 26 17:36:58.996 <download:863> 44.45
Feb 26 17:36:58.997 <download:863> 44.68
Feb 26 17:36:58.997 <download:863> 44.90
Feb 26 17:36:58.999 <download:863> 45.13
Feb 26 17:36:58.999 <download:863> 45.35
Feb 26 17:36:59.000 <download:859> 45.58
Feb 26 17:36:59.000 <download:863> 45.81
Feb 26 17:36:59.001 <download:863> 46.03
Feb 26 17:36:59.003 <download:863> 46.26
Feb 26 17:36:59.003 <download:863> 46.48
Feb 26 17:36:59.004 <download:863> 46.71
Feb 26 17:36:59.005 <download:863> 46.93
Feb 26 17:36:59.005 <download:863> 47.16
Feb 26 17:36:59.006 <download:863> 47.39
Feb 26 17:36:59.007 <download:863> 47.61
Feb 26 17:36:59.007 <download:863> 47.84
Feb 26 17:36:59.008 <download:863> 48.06
Feb 26 17:36:59.010 <download:863> 48.29
Feb 26 17:36:59.010 <download:863> 48.51
Feb 26 17:36:59.011 <download:863> 48.74
Feb 26 17:36:59.011 <download:863> 48.96
Feb 26 17:36:59.019 <download:863> 49.19
Feb 26 17:36:59.019 <download:863> 49.42
Feb 26 17:36:59.020 <download:863> 49.64
Feb 26 17:36:59.027 <download:863> 49.87
Feb 26 17:36:59.027 <download:863> 50.09
Feb 26 17:36:59.028 <download:863> 50.32
Feb 26 17:36:59.028 <download:863> 50.54
Feb 26 17:36:59.030 <download:863> 50.77
Feb 26 17:36:59.031 <download:863> 51.00
Feb 26 17:36:59.032 <download:863> 51.22
Feb 26 17:36:59.032 <download:863> 51.45
Feb 26 17:36:59.033 <download:863> 51.67
Feb 26 17:36:59.034 <download:863> 51.90
Feb 26 17:36:59.035 <download:863> 52.12
Feb 26 17:36:59.036 <download:863> 52.35
Feb 26 17:36:59.036 <download:863> 52.57
Feb 26 17:36:59.037 <download:863> 52.80
Feb 26 17:36:59.038 <download:863> 53.03
Feb 26 17:36:59.039 <download:863> 53.25
Feb 26 17:36:59.040 <download:863> 53.48
Feb 26 17:36:59.041 <download:863> 53.70
Feb 26 17:36:59.042 <download:863> 53.93
Feb 26 17:36:59.042 <download:863> 54.15
Feb 26 17:36:59.043 <download:863> 54.38
Feb 26 17:36:59.043 <download:863> 54.61
Feb 26 17:36:59.044 <download:863> 54.83
Feb 26 17:36:59.045 <download:863> 55.06
Feb 26 17:36:59.046 <download:863> 55.28
Feb 26 17:36:59.048 <download:863> 55.51
Feb 26 17:36:59.048 <download:863> 55.73
Feb 26 17:36:59.057 <download:863> 55.96
Feb 26 17:36:59.057 <download:863> 56.19
Feb 26 17:36:59.061 <download:863> 56.41
Feb 26 17:36:59.062 <download:863> 56.64
Feb 26 17:36:59.063 <download:863> 56.86
Feb 26 17:36:59.063 <download:863> 57.09
Feb 26 17:36:59.064 <download:863> 57.31
Feb 26 17:36:59.065 <download:863> 57.54
Feb 26 17:36:59.066 <download:863> 57.76
Feb 26 17:36:59.067 <download:863> 57.99
Feb 26 17:36:59.067 <download:863> 58.22
Feb 26 17:36:59.069 <download:863> 58.44
Feb 26 17:36:59.069 <download:863> 58.67
Feb 26 17:36:59.070 <download:863> 58.89
Feb 26 17:36:59.072 <download:863> 59.12
Feb 26 17:36:59.072 <download:863> 59.34
Feb 26 17:36:59.073 <download:863> 59.57
Feb 26 17:36:59.073 <download:863> 59.80
Feb 26 17:36:59.074 <download:863> 60.02
Feb 26 17:36:59.075 <download:863> 60.25
Feb 26 17:36:59.076 <download:863> 60.47
Feb 26 17:36:59.076 <download:863> 60.70
Feb 26 17:36:59.077 <download:863> 60.92
Feb 26 17:36:59.079 <download:863> 61.15
Feb 26 17:36:59.079 <download:863> 61.38
Feb 26 17:36:59.080 <download:863> 61.60
Feb 26 17:36:59.080 <download:863> 61.83
Feb 26 17:36:59.082 <download:863> 62.05
Feb 26 17:36:59.082 <download:863> 62.28
Feb 26 17:36:59.089 <download:863> 62.50
Feb 26 17:36:59.095 <download:863> 62.73
Feb 26 17:36:59.095 <download:863> 62.95
Feb 26 17:36:59.097 <download:863> 63.18
Feb 26 17:36:59.097 <download:863> 63.41
Feb 26 17:36:59.098 <download:863> 63.63
Feb 26 17:36:59.099 <download:863> 63.86
Feb 26 17:36:59.100 <download:863> 64.08
Feb 26 17:36:59.100 <download:863> 64.31
Feb 26 17:36:59.101 <download:863> 64.53
Feb 26 17:36:59.103 <download:863> 64.76
Feb 26 17:36:59.103 <download:863> 64.99
Feb 26 17:36:59.104 <download:863> 65.21
Feb 26 17:36:59.104 <download:863> 65.44
Feb 26 17:36:59.106 <download:863> 65.66
Feb 26 17:36:59.106 <download:863> 65.89
Feb 26 17:36:59.107 <download:863> 66.11
Feb 26 17:36:59.107 <download:863> 66.34
Feb 26 17:36:59.109 <download:863> 66.56
Feb 26 17:36:59.110 <download:863> 66.79
Feb 26 17:36:59.110 <download:863> 67.02
Feb 26 17:36:59.111 <download:863> 67.24
Feb 26 17:36:59.112 <download:863> 67.47
Feb 26 17:36:59.113 <download:863> 67.69
Feb 26 17:36:59.113 <download:863> 67.92
Feb 26 17:36:59.114 <download:863> 68.14
Feb 26 17:36:59.115 <download:863> 68.37
Feb 26 17:36:59.116 <download:863> 68.60
Feb 26 17:36:59.119 <download:863> 68.82
Feb 26 17:36:59.119 <download:863> 69.05
Feb 26 17:36:59.127 <download:863> 69.27
Feb 26 17:36:59.128 <download:863> 69.50
Feb 26 17:36:59.129 <download:863> 69.72
Feb 26 17:36:59.130 <download:863> 69.95
Feb 26 17:36:59.131 <download:863> 70.18
Feb 26 17:36:59.132 <download:863> 70.40
Feb 26 17:36:59.133 <download:863> 70.63
Feb 26 17:36:59.134 <download:863> 70.85
Feb 26 17:36:59.134 <download:863> 71.08
Feb 26 17:36:59.135 <download:863> 71.30
Feb 26 17:36:59.135 <download:863> 71.53
Feb 26 17:36:59.136 <download:863> 71.75
Feb 26 17:36:59.139 <download:863> 71.98
Feb 26 17:36:59.140 <download:863> 72.21
Feb 26 17:36:59.141 <download:863> 72.43
Feb 26 17:36:59.141 <download:863> 72.66
Feb 26 17:36:59.143 <download:863> 72.88
Feb 26 17:36:59.144 <download:863> 73.11
Feb 26 17:36:59.145 <download:863> 73.33
Feb 26 17:36:59.145 <download:863> 73.56
Feb 26 17:36:59.146 <download:863> 73.79
Feb 26 17:36:59.149 <download:863> 74.01
Feb 26 17:36:59.150 <download:863> 74.24
Feb 26 17:36:59.151 <download:863> 74.46
Feb 26 17:36:59.151 <download:863> 74.69
Feb 26 17:36:59.152 <download:863> 74.91
Feb 26 17:36:59.152 <download:863> 75.14
Feb 26 17:36:59.154 <download:863> 75.37
Feb 26 17:36:59.154 <download:863> 75.59
Feb 26 17:36:59.159 <download:863> 75.82
Feb 26 17:36:59.164 <download:863> 76.04
Feb 26 17:36:59.164 <download:863> 76.27
Feb 26 17:36:59.165 <download:863> 76.49
Feb 26 17:36:59.166 <download:863> 76.72
Feb 26 17:36:59.167 <download:863> 76.94
Feb 26 17:36:59.167 <download:863> 77.17
Feb 26 17:36:59.168 <download:863> 77.40
Feb 26 17:36:59.170 <download:863> 77.62
Feb 26 17:36:59.170 <download:863> 77.85
Feb 26 17:36:59.171 <download:863> 78.07
Feb 26 17:36:59.171 <download:863> 78.30
Feb 26 17:36:59.172 <download:863> 78.52
Feb 26 17:36:59.173 <download:863> 78.75
Feb 26 17:36:59.174 <download:863> 78.98
Feb 26 17:36:59.174 <download:863> 79.20
Feb 26 17:36:59.178 <download:863> 79.43
Feb 26 17:36:59.179 <download:863> 79.65
Feb 26 17:36:59.179 <download:863> 79.88
Feb 26 17:36:59.182 <download:863> 80.10
Feb 26 17:36:59.182 <download:863> 80.33
Feb 26 17:36:59.184 <download:863> 80.55
Feb 26 17:36:59.184 <download:863> 80.78
Feb 26 17:36:59.186 <download:863> 81.01
Feb 26 17:36:59.188 <download:863> 81.23
Feb 26 17:36:59.188 <download:863> 81.46
Feb 26 17:36:59.192 <download:863> 81.68
Feb 26 17:36:59.193 <download:863> 81.91
Feb 26 17:36:59.194 <download:863> 82.13
Feb 26 17:36:59.194 <download:863> 82.36
Feb 26 17:36:59.198 <download:863> 82.59
Feb 26 17:36:59.198 <download:863> 82.81
Feb 26 17:36:59.199 <download:863> 83.04
Feb 26 17:36:59.202 <download:863> 83.26
Feb 26 17:36:59.203 <download:863> 83.49
Feb 26 17:36:59.204 <download:863> 83.71
Feb 26 17:36:59.204 <download:863> 83.94
Feb 26 17:36:59.205 <download:863> 84.17
Feb 26 17:36:59.205 <download:863> 84.39
Feb 26 17:36:59.206 <download:863> 84.62
Feb 26 17:36:59.208 <download:863> 84.84
Feb 26 17:36:59.208 <download:863> 85.07
Feb 26 17:36:59.209 <download:863> 85.29
Feb 26 17:36:59.210 <download:863> 85.52
Feb 26 17:36:59.211 <download:863> 85.74
Feb 26 17:36:59.211 <download:863> 85.97
Feb 26 17:36:59.213 <download:863> 86.20
Feb 26 17:36:59.213 <download:863> 86.42
Feb 26 17:36:59.214 <download:863> 86.65
Feb 26 17:36:59.215 <download:863> 86.87
Feb 26 17:36:59.216 <download:863> 87.10
Feb 26 17:36:59.218 <download:863> 87.32
Feb 26 17:36:59.219 <download:863> 87.55
Feb 26 17:36:59.223 <download:863> 87.78
Feb 26 17:36:59.224 <download:863> 88.00
Feb 26 17:36:59.225 <download:863> 88.23
Feb 26 17:36:59.225 <download:863> 88.45
Feb 26 17:36:59.229 <download:863> 88.68
Feb 26 17:36:59.230 <download:863> 88.90
Feb 26 17:36:59.230 <download:863> 89.13
Feb 26 17:36:59.233 <download:863> 89.35
Feb 26 17:36:59.234 <download:863> 89.58
Feb 26 17:36:59.234 <download:863> 89.81
Feb 26 17:36:59.235 <download:863> 90.03
Feb 26 17:36:59.237 <download:863> 90.26
Feb 26 17:36:59.238 <download:863> 90.48
Feb 26 17:36:59.239 <download:863> 90.71
Feb 26 17:36:59.240 <download:859> 90.93
Feb 26 17:36:59.240 <download:863> 91.16
Feb 26 17:36:59.241 <download:863> 91.39
Feb 26 17:36:59.242 <download:863> 91.61
Feb 26 17:36:59.243 <download:863> 91.84
Feb 26 17:36:59.243 <download:863> 92.06
Feb 26 17:36:59.244 <download:863> 92.29
Feb 26 17:36:59.246 <download:863> 92.51
Feb 26 17:36:59.246 <download:863> 92.74
Feb 26 17:36:59.247 <download:863> 92.97
Feb 26 17:36:59.247 <download:863> 93.19
Feb 26 17:36:59.250 <download:863> 93.42
Feb 26 17:36:59.250 <download:863> 93.64
Feb 26 17:36:59.251 <download:863> 93.87
Feb 26 17:36:59.255 <download:863> 94.09
Feb 26 17:36:59.256 <download:863> 94.32
Feb 26 17:36:59.257 <download:863> 94.54
Feb 26 17:36:59.257 <download:863> 94.77
Feb 26 17:36:59.261 <download:863> 95.00
Feb 26 17:36:59.262 <download:863> 95.22
Feb 26 17:36:59.262 <download:863> 95.45
Feb 26 17:36:59.263 <download:863> 95.67
Feb 26 17:36:59.265 <download:863> 95.90
Feb 26 17:36:59.267 <download:863> 96.12
Feb 26 17:36:59.267 <download:863> 96.35
Feb 26 17:36:59.269 <download:863> 96.58
Feb 26 17:36:59.270 <download:863> 96.80
Feb 26 17:36:59.270 <download:863> 97.03
Feb 26 17:36:59.271 <download:863> 97.25
Feb 26 17:36:59.273 <download:863> 97.48
Feb 26 17:36:59.274 <download:863> 97.70
Feb 26 17:36:59.275 <download:863> 97.93
Feb 26 17:36:59.277 <download:863> 98.16
Feb 26 17:36:59.278 <download:863> 98.38
Feb 26 17:36:59.279 <download:863> 98.61
Feb 26 17:36:59.279 <download:863> 98.83
Feb 26 17:36:59.280 <download:863> 99.06
Feb 26 17:36:59.280 <download:863> 99.28
Feb 26 17:36:59.281 <download:863> 99.51
Feb 26 17:36:59.282 <download:863> 99.73
Feb 26 17:36:59.283 <download:863> 99.96
Feb 26 17:36:59.285 <download:863> 100.00
Feb 26 17:36:59.719 <write:907> Downloading: geoip6 
Feb 26 17:36:59.721 <download:863> 0.39
Feb 26 17:36:59.753 <download:863> 0.79
Feb 26 17:36:59.758 <download:863> 1.18
Feb 26 17:36:59.780 <download:863> 1.57
Feb 26 17:36:59.781 <download:863> 1.96
Feb 26 17:36:59.789 <download:863> 2.36
Feb 26 17:36:59.789 <download:863> 2.75
Feb 26 17:36:59.795 <download:863> 3.14
Feb 26 17:36:59.800 <download:863> 3.54
Feb 26 17:36:59.800 <download:863> 3.93
Feb 26 17:36:59.813 <download:863> 4.32
Feb 26 17:36:59.813 <download:863> 4.71
Feb 26 17:36:59.819 <download:863> 5.11
Feb 26 17:36:59.819 <download:863> 5.50
Feb 26 17:36:59.827 <download:863> 5.89
Feb 26 17:36:59.829 <download:863> 6.29
Feb 26 17:36:59.829 <download:863> 6.68
Feb 26 17:36:59.832 <download:863> 7.07
Feb 26 17:36:59.832 <download:863> 7.46
Feb 26 17:36:59.834 <download:863> 7.86
Feb 26 17:36:59.834 <download:863> 8.25
Feb 26 17:36:59.841 <download:863> 8.64
Feb 26 17:36:59.841 <download:863> 9.04
Feb 26 17:36:59.843 <download:863> 9.43
Feb 26 17:36:59.846 <download:863> 9.82
Feb 26 17:36:59.846 <download:863> 10.21
Feb 26 17:36:59.851 <download:863> 10.61
Feb 26 17:36:59.852 <download:863> 11.00
Feb 26 17:36:59.853 <download:863> 11.39
Feb 26 17:36:59.853 <download:863> 11.79
Feb 26 17:36:59.855 <download:863> 12.18
Feb 26 17:36:59.860 <download:863> 12.57
Feb 26 17:36:59.861 <download:863> 12.96
Feb 26 17:36:59.862 <download:863> 13.36
Feb 26 17:36:59.862 <download:863> 13.75
Feb 26 17:36:59.863 <download:863> 14.14
Feb 26 17:36:59.864 <download:863> 14.54
Feb 26 17:36:59.865 <download:863> 14.93
Feb 26 17:36:59.865 <download:863> 15.32
Feb 26 17:36:59.866 <download:863> 15.72
Feb 26 17:36:59.867 <download:863> 16.11
Feb 26 17:36:59.868 <download:863> 16.50
Feb 26 17:36:59.869 <download:863> 16.89
Feb 26 17:36:59.870 <download:863> 17.29
Feb 26 17:36:59.870 <download:863> 17.68
Feb 26 17:36:59.871 <download:863> 18.07
Feb 26 17:36:59.874 <download:863> 18.47
Feb 26 17:36:59.874 <download:863> 18.86
Feb 26 17:36:59.875 <download:863> 19.25
Feb 26 17:36:59.877 <download:863> 19.64
Feb 26 17:36:59.877 <download:863> 20.04
Feb 26 17:36:59.878 <download:863> 20.43
Feb 26 17:36:59.879 <download:863> 20.82
Feb 26 17:36:59.880 <download:863> 21.22
Feb 26 17:36:59.880 <download:863> 21.61
Feb 26 17:36:59.893 <download:863> 22.00
Feb 26 17:36:59.894 <download:863> 22.39
Feb 26 17:36:59.894 <download:863> 22.79
Feb 26 17:36:59.895 <download:863> 23.18
Feb 26 17:36:59.896 <download:863> 23.57
Feb 26 17:36:59.897 <download:863> 23.97
Feb 26 17:36:59.898 <download:863> 24.36
Feb 26 17:36:59.898 <download:863> 24.75
Feb 26 17:36:59.899 <download:863> 25.14
Feb 26 17:36:59.900 <download:863> 25.54
Feb 26 17:36:59.901 <download:863> 25.93
Feb 26 17:36:59.902 <download:863> 26.32
Feb 26 17:36:59.903 <download:863> 26.72
Feb 26 17:36:59.903 <download:863> 27.11
Feb 26 17:36:59.904 <download:863> 27.50
Feb 26 17:36:59.905 <download:863> 27.89
Feb 26 17:36:59.906 <download:863> 28.29
Feb 26 17:36:59.908 <download:863> 28.68
Feb 26 17:36:59.908 <download:863> 29.07
Feb 26 17:36:59.909 <download:863> 29.47
Feb 26 17:36:59.909 <download:863> 29.86
Feb 26 17:36:59.910 <download:863> 30.25
Feb 26 17:36:59.911 <download:863> 30.64
Feb 26 17:36:59.912 <download:863> 31.04
Feb 26 17:36:59.912 <download:863> 31.43
Feb 26 17:36:59.918 <download:863> 31.82
Feb 26 17:36:59.919 <download:863> 32.22
Feb 26 17:36:59.919 <download:863> 32.61
Feb 26 17:36:59.924 <download:863> 33.00
Feb 26 17:36:59.924 <download:863> 33.39
Feb 26 17:36:59.925 <download:863> 33.79
Feb 26 17:36:59.926 <download:863> 34.18
Feb 26 17:36:59.930 <download:863> 34.57
Feb 26 17:36:59.930 <download:863> 34.97
Feb 26 17:36:59.931 <download:863> 35.36
Feb 26 17:36:59.932 <download:863> 35.75
Feb 26 17:36:59.933 <download:863> 36.14
Feb 26 17:36:59.934 <download:863> 36.54
Feb 26 17:36:59.934 <download:863> 36.93
Feb 26 17:36:59.935 <download:863> 37.32
Feb 26 17:36:59.936 <download:863> 37.72
Feb 26 17:36:59.936 <download:863> 38.11
Feb 26 17:36:59.937 <download:863> 38.50
Feb 26 17:36:59.939 <download:863> 38.89
Feb 26 17:36:59.939 <download:863> 39.29
Feb 26 17:36:59.940 <download:863> 39.68
Feb 26 17:36:59.941 <download:863> 40.07
Feb 26 17:36:59.942 <download:863> 40.47
Feb 26 17:36:59.942 <download:863> 40.86
Feb 26 17:36:59.947 <download:863> 41.25
Feb 26 17:36:59.948 <download:863> 41.64
Feb 26 17:36:59.949 <download:863> 42.04
Feb 26 17:36:59.950 <download:863> 42.43
Feb 26 17:36:59.950 <download:863> 42.82
Feb 26 17:36:59.953 <download:863> 43.22
Feb 26 17:36:59.954 <download:863> 43.61
Feb 26 17:36:59.954 <download:863> 44.00
Feb 26 17:36:59.955 <download:863> 44.40
Feb 26 17:36:59.956 <download:863> 44.79
Feb 26 17:36:59.958 <download:863> 45.18
Feb 26 17:36:59.958 <download:863> 45.57
Feb 26 17:36:59.962 <download:863> 45.97
Feb 26 17:36:59.962 <download:863> 46.36
Feb 26 17:36:59.964 <download:863> 46.75
Feb 26 17:36:59.964 <download:863> 47.15
Feb 26 17:36:59.965 <download:863> 47.54
Feb 26 17:36:59.966 <download:863> 47.93
Feb 26 17:36:59.967 <download:863> 48.32
Feb 26 17:36:59.968 <download:863> 48.72
Feb 26 17:36:59.969 <download:863> 49.11
Feb 26 17:36:59.969 <download:863> 49.50
Feb 26 17:36:59.970 <download:863> 49.90
Feb 26 17:36:59.971 <download:863> 50.29
Feb 26 17:36:59.971 <download:863> 50.68
Feb 26 17:36:59.972 <download:863> 51.07
Feb 26 17:36:59.974 <download:863> 51.47
Feb 26 17:36:59.974 <download:863> 51.86
Feb 26 17:36:59.977 <download:863> 52.25
Feb 26 17:36:59.977 <download:863> 52.65
Feb 26 17:36:59.978 <download:863> 53.04
Feb 26 17:36:59.979 <download:863> 53.43
Feb 26 17:36:59.982 <download:863> 53.82
Feb 26 17:36:59.982 <download:863> 54.22
Feb 26 17:36:59.986 <download:863> 54.61
Feb 26 17:36:59.987 <download:863> 55.00
Feb 26 17:36:59.988 <download:863> 55.40
Feb 26 17:36:59.989 <download:863> 55.79
Feb 26 17:36:59.989 <download:863> 56.18
Feb 26 17:36:59.994 <download:863> 56.57
Feb 26 17:36:59.995 <download:863> 56.97
Feb 26 17:36:59.995 <download:863> 57.36
Feb 26 17:36:59.996 <download:863> 57.75
Feb 26 17:36:59.997 <download:863> 58.15
Feb 26 17:36:59.998 <download:863> 58.54
Feb 26 17:36:59.999 <download:863> 58.93
Feb 26 17:37:00.000 <download:863> 59.32
Feb 26 17:37:00.000 <download:863> 59.72
Feb 26 17:37:00.003 <download:863> 60.11
Feb 26 17:37:00.004 <download:863> 60.50
Feb 26 17:37:00.005 <download:863> 60.90
Feb 26 17:37:00.006 <download:863> 61.29
Feb 26 17:37:00.007 <download:863> 61.68
Feb 26 17:37:00.008 <download:863> 62.07
Feb 26 17:37:00.008 <download:863> 62.47
Feb 26 17:37:00.009 <download:863> 62.86
Feb 26 17:37:00.010 <download:863> 63.25
Feb 26 17:37:00.011 <download:863> 63.65
Feb 26 17:37:00.011 <download:863> 64.04
Feb 26 17:37:00.012 <download:863> 64.43
Feb 26 17:37:00.014 <download:863> 64.82
Feb 26 17:37:00.015 <download:863> 65.22
Feb 26 17:37:00.019 <download:863> 65.61
Feb 26 17:37:00.020 <download:863> 66.00
Feb 26 17:37:00.021 <download:863> 66.40
Feb 26 17:37:00.021 <download:863> 66.79
Feb 26 17:37:00.023 <download:863> 67.18
Feb 26 17:37:00.026 <download:863> 67.57
Feb 26 17:37:00.026 <download:863> 67.97
Feb 26 17:37:00.027 <download:863> 68.36
Feb 26 17:37:00.027 <download:863> 68.75
Feb 26 17:37:00.030 <download:863> 69.15
Feb 26 17:37:00.030 <download:863> 69.54
Feb 26 17:37:00.031 <download:863> 69.93
Feb 26 17:37:00.031 <download:863> 70.32
Feb 26 17:37:00.032 <download:863> 70.72
Feb 26 17:37:00.034 <download:863> 71.11
Feb 26 17:37:00.035 <download:863> 71.50
Feb 26 17:37:00.036 <download:863> 71.90
Feb 26 17:37:00.037 <download:863> 72.29
Feb 26 17:37:00.039 <download:863> 72.68
Feb 26 17:37:00.040 <download:863> 73.08
Feb 26 17:37:00.040 <download:863> 73.47
Feb 26 17:37:00.041 <download:863> 73.86
Feb 26 17:37:00.042 <download:863> 74.25
Feb 26 17:37:00.044 <download:863> 74.65
Feb 26 17:37:00.045 <download:863> 75.04
Feb 26 17:37:00.046 <download:863> 75.43
Feb 26 17:37:00.046 <download:863> 75.83
Feb 26 17:37:00.047 <download:863> 76.22
Feb 26 17:37:00.047 <download:863> 76.61
Feb 26 17:37:00.052 <download:863> 77.00
Feb 26 17:37:00.053 <download:863> 77.40
Feb 26 17:37:00.054 <download:863> 77.79
Feb 26 17:37:00.055 <download:863> 78.18
Feb 26 17:37:00.055 <download:863> 78.58
Feb 26 17:37:00.056 <download:863> 78.97
Feb 26 17:37:00.057 <download:859> 79.36
Feb 26 17:37:00.060 <download:863> 79.75
Feb 26 17:37:00.061 <download:863> 80.15
Feb 26 17:37:00.062 <download:863> 80.54
Feb 26 17:37:00.065 <download:863> 80.93
Feb 26 17:37:00.065 <download:863> 81.33
Feb 26 17:37:00.066 <download:863> 81.72
Feb 26 17:37:00.067 <download:863> 82.11
Feb 26 17:37:00.068 <download:863> 82.50
Feb 26 17:37:00.068 <download:863> 82.90
Feb 26 17:37:00.070 <download:863> 83.29
Feb 26 17:37:00.072 <download:863> 83.68
Feb 26 17:37:00.072 <download:863> 84.08
Feb 26 17:37:00.075 <download:863> 84.47
Feb 26 17:37:00.075 <download:863> 84.86
Feb 26 17:37:00.076 <download:863> 85.25
Feb 26 17:37:00.077 <download:863> 85.65
Feb 26 17:37:00.078 <download:863> 86.04
Feb 26 17:37:00.078 <download:863> 86.43
Feb 26 17:37:00.079 <download:863> 86.83
Feb 26 17:37:00.083 <download:863> 87.22
Feb 26 17:37:00.083 <download:863> 87.61
Feb 26 17:37:00.084 <download:863> 88.00
Feb 26 17:37:00.085 <download:863> 88.40
Feb 26 17:37:00.086 <download:863> 88.79
Feb 26 17:37:00.086 <download:863> 89.18
Feb 26 17:37:00.087 <download:863> 89.58
Feb 26 17:37:00.088 <download:863> 89.97
Feb 26 17:37:00.088 <download:863> 90.36
Feb 26 17:37:00.091 <download:863> 90.75
Feb 26 17:37:00.092 <download:863> 91.15
Feb 26 17:37:00.093 <download:863> 91.54
Feb 26 17:37:00.093 <download:863> 91.93
Feb 26 17:37:00.095 <download:863> 92.33
Feb 26 17:37:00.095 <download:863> 92.72
Feb 26 17:37:00.096 <download:863> 93.11
Feb 26 17:37:00.101 <download:863> 93.50
Feb 26 17:37:00.101 <download:863> 93.90
Feb 26 17:37:00.102 <download:863> 94.29
Feb 26 17:37:00.103 <download:863> 94.68
Feb 26 17:37:00.104 <download:863> 95.08
Feb 26 17:37:00.104 <download:863> 95.47
Feb 26 17:37:00.107 <download:863> 95.86
Feb 26 17:37:00.108 <download:863> 96.25
Feb 26 17:37:00.109 <download:863> 96.65
Feb 26 17:37:00.110 <download:863> 97.04
Feb 26 17:37:00.111 <download:863> 97.43
Feb 26 17:37:00.112 <download:863> 97.83
Feb 26 17:37:00.112 <download:863> 98.22
Feb 26 17:37:00.114 <download:863> 98.61
Feb 26 17:37:00.114 <download:863> 99.01
Feb 26 17:37:00.115 <download:863> 99.40
Feb 26 17:37:00.115 <download:863> 99.79
Feb 26 17:37:00.117 <download:863> 100.00
Feb 26 17:37:01.382 <write:907> Downloading: bridges.txt 
Feb 26 17:37:01.385 <download:863> 100.00
Feb 26 17:37:04.920 <write:907> Downloading: obfs4proxy.exe 
Feb 26 17:37:04.922 <download:863> 0.25
Feb 26 17:37:04.955 <download:863> 0.51
Feb 26 17:37:04.961 <download:863> 0.76
Feb 26 17:37:04.983 <download:863> 1.02
Feb 26 17:37:04.984 <download:863> 1.27
Feb 26 17:37:04.991 <download:863> 1.53
Feb 26 17:37:04.991 <download:863> 1.78
Feb 26 17:37:04.997 <download:863> 2.04
Feb 26 17:37:05.003 <download:863> 2.29
Feb 26 17:37:05.003 <download:863> 2.55
Feb 26 17:37:05.015 <download:863> 2.80
Feb 26 17:37:05.016 <download:863> 3.06
Feb 26 17:37:05.022 <download:863> 3.31
Feb 26 17:37:05.022 <download:863> 3.57
Feb 26 17:37:05.031 <download:863> 3.82
Feb 26 17:37:05.035 <download:863> 4.07
Feb 26 17:37:05.035 <download:863> 4.33
Feb 26 17:37:05.045 <download:863> 4.58
Feb 26 17:37:05.046 <download:863> 4.84
Feb 26 17:37:05.054 <download:863> 5.09
Feb 26 17:37:05.054 <download:863> 5.35
Feb 26 17:37:05.059 <download:863> 5.60
Feb 26 17:37:05.060 <download:863> 5.86
Feb 26 17:37:05.061 <download:863> 6.11
Feb 26 17:37:05.064 <download:863> 6.37
Feb 26 17:37:05.064 <download:863> 6.62
Feb 26 17:37:05.066 <download:863> 6.88
Feb 26 17:37:05.066 <download:863> 7.13
Feb 26 17:37:05.068 <download:863> 7.38
Feb 26 17:37:05.068 <download:863> 7.64
Feb 26 17:37:05.070 <download:863> 7.89
Feb 26 17:37:05.076 <download:863> 8.15
Feb 26 17:37:05.077 <download:863> 8.40
Feb 26 17:37:05.078 <download:863> 8.66
Feb 26 17:37:05.079 <download:863> 8.91
Feb 26 17:37:05.083 <download:863> 9.17
Feb 26 17:37:05.083 <download:863> 9.42
Feb 26 17:37:05.085 <download:863> 9.68
Feb 26 17:37:05.085 <download:863> 9.93
Feb 26 17:37:05.090 <download:863> 10.19
Feb 26 17:37:05.092 <download:863> 10.44
Feb 26 17:37:05.092 <download:863> 10.70
Feb 26 17:37:05.093 <download:863> 10.95
Feb 26 17:37:05.093 <download:863> 11.20
Feb 26 17:37:05.094 <download:863> 11.46
Feb 26 17:37:05.095 <download:863> 11.71
Feb 26 17:37:05.096 <download:863> 11.97
Feb 26 17:37:05.096 <download:863> 12.22
Feb 26 17:37:05.097 <download:863> 12.48
Feb 26 17:37:05.099 <download:863> 12.73
Feb 26 17:37:05.099 <download:863> 12.99
Feb 26 17:37:05.100 <download:863> 13.24
Feb 26 17:37:05.100 <download:863> 13.50
Feb 26 17:37:05.101 <download:863> 13.75
Feb 26 17:37:05.102 <download:863> 14.01
Feb 26 17:37:05.103 <download:863> 14.26
Feb 26 17:37:05.104 <download:863> 14.52
Feb 26 17:37:05.105 <download:863> 14.77
Feb 26 17:37:05.109 <download:863> 15.02
Feb 26 17:37:05.109 <download:863> 15.28
Feb 26 17:37:05.112 <download:863> 15.53
Feb 26 17:37:05.112 <download:863> 15.79
Feb 26 17:37:05.115 <download:863> 16.04
Feb 26 17:37:05.115 <download:863> 16.30
Feb 26 17:37:05.116 <download:863> 16.55
Feb 26 17:37:05.118 <download:863> 16.81
Feb 26 17:37:05.118 <download:863> 17.06
Feb 26 17:37:05.122 <download:863> 17.32
Feb 26 17:37:05.123 <download:863> 17.57
Feb 26 17:37:05.124 <download:863> 17.83
Feb 26 17:37:05.124 <download:863> 18.08
Feb 26 17:37:05.127 <download:863> 18.34
Feb 26 17:37:05.128 <download:863> 18.59
Feb 26 17:37:05.129 <download:863> 18.84
Feb 26 17:37:05.130 <download:863> 19.10
Feb 26 17:37:05.130 <download:863> 19.35
Feb 26 17:37:05.131 <download:863> 19.61
Feb 26 17:37:05.132 <download:863> 19.86
Feb 26 17:37:05.133 <download:863> 20.12
Feb 26 17:37:05.133 <download:863> 20.37
Feb 26 17:37:05.134 <download:863> 20.63
Feb 26 17:37:05.136 <download:863> 20.88
Feb 26 17:37:05.136 <download:863> 21.14
Feb 26 17:37:05.137 <download:863> 21.39
Feb 26 17:37:05.138 <download:863> 21.65
Feb 26 17:37:05.138 <download:863> 21.90
Feb 26 17:37:05.139 <download:863> 22.15
Feb 26 17:37:05.141 <download:863> 22.41
Feb 26 17:37:05.141 <download:863> 22.66
Feb 26 17:37:05.144 <download:863> 22.92
Feb 26 17:37:05.149 <download:863> 23.17
Feb 26 17:37:05.149 <download:863> 23.43
Feb 26 17:37:05.150 <download:863> 23.68
Feb 26 17:37:05.150 <download:863> 23.94
Feb 26 17:37:05.155 <download:863> 24.19
Feb 26 17:37:05.155 <download:863> 24.45
Feb 26 17:37:05.156 <download:863> 24.70
Feb 26 17:37:05.159 <download:863> 24.96
Feb 26 17:37:05.159 <download:863> 25.21
Feb 26 17:37:05.160 <download:863> 25.47
Feb 26 17:37:05.161 <download:863> 25.72
Feb 26 17:37:05.163 <download:863> 25.97
Feb 26 17:37:05.163 <download:863> 26.23
Feb 26 17:37:05.164 <download:863> 26.48
Feb 26 17:37:05.164 <download:863> 26.74
Feb 26 17:37:05.166 <download:863> 26.99
Feb 26 17:37:05.167 <download:863> 27.25
Feb 26 17:37:05.167 <download:863> 27.50
Feb 26 17:37:05.168 <download:863> 27.76
Feb 26 17:37:05.169 <download:863> 28.01
Feb 26 17:37:05.170 <download:863> 28.27
Feb 26 17:37:05.170 <download:863> 28.52
Feb 26 17:37:05.171 <download:863> 28.78
Feb 26 17:37:05.173 <download:863> 29.03
Feb 26 17:37:05.173 <download:863> 29.29
Feb 26 17:37:05.177 <download:863> 29.54
Feb 26 17:37:05.177 <download:863> 29.79
Feb 26 17:37:05.179 <download:863> 30.05
Feb 26 17:37:05.179 <download:863> 30.30
Feb 26 17:37:05.181 <download:863> 30.56
Feb 26 17:37:05.181 <download:863> 30.81
Feb 26 17:37:05.182 <download:863> 31.07
Feb 26 17:37:05.187 <download:863> 31.32
Feb 26 17:37:05.188 <download:863> 31.58
Feb 26 17:37:05.188 <download:863> 31.83
Feb 26 17:37:05.189 <download:863> 32.09
Feb 26 17:37:05.191 <download:863> 32.34
Feb 26 17:37:05.191 <download:863> 32.60
Feb 26 17:37:05.195 <download:863> 32.85
Feb 26 17:37:05.196 <download:863> 33.11
Feb 26 17:37:05.197 <download:863> 33.36
Feb 26 17:37:05.198 <download:863> 33.61
Feb 26 17:37:05.199 <download:863> 33.87
Feb 26 17:37:05.200 <download:863> 34.12
Feb 26 17:37:05.200 <download:863> 34.38
Feb 26 17:37:05.201 <download:863> 34.63
Feb 26 17:37:05.202 <download:863> 34.89
Feb 26 17:37:05.202 <download:863> 35.14
Feb 26 17:37:05.204 <download:863> 35.40
Feb 26 17:37:05.204 <download:863> 35.65
Feb 26 17:37:05.205 <download:863> 35.91
Feb 26 17:37:05.206 <download:863> 36.16
Feb 26 17:37:05.207 <download:863> 36.42
Feb 26 17:37:05.207 <download:863> 36.67
Feb 26 17:37:05.208 <download:863> 36.92
Feb 26 17:37:05.208 <download:863> 37.18
Feb 26 17:37:05.209 <download:863> 37.43
Feb 26 17:37:05.213 <download:863> 37.69
Feb 26 17:37:05.214 <download:863> 37.94
Feb 26 17:37:05.215 <download:863> 38.20
Feb 26 17:37:05.215 <download:863> 38.45
Feb 26 17:37:05.217 <download:863> 38.71
Feb 26 17:37:05.218 <download:863> 38.96
Feb 26 17:37:05.221 <download:863> 39.22
Feb 26 17:37:05.225 <download:863> 39.47
Feb 26 17:37:05.226 <download:863> 39.73
Feb 26 17:37:05.226 <download:863> 39.98
Feb 26 17:37:05.227 <download:863> 40.24
Feb 26 17:37:05.229 <download:863> 40.49
Feb 26 17:37:05.230 <download:863> 40.74
Feb 26 17:37:05.231 <download:863> 41.00
Feb 26 17:37:05.231 <download:863> 41.25
Feb 26 17:37:05.233 <download:863> 41.51
Feb 26 17:37:05.235 <download:863> 41.76
Feb 26 17:37:05.235 <download:863> 42.02
Feb 26 17:37:05.236 <download:863> 42.27
Feb 26 17:37:05.236 <download:863> 42.53
Feb 26 17:37:05.238 <download:863> 42.78
Feb 26 17:37:05.238 <download:863> 43.04
Feb 26 17:37:05.239 <download:863> 43.29
Feb 26 17:37:05.239 <download:863> 43.55
Feb 26 17:37:05.240 <download:863> 43.80
Feb 26 17:37:05.242 <download:863> 44.06
Feb 26 17:37:05.242 <download:863> 44.31
Feb 26 17:37:05.243 <download:863> 44.56
Feb 26 17:37:05.243 <download:863> 44.82
Feb 26 17:37:05.245 <download:863> 45.07
Feb 26 17:37:05.246 <download:863> 45.33
Feb 26 17:37:05.249 <download:863> 45.58
Feb 26 17:37:05.250 <download:863> 45.84
Feb 26 17:37:05.251 <download:863> 46.09
Feb 26 17:37:05.252 <download:863> 46.35
Feb 26 17:37:05.252 <download:863> 46.60
Feb 26 17:37:05.257 <download:863> 46.86
Feb 26 17:37:05.257 <download:863> 47.11
Feb 26 17:37:05.258 <download:863> 47.37
Feb 26 17:37:05.259 <download:863> 47.62
Feb 26 17:37:05.261 <download:863> 47.88
Feb 26 17:37:05.263 <download:863> 48.13
Feb 26 17:37:05.263 <download:863> 48.38
Feb 26 17:37:05.266 <download:863> 48.64
Feb 26 17:37:05.266 <download:863> 48.89
Feb 26 17:37:05.269 <download:863> 49.15
Feb 26 17:37:05.269 <download:863> 49.40
Feb 26 17:37:05.270 <download:863> 49.66
Feb 26 17:37:05.271 <download:863> 49.91
Feb 26 17:37:05.272 <download:863> 50.17
Feb 26 17:37:05.273 <download:863> 50.42
Feb 26 17:37:05.273 <download:863> 50.68
Feb 26 17:37:05.274 <download:863> 50.93
Feb 26 17:37:05.275 <download:863> 51.19
Feb 26 17:37:05.275 <download:859> 51.44
Feb 26 17:37:05.276 <download:863> 51.69
Feb 26 17:37:05.277 <download:863> 51.95
Feb 26 17:37:05.278 <download:863> 52.20
Feb 26 17:37:05.279 <download:863> 52.46
Feb 26 17:37:05.283 <download:863> 52.71
Feb 26 17:37:05.283 <download:863> 52.97
Feb 26 17:37:05.284 <download:863> 53.22
Feb 26 17:37:05.284 <download:863> 53.48
Feb 26 17:37:05.285 <download:863> 53.73
Feb 26 17:37:05.286 <download:863> 53.99
Feb 26 17:37:05.289 <download:863> 54.24
Feb 26 17:37:05.291 <download:863> 54.50
Feb 26 17:37:05.291 <download:863> 54.75
Feb 26 17:37:05.294 <download:863> 55.01
Feb 26 17:37:05.295 <download:863> 55.26
Feb 26 17:37:05.298 <download:863> 55.51
Feb 26 17:37:05.299 <download:863> 55.77
Feb 26 17:37:05.300 <download:863> 56.02
Feb 26 17:37:05.303 <download:863> 56.28
Feb 26 17:37:05.303 <download:863> 56.53
Feb 26 17:37:05.304 <download:863> 56.79
Feb 26 17:37:05.305 <download:863> 57.04
Feb 26 17:37:05.306 <download:863> 57.30
Feb 26 17:37:05.306 <download:863> 57.55
Feb 26 17:37:05.307 <download:863> 57.81
Feb 26 17:37:05.308 <download:863> 58.06
Feb 26 17:37:05.309 <download:863> 58.32
Feb 26 17:37:05.310 <download:863> 58.57
Feb 26 17:37:05.310 <download:863> 58.83
Feb 26 17:37:05.311 <download:863> 59.08
Feb 26 17:37:05.312 <download:863> 59.33
Feb 26 17:37:05.312 <download:863> 59.59
Feb 26 17:37:05.313 <download:863> 59.84
Feb 26 17:37:05.316 <download:863> 60.10
Feb 26 17:37:05.317 <download:863> 60.35
Feb 26 17:37:05.318 <download:863> 60.61
Feb 26 17:37:05.321 <download:863> 60.86
Feb 26 17:37:05.321 <download:863> 61.12
Feb 26 17:37:05.325 <download:863> 61.37
Feb 26 17:37:05.325 <download:863> 61.63
Feb 26 17:37:05.326 <download:863> 61.88
Feb 26 17:37:05.327 <download:863> 62.14
Feb 26 17:37:05.328 <download:863> 62.39
Feb 26 17:37:05.331 <download:863> 62.64
Feb 26 17:37:05.331 <download:863> 62.90
Feb 26 17:37:05.332 <download:863> 63.15
Feb 26 17:37:05.333 <download:863> 63.41
Feb 26 17:37:05.335 <download:863> 63.66
Feb 26 17:37:05.335 <download:863> 63.92
Feb 26 17:37:05.336 <download:863> 64.17
Feb 26 17:37:05.337 <download:863> 64.43
Feb 26 17:37:05.339 <download:863> 64.68
Feb 26 17:37:05.340 <download:863> 64.94
Feb 26 17:37:05.341 <download:863> 65.19
Feb 26 17:37:05.343 <download:863> 65.45
Feb 26 17:37:05.343 <download:863> 65.70
Feb 26 17:37:05.344 <download:863> 65.96
Feb 26 17:37:05.344 <download:863> 66.21
Feb 26 17:37:05.349 <download:863> 66.46
Feb 26 17:37:05.351 <download:863> 66.72
Feb 26 17:37:05.351 <download:863> 66.97
Feb 26 17:37:05.352 <download:863> 67.23
Feb 26 17:37:05.353 <download:863> 67.48
Feb 26 17:37:05.354 <download:863> 67.74
Feb 26 17:37:05.354 <download:863> 67.99
Feb 26 17:37:05.355 <download:863> 68.25
Feb 26 17:37:05.355 <download:863> 68.50
Feb 26 17:37:05.356 <download:863> 68.76
Feb 26 17:37:05.358 <download:863> 69.01
Feb 26 17:37:05.358 <download:863> 69.27
Feb 26 17:37:05.359 <download:863> 69.52
Feb 26 17:37:05.359 <download:863> 69.78
Feb 26 17:37:05.363 <download:863> 70.03
Feb 26 17:37:05.364 <download:863> 70.28
Feb 26 17:37:05.364 <download:863> 70.54
Feb 26 17:37:05.367 <download:863> 70.79
Feb 26 17:37:05.367 <download:863> 71.05
Feb 26 17:37:05.368 <download:863> 71.30
Feb 26 17:37:05.368 <download:863> 71.56
Feb 26 17:37:05.371 <download:863> 71.81
Feb 26 17:37:05.371 <download:863> 72.07
Feb 26 17:37:05.373 <download:863> 72.32
Feb 26 17:37:05.373 <download:863> 72.58
Feb 26 17:37:05.375 <download:863> 72.83
Feb 26 17:37:05.376 <download:863> 73.09
Feb 26 17:37:05.377 <download:863> 73.34
Feb 26 17:37:05.381 <download:863> 73.60
Feb 26 17:37:05.382 <download:863> 73.85
Feb 26 17:37:05.383 <download:863> 74.10
Feb 26 17:37:05.383 <download:863> 74.36
Feb 26 17:37:05.386 <download:863> 74.61
Feb 26 17:37:05.386 <download:863> 74.87
Feb 26 17:37:05.387 <download:863> 75.12
Feb 26 17:37:05.389 <download:863> 75.38
Feb 26 17:37:05.390 <download:863> 75.63
Feb 26 17:37:05.391 <download:863> 75.89
Feb 26 17:37:05.391 <download:863> 76.14
Feb 26 17:37:05.392 <download:863> 76.40
Feb 26 17:37:05.393 <download:863> 76.65
Feb 26 17:37:05.394 <download:863> 76.91
Feb 26 17:37:05.395 <download:863> 77.16
Feb 26 17:37:05.396 <download:863> 77.41
Feb 26 17:37:05.397 <download:863> 77.67
Feb 26 17:37:05.397 <download:863> 77.92
Feb 26 17:37:05.400 <download:863> 78.18
Feb 26 17:37:05.400 <download:863> 78.43
Feb 26 17:37:05.401 <download:863> 78.69
Feb 26 17:37:05.401 <download:863> 78.94
Feb 26 17:37:05.403 <download:863> 79.20
Feb 26 17:37:05.406 <download:863> 79.45
Feb 26 17:37:05.406 <download:863> 79.71
Feb 26 17:37:05.407 <download:863> 79.96
Feb 26 17:37:05.407 <download:863> 80.22
Feb 26 17:37:05.408 <download:863> 80.47
Feb 26 17:37:05.409 <download:863> 80.73
Feb 26 17:37:05.414 <download:863> 80.98
Feb 26 17:37:05.416 <download:863> 81.23
Feb 26 17:37:05.417 <download:863> 81.49
Feb 26 17:37:05.418 <download:863> 81.74
Feb 26 17:37:05.418 <download:863> 82.00
Feb 26 17:37:05.419 <download:863> 82.25
Feb 26 17:37:05.419 <download:863> 82.51
Feb 26 17:37:05.422 <download:863> 82.76
Feb 26 17:37:05.422 <download:863> 83.02
Feb 26 17:37:05.424 <download:863> 83.27
Feb 26 17:37:05.426 <download:863> 83.53
Feb 26 17:37:05.426 <download:863> 83.78
Feb 26 17:37:05.427 <download:863> 84.04
Feb 26 17:37:05.427 <download:863> 84.29
Feb 26 17:37:05.428 <download:863> 84.55
Feb 26 17:37:05.429 <download:863> 84.80
Feb 26 17:37:05.430 <download:863> 85.05
Feb 26 17:37:05.431 <download:863> 85.31
Feb 26 17:37:05.432 <download:863> 85.56
Feb 26 17:37:05.434 <download:863> 85.82
Feb 26 17:37:05.435 <download:863> 86.07
Feb 26 17:37:05.436 <download:863> 86.33
Feb 26 17:37:05.436 <download:863> 86.58
Feb 26 17:37:05.438 <download:863> 86.84
Feb 26 17:37:05.438 <download:863> 87.09
Feb 26 17:37:05.439 <download:863> 87.35
Feb 26 17:37:05.444 <download:863> 87.60
Feb 26 17:37:05.445 <download:863> 87.86
Feb 26 17:37:05.446 <download:863> 88.11
Feb 26 17:37:05.446 <download:863> 88.37
Feb 26 17:37:05.449 <download:863> 88.62
Feb 26 17:37:05.449 <download:863> 88.87
Feb 26 17:37:05.450 <download:863> 89.13
Feb 26 17:37:05.451 <download:863> 89.38
Feb 26 17:37:05.452 <download:863> 89.64
Feb 26 17:37:05.459 <download:863> 89.89
Feb 26 17:37:05.459 <download:863> 90.15
Feb 26 17:37:05.460 <download:863> 90.40
Feb 26 17:37:05.461 <download:863> 90.66
Feb 26 17:37:05.462 <download:863> 90.91
Feb 26 17:37:05.462 <download:863> 91.17
Feb 26 17:37:05.463 <download:863> 91.42
Feb 26 17:37:05.465 <download:863> 91.68
Feb 26 17:37:05.465 <download:863> 91.93
Feb 26 17:37:05.466 <download:863> 92.18
Feb 26 17:37:05.467 <download:863> 92.44
Feb 26 17:37:05.467 <download:863> 92.69
Feb 26 17:37:05.468 <download:863> 92.95
Feb 26 17:37:05.469 <download:863> 93.20
Feb 26 17:37:05.469 <download:863> 93.46
Feb 26 17:37:05.470 <download:863> 93.71
Feb 26 17:37:05.473 <download:863> 93.97
Feb 26 17:37:05.473 <download:863> 94.22
Feb 26 17:37:05.474 <download:863> 94.48
Feb 26 17:37:05.475 <download:863> 94.73
Feb 26 17:37:05.477 <download:863> 94.99
Feb 26 17:37:05.477 <download:863> 95.24
Feb 26 17:37:05.479 <download:863> 95.50
Feb 26 17:37:05.480 <download:863> 95.75
Feb 26 17:37:05.481 <download:863> 96.00
Feb 26 17:37:05.484 <download:863> 96.26
Feb 26 17:37:05.484 <download:863> 96.51
Feb 26 17:37:05.491 <download:863> 96.77
Feb 26 17:37:05.491 <download:863> 97.02
Feb 26 17:37:05.492 <download:863> 97.28
Feb 26 17:37:05.493 <download:863> 97.53
Feb 26 17:37:05.495 <download:863> 97.79
Feb 26 17:37:05.496 <download:863> 98.04
Feb 26 17:37:05.497 <download:863> 98.30
Feb 26 17:37:05.498 <download:863> 98.55
Feb 26 17:37:05.498 <download:863> 98.81
Feb 26 17:37:05.499 <download:863> 99.06
Feb 26 17:37:05.500 <download:863> 99.32
Feb 26 17:37:05.500 <download:863> 99.57
Feb 26 17:37:05.501 <download:863> 99.82
Feb 26 17:37:05.503 <download:863> 100.00
Feb 26 17:37:06.750 <write:907> Downloading: libeay32.dll 
Feb 26 17:37:06.751 <download:863> 0.29
Feb 26 17:37:06.781 <download:863> 0.57
Feb 26 17:37:06.787 <download:863> 0.86
Feb 26 17:37:06.811 <download:863> 1.15
Feb 26 17:37:06.812 <download:863> 1.44
Feb 26 17:37:06.818 <download:863> 1.72
Feb 26 17:37:06.819 <download:863> 2.01
Feb 26 17:37:06.824 <download:863> 2.30
Feb 26 17:37:06.829 <download:863> 2.59
Feb 26 17:37:06.829 <download:863> 2.87
Feb 26 17:37:06.842 <download:863> 3.16
Feb 26 17:37:06.842 <download:863> 3.45
Feb 26 17:37:06.850 <download:863> 3.74
Feb 26 17:37:06.851 <download:863> 4.02
Feb 26 17:37:06.857 <download:863> 4.31
Feb 26 17:37:06.861 <download:863> 4.60
Feb 26 17:37:06.861 <download:863> 4.89
Feb 26 17:37:06.862 <download:863> 5.17
Feb 26 17:37:06.863 <download:863> 5.46
Feb 26 17:37:06.865 <download:863> 5.75
Feb 26 17:37:06.866 <download:863> 6.04
Feb 26 17:37:06.867 <download:863> 6.32
Feb 26 17:37:06.868 <download:863> 6.61
Feb 26 17:37:06.869 <download:863> 6.90
Feb 26 17:37:06.872 <download:863> 7.19
Feb 26 17:37:06.872 <download:863> 7.47
Feb 26 17:37:06.877 <download:863> 7.76
Feb 26 17:37:06.878 <download:863> 8.05
Feb 26 17:37:06.883 <download:863> 8.34
Feb 26 17:37:06.883 <download:863> 8.62
Feb 26 17:37:06.889 <download:863> 8.91
Feb 26 17:37:06.890 <download:863> 9.20
Feb 26 17:37:06.891 <download:863> 9.49
Feb 26 17:37:06.892 <download:863> 9.77
Feb 26 17:37:06.892 <download:863> 10.06
Feb 26 17:37:06.893 <download:863> 10.35
Feb 26 17:37:06.894 <download:863> 10.64
Feb 26 17:37:06.895 <download:863> 10.92
Feb 26 17:37:06.895 <download:863> 11.21
Feb 26 17:37:06.896 <download:863> 11.50
Feb 26 17:37:06.897 <download:863> 11.79
Feb 26 17:37:06.898 <download:863> 12.07
Feb 26 17:37:06.899 <download:863> 12.36
Feb 26 17:37:06.900 <download:863> 12.65
Feb 26 17:37:06.901 <download:863> 12.94
Feb 26 17:37:06.901 <download:863> 13.22
Feb 26 17:37:06.902 <download:863> 13.51
Feb 26 17:37:06.902 <download:863> 13.80
Feb 26 17:37:06.903 <download:863> 14.09
Feb 26 17:37:06.905 <download:863> 14.37
Feb 26 17:37:06.905 <download:863> 14.66
Feb 26 17:37:06.906 <download:863> 14.95
Feb 26 17:37:06.907 <download:863> 15.24
Feb 26 17:37:06.908 <download:863> 15.52
Feb 26 17:37:06.908 <download:863> 15.81
Feb 26 17:37:06.910 <download:863> 16.10
Feb 26 17:37:06.917 <download:863> 16.39
Feb 26 17:37:06.918 <download:863> 16.67
Feb 26 17:37:06.919 <download:863> 16.96
Feb 26 17:37:06.920 <download:863> 17.25
Feb 26 17:37:06.921 <download:863> 17.54
Feb 26 17:37:06.921 <download:863> 17.82
Feb 26 17:37:06.922 <download:863> 18.11
Feb 26 17:37:06.923 <download:863> 18.40
Feb 26 17:37:06.924 <download:863> 18.69
Feb 26 17:37:06.925 <download:863> 18.97
Feb 26 17:37:06.926 <download:863> 19.26
Feb 26 17:37:06.929 <download:863> 19.55
Feb 26 17:37:06.929 <download:863> 19.84
Feb 26 17:37:06.930 <download:863> 20.12
Feb 26 17:37:06.931 <download:863> 20.41
Feb 26 17:37:06.932 <download:863> 20.70
Feb 26 17:37:06.933 <download:863> 20.99
Feb 26 17:37:06.933 <download:863> 21.27
Feb 26 17:37:06.934 <download:863> 21.56
Feb 26 17:37:06.935 <download:863> 21.85
Feb 26 17:37:06.937 <download:863> 22.14
Feb 26 17:37:06.938 <download:863> 22.42
Feb 26 17:37:06.939 <download:863> 22.71
Feb 26 17:37:06.939 <download:863> 23.00
Feb 26 17:37:06.940 <download:863> 23.29
Feb 26 17:37:06.942 <download:863> 23.57
Feb 26 17:37:06.942 <download:863> 23.86
Feb 26 17:37:06.947 <download:863> 24.15
Feb 26 17:37:06.947 <download:863> 24.44
Feb 26 17:37:06.950 <download:863> 24.72
Feb 26 17:37:06.950 <download:863> 25.01
Feb 26 17:37:06.951 <download:863> 25.30
Feb 26 17:37:06.952 <download:863> 25.58
Feb 26 17:37:06.953 <download:863> 25.87
Feb 26 17:37:06.954 <download:863> 26.16
Feb 26 17:37:06.955 <download:863> 26.45
Feb 26 17:37:06.957 <download:863> 26.73
Feb 26 17:37:06.957 <download:863> 27.02
Feb 26 17:37:06.958 <download:863> 27.31
Feb 26 17:37:06.958 <download:863> 27.60
Feb 26 17:37:06.961 <download:863> 27.88
Feb 26 17:37:06.962 <download:863> 28.17
Feb 26 17:37:06.963 <download:863> 28.46
Feb 26 17:37:06.964 <download:863> 28.75
Feb 26 17:37:06.965 <download:863> 29.03
Feb 26 17:37:06.966 <download:863> 29.32
Feb 26 17:37:06.966 <download:863> 29.61
Feb 26 17:37:06.968 <download:863> 29.90
Feb 26 17:37:06.968 <download:863> 30.18
Feb 26 17:37:06.969 <download:863> 30.47
Feb 26 17:37:06.971 <download:863> 30.76
Feb 26 17:37:06.971 <download:863> 31.05
Feb 26 17:37:06.973 <download:863> 31.33
Feb 26 17:37:06.973 <download:863> 31.62
Feb 26 17:37:06.977 <download:863> 31.91
Feb 26 17:37:06.977 <download:863> 32.20
Feb 26 17:37:06.978 <download:863> 32.48
Feb 26 17:37:06.979 <download:863> 32.77
Feb 26 17:37:06.980 <download:863> 33.06
Feb 26 17:37:06.985 <download:863> 33.35
Feb 26 17:37:06.985 <download:863> 33.63
Feb 26 17:37:06.986 <download:863> 33.92
Feb 26 17:37:06.987 <download:863> 34.21
Feb 26 17:37:06.988 <download:863> 34.50
Feb 26 17:37:06.988 <download:863> 34.78
Feb 26 17:37:06.989 <download:863> 35.07
Feb 26 17:37:06.991 <download:863> 35.36
Feb 26 17:37:06.991 <download:863> 35.65
Feb 26 17:37:06.994 <download:863> 35.93
Feb 26 17:37:06.995 <download:863> 36.22
Feb 26 17:37:06.996 <download:863> 36.51
Feb 26 17:37:06.996 <download:863> 36.80
Feb 26 17:37:06.997 <download:863> 37.08
Feb 26 17:37:06.998 <download:863> 37.37
Feb 26 17:37:06.999 <download:863> 37.66
Feb 26 17:37:07.000 <download:863> 37.95
Feb 26 17:37:07.001 <download:863> 38.23
Feb 26 17:37:07.002 <download:863> 38.52
Feb 26 17:37:07.002 <download:863> 38.81
Feb 26 17:37:07.004 <download:863> 39.10
Feb 26 17:37:07.005 <download:863> 39.38
Feb 26 17:37:07.006 <download:863> 39.67
Feb 26 17:37:07.007 <download:863> 39.96
Feb 26 17:37:07.008 <download:863> 40.25
Feb 26 17:37:07.011 <download:863> 40.53
Feb 26 17:37:07.011 <download:863> 40.82
Feb 26 17:37:07.015 <download:863> 41.11
Feb 26 17:37:07.015 <download:863> 41.40
Feb 26 17:37:07.016 <download:863> 41.68
Feb 26 17:37:07.016 <download:863> 41.97
Feb 26 17:37:07.017 <download:863> 42.26
Feb 26 17:37:07.019 <download:863> 42.55
Feb 26 17:37:07.019 <download:863> 42.83
Feb 26 17:37:07.022 <download:863> 43.12
Feb 26 17:37:07.023 <download:863> 43.41
Feb 26 17:37:07.023 <download:863> 43.70
Feb 26 17:37:07.024 <download:863> 43.98
Feb 26 17:37:07.026 <download:863> 44.27
Feb 26 17:37:07.027 <download:863> 44.56
Feb 26 17:37:07.028 <download:863> 44.85
Feb 26 17:37:07.029 <download:863> 45.13
Feb 26 17:37:07.029 <download:863> 45.42
Feb 26 17:37:07.031 <download:863> 45.71
Feb 26 17:37:07.032 <download:863> 46.00
Feb 26 17:37:07.033 <download:863> 46.28
Feb 26 17:37:07.033 <download:863> 46.57
Feb 26 17:37:07.034 <download:863> 46.86
Feb 26 17:37:07.037 <download:863> 47.15
Feb 26 17:37:07.037 <download:863> 47.43
Feb 26 17:37:07.039 <download:863> 47.72
Feb 26 17:37:07.039 <download:863> 48.01
Feb 26 17:37:07.042 <download:863> 48.30
Feb 26 17:37:07.043 <download:863> 48.58
Feb 26 17:37:07.044 <download:863> 48.87
Feb 26 17:37:07.044 <download:863> 49.16
Feb 26 17:37:07.047 <download:863> 49.45
Feb 26 17:37:07.048 <download:863> 49.73
Feb 26 17:37:07.049 <download:863> 50.02
Feb 26 17:37:07.050 <download:863> 50.31
Feb 26 17:37:07.050 <download:863> 50.60
Feb 26 17:37:07.051 <download:863> 50.88
Feb 26 17:37:07.052 <download:863> 51.17
Feb 26 17:37:07.053 <download:863> 51.46
Feb 26 17:37:07.055 <download:863> 51.74
Feb 26 17:37:07.055 <download:863> 52.03
Feb 26 17:37:07.060 <download:863> 52.32
Feb 26 17:37:07.061 <download:863> 52.61
Feb 26 17:37:07.061 <download:863> 52.89
Feb 26 17:37:07.062 <download:863> 53.18
Feb 26 17:37:07.063 <download:863> 53.47
Feb 26 17:37:07.064 <download:863> 53.76
Feb 26 17:37:07.064 <download:863> 54.04
Feb 26 17:37:07.066 <download:863> 54.33
Feb 26 17:37:07.066 <download:863> 54.62
Feb 26 17:37:07.067 <download:863> 54.91
Feb 26 17:37:07.068 <download:863> 55.19
Feb 26 17:37:07.070 <download:863> 55.48
Feb 26 17:37:07.071 <download:863> 55.77
Feb 26 17:37:07.072 <download:863> 56.06
Feb 26 17:37:07.073 <download:863> 56.34
Feb 26 17:37:07.074 <download:863> 56.63
Feb 26 17:37:07.075 <download:863> 56.92
Feb 26 17:37:07.075 <download:863> 57.21
Feb 26 17:37:07.080 <download:863> 57.49
Feb 26 17:37:07.081 <download:863> 57.78
Feb 26 17:37:07.082 <download:859> 58.07
Feb 26 17:37:07.082 <download:863> 58.36
Feb 26 17:37:07.083 <download:863> 58.64
Feb 26 17:37:07.085 <download:863> 58.93
Feb 26 17:37:07.085 <download:863> 59.22
Feb 26 17:37:07.086 <download:863> 59.51
Feb 26 17:37:07.087 <download:863> 59.79
Feb 26 17:37:07.090 <download:863> 60.08
Feb 26 17:37:07.091 <download:863> 60.37
Feb 26 17:37:07.092 <download:863> 60.66
Feb 26 17:37:07.092 <download:863> 60.94
Feb 26 17:37:07.096 <download:863> 61.23
Feb 26 17:37:07.097 <download:863> 61.52
Feb 26 17:37:07.098 <download:863> 61.81
Feb 26 17:37:07.098 <download:863> 62.09
Feb 26 17:37:07.099 <download:863> 62.38
Feb 26 17:37:07.100 <download:863> 62.67
Feb 26 17:37:07.100 <download:863> 62.96
Feb 26 17:37:07.101 <download:863> 63.24
Feb 26 17:37:07.103 <download:863> 63.53
Feb 26 17:37:07.103 <download:863> 63.82
Feb 26 17:37:07.104 <download:863> 64.11
Feb 26 17:37:07.105 <download:863> 64.39
Feb 26 17:37:07.108 <download:863> 64.68
Feb 26 17:37:07.108 <download:863> 64.97
Feb 26 17:37:07.111 <download:863> 65.26
Feb 26 17:37:07.111 <download:863> 65.54
Feb 26 17:37:07.112 <download:863> 65.83
Feb 26 17:37:07.114 <download:863> 66.12
Feb 26 17:37:07.114 <download:863> 66.41
Feb 26 17:37:07.115 <download:863> 66.69
Feb 26 17:37:07.116 <download:863> 66.98
Feb 26 17:37:07.116 <download:863> 67.27
Feb 26 17:37:07.117 <download:863> 67.56
Feb 26 17:37:07.121 <download:863> 67.84
Feb 26 17:37:07.123 <download:863> 68.13
Feb 26 17:37:07.123 <download:863> 68.42
Feb 26 17:37:07.124 <download:863> 68.71
Feb 26 17:37:07.124 <download:863> 68.99
Feb 26 17:37:07.125 <download:863> 69.28
Feb 26 17:37:07.126 <download:863> 69.57
Feb 26 17:37:07.128 <download:863> 69.86
Feb 26 17:37:07.128 <download:863> 70.14
Feb 26 17:37:07.131 <download:863> 70.43
Feb 26 17:37:07.133 <download:863> 70.72
Feb 26 17:37:07.133 <download:863> 71.01
Feb 26 17:37:07.134 <download:863> 71.29
Feb 26 17:37:07.135 <download:863> 71.58
Feb 26 17:37:07.136 <download:863> 71.87
Feb 26 17:37:07.136 <download:863> 72.16
Feb 26 17:37:07.139 <download:863> 72.44
Feb 26 17:37:07.139 <download:863> 72.73
Feb 26 17:37:07.142 <download:863> 73.02
Feb 26 17:37:07.145 <download:863> 73.31
Feb 26 17:37:07.145 <download:863> 73.59
Feb 26 17:37:07.146 <download:863> 73.88
Feb 26 17:37:07.147 <download:863> 74.17
Feb 26 17:37:07.147 <download:863> 74.46
Feb 26 17:37:07.148 <download:863> 74.74
Feb 26 17:37:07.149 <download:863> 75.03
Feb 26 17:37:07.150 <download:863> 75.32
Feb 26 17:37:07.151 <download:863> 75.61
Feb 26 17:37:07.152 <download:863> 75.89
Feb 26 17:37:07.152 <download:863> 76.18
Feb 26 17:37:07.158 <download:863> 76.47
Feb 26 17:37:07.159 <download:863> 76.75
Feb 26 17:37:07.160 <download:863> 77.04
Feb 26 17:37:07.160 <download:863> 77.33
Feb 26 17:37:07.161 <download:863> 77.62
Feb 26 17:37:07.163 <download:863> 77.90
Feb 26 17:37:07.163 <download:863> 78.19
Feb 26 17:37:07.164 <download:863> 78.48
Feb 26 17:37:07.164 <download:863> 78.77
Feb 26 17:37:07.166 <download:863> 79.05
Feb 26 17:37:07.166 <download:863> 79.34
Feb 26 17:37:07.168 <download:863> 79.63
Feb 26 17:37:07.169 <download:863> 79.92
Feb 26 17:37:07.169 <download:863> 80.20
Feb 26 17:37:07.171 <download:863> 80.49
Feb 26 17:37:07.171 <download:863> 80.78
Feb 26 17:37:07.172 <download:863> 81.07
Feb 26 17:37:07.173 <download:863> 81.35
Feb 26 17:37:07.175 <download:863> 81.64
Feb 26 17:37:07.175 <download:863> 81.93
Feb 26 17:37:07.179 <download:863> 82.22
Feb 26 17:37:07.180 <download:863> 82.50
Feb 26 17:37:07.181 <download:863> 82.79
Feb 26 17:37:07.182 <download:863> 83.08
Feb 26 17:37:07.182 <download:863> 83.37
Feb 26 17:37:07.187 <download:863> 83.65
Feb 26 17:37:07.188 <download:863> 83.94
Feb 26 17:37:07.188 <download:863> 84.23
Feb 26 17:37:07.189 <download:863> 84.52
Feb 26 17:37:07.192 <download:863> 84.80
Feb 26 17:37:07.193 <download:863> 85.09
Feb 26 17:37:07.194 <download:863> 85.38
Feb 26 17:37:07.195 <download:863> 85.67
Feb 26 17:37:07.195 <download:863> 85.95
Feb 26 17:37:07.196 <download:863> 86.24
Feb 26 17:37:07.197 <download:863> 86.53
Feb 26 17:37:07.199 <download:863> 86.82
Feb 26 17:37:07.200 <download:863> 87.10
Feb 26 17:37:07.200 <download:863> 87.39
Feb 26 17:37:07.201 <download:863> 87.68
Feb 26 17:37:07.202 <download:863> 87.97
Feb 26 17:37:07.203 <download:863> 88.25
Feb 26 17:37:07.203 <download:863> 88.54
Feb 26 17:37:07.205 <download:863> 88.83
Feb 26 17:37:07.206 <download:863> 89.12
Feb 26 17:37:07.207 <download:863> 89.40
Feb 26 17:37:07.209 <download:863> 89.69
Feb 26 17:37:07.210 <download:863> 89.98
Feb 26 17:37:07.210 <download:863> 90.27
Feb 26 17:37:07.211 <download:863> 90.55
Feb 26 17:37:07.213 <download:863> 90.84
Feb 26 17:37:07.213 <download:863> 91.13
Feb 26 17:37:07.214 <download:863> 91.42
Feb 26 17:37:07.221 <download:863> 91.70
Feb 26 17:37:07.222 <download:863> 91.99
Feb 26 17:37:07.223 <download:863> 92.28
Feb 26 17:37:07.223 <download:863> 92.57
Feb 26 17:37:07.224 <download:863> 92.85
Feb 26 17:37:07.224 <download:863> 93.14
Feb 26 17:37:07.229 <download:863> 93.43
Feb 26 17:37:07.229 <download:863> 93.72
Feb 26 17:37:07.230 <download:863> 94.00
Feb 26 17:37:07.232 <download:863> 94.29
Feb 26 17:37:07.232 <download:863> 94.58
Feb 26 17:37:07.233 <download:863> 94.87
Feb 26 17:37:07.234 <download:863> 95.15
Feb 26 17:37:07.235 <download:863> 95.44
Feb 26 17:37:07.235 <download:863> 95.73
Feb 26 17:37:07.237 <download:863> 96.02
Feb 26 17:37:07.237 <download:863> 96.30
Feb 26 17:37:07.238 <download:863> 96.59
Feb 26 17:37:07.240 <download:863> 96.88
Feb 26 17:37:07.240 <download:863> 97.17
Feb 26 17:37:07.241 <download:863> 97.45
Feb 26 17:37:07.241 <download:863> 97.74
Feb 26 17:37:07.242 <download:863> 98.03
Feb 26 17:37:07.243 <download:863> 98.32
Feb 26 17:37:07.244 <download:863> 98.60
Feb 26 17:37:07.245 <download:863> 98.89
Feb 26 17:37:07.246 <download:863> 99.18
Feb 26 17:37:07.249 <download:863> 99.47
Feb 26 17:37:07.249 <download:863> 99.75
Feb 26 17:37:07.251 <download:863> 100.00
Feb 26 17:37:08.335 <write:907> Downloading: libevent-2-0-5.dll 
Feb 26 17:37:08.337 <download:863> 1.28
Feb 26 17:37:08.365 <download:863> 2.55
Feb 26 17:37:08.370 <download:863> 3.83
Feb 26 17:37:08.393 <download:863> 5.11
Feb 26 17:37:08.393 <download:863> 6.38
Feb 26 17:37:08.403 <download:863> 7.66
Feb 26 17:37:08.404 <download:863> 8.93
Feb 26 17:37:08.409 <download:863> 10.21
Feb 26 17:37:08.420 <download:863> 11.49
Feb 26 17:37:08.421 <download:863> 12.76
Feb 26 17:37:08.426 <download:863> 14.04
Feb 26 17:37:08.427 <download:863> 15.32
Feb 26 17:37:08.434 <download:863> 16.59
Feb 26 17:37:08.434 <download:863> 17.87
Feb 26 17:37:08.440 <download:863> 19.15
Feb 26 17:37:08.453 <download:863> 20.42
Feb 26 17:37:08.453 <download:863> 21.70
Feb 26 17:37:08.458 <download:863> 22.98
Feb 26 17:37:08.458 <download:863> 24.25
Feb 26 17:37:08.463 <download:863> 25.53
Feb 26 17:37:08.463 <download:863> 26.80
Feb 26 17:37:08.469 <download:863> 28.08
Feb 26 17:37:08.469 <download:863> 29.36
Feb 26 17:37:08.483 <download:863> 30.63
Feb 26 17:37:08.484 <download:863> 31.91
Feb 26 17:37:08.485 <download:863> 33.19
Feb 26 17:37:08.486 <download:863> 34.46
Feb 26 17:37:08.486 <download:863> 35.74
Feb 26 17:37:08.488 <download:863> 37.02
Feb 26 17:37:08.488 <download:863> 38.29
Feb 26 17:37:08.489 <download:863> 39.57
Feb 26 17:37:08.491 <download:863> 40.84
Feb 26 17:37:08.491 <download:863> 42.12
Feb 26 17:37:08.492 <download:863> 43.40
Feb 26 17:37:08.493 <download:863> 44.67
Feb 26 17:37:08.493 <download:863> 45.95
Feb 26 17:37:08.494 <download:863> 47.23
Feb 26 17:37:08.495 <download:863> 48.50
Feb 26 17:37:08.496 <download:863> 49.78
Feb 26 17:37:08.497 <download:863> 51.06
Feb 26 17:37:08.500 <download:863> 52.33
Feb 26 17:37:08.501 <download:863> 53.61
Feb 26 17:37:08.502 <download:863> 54.89
Feb 26 17:37:08.502 <download:863> 56.16
Feb 26 17:37:08.515 <download:863> 57.44
Feb 26 17:37:08.515 <download:863> 58.71
Feb 26 17:37:08.516 <download:863> 59.99
Feb 26 17:37:08.516 <download:863> 61.27
Feb 26 17:37:08.518 <download:863> 62.54
Feb 26 17:37:08.519 <download:863> 63.82
Feb 26 17:37:08.519 <download:863> 65.10
Feb 26 17:37:08.520 <download:863> 66.37
Feb 26 17:37:08.521 <download:863> 67.65
Feb 26 17:37:08.522 <download:863> 68.93
Feb 26 17:37:08.522 <download:863> 70.20
Feb 26 17:37:08.523 <download:863> 71.48
Feb 26 17:37:08.526 <download:863> 72.75
Feb 26 17:37:08.526 <download:863> 74.03
Feb 26 17:37:08.527 <download:863> 75.31
Feb 26 17:37:08.527 <download:863> 76.58
Feb 26 17:37:08.528 <download:863> 77.86
Feb 26 17:37:08.529 <download:863> 79.14
Feb 26 17:37:08.530 <download:863> 80.41
Feb 26 17:37:08.530 <download:863> 81.69
Feb 26 17:37:08.531 <download:863> 82.97
Feb 26 17:37:08.533 <download:863> 84.24
Feb 26 17:37:08.533 <download:863> 85.52
Feb 26 17:37:08.534 <download:863> 86.79
Feb 26 17:37:08.534 <download:863> 88.07
Feb 26 17:37:08.535 <download:863> 89.35
Feb 26 17:37:08.536 <download:863> 90.62
Feb 26 17:37:08.537 <download:863> 91.90
Feb 26 17:37:08.548 <download:863> 93.18
Feb 26 17:37:08.548 <download:863> 94.45
Feb 26 17:37:08.549 <download:863> 95.73
Feb 26 17:37:08.550 <download:863> 97.01
Feb 26 17:37:08.551 <download:863> 98.28
Feb 26 17:37:08.551 <download:863> 99.56
Feb 26 17:37:08.552 <download:863> 100.00
Feb 26 17:37:09.489 <write:907> Downloading: libevent_core-2-0-5.dll 
Feb 26 17:37:09.491 <download:863> 2.20
Feb 26 17:37:09.520 <download:863> 4.39
Feb 26 17:37:09.525 <download:863> 6.59
Feb 26 17:37:09.546 <download:863> 8.78
Feb 26 17:37:09.546 <download:863> 10.98
Feb 26 17:37:09.554 <download:863> 13.17
Feb 26 17:37:09.554 <download:863> 15.37
Feb 26 17:37:09.560 <download:863> 17.56
Feb 26 17:37:09.564 <download:863> 19.76
Feb 26 17:37:09.565 <download:863> 21.95
Feb 26 17:37:09.577 <download:863> 24.15
Feb 26 17:37:09.577 <download:863> 26.34
Feb 26 17:37:09.588 <download:863> 28.54
Feb 26 17:37:09.588 <download:863> 30.74
Feb 26 17:37:09.590 <download:863> 32.93
Feb 26 17:37:09.594 <download:863> 35.13
Feb 26 17:37:09.594 <download:863> 37.32
Feb 26 17:37:09.596 <download:863> 39.52
Feb 26 17:37:09.597 <download:863> 41.71
Feb 26 17:37:09.599 <download:863> 43.91
Feb 26 17:37:09.599 <download:863> 46.10
Feb 26 17:37:09.606 <download:863> 48.30
Feb 26 17:37:09.606 <download:863> 50.49
Feb 26 17:37:09.608 <download:863> 52.69
Feb 26 17:37:09.611 <download:863> 54.88
Feb 26 17:37:09.611 <download:863> 57.08
Feb 26 17:37:09.612 <download:863> 59.28
Feb 26 17:37:09.613 <download:863> 61.47
Feb 26 17:37:09.619 <download:863> 63.67
Feb 26 17:37:09.619 <download:863> 65.86
Feb 26 17:37:09.621 <download:863> 68.06
Feb 26 17:37:09.624 <download:863> 70.25
Feb 26 17:37:09.624 <download:863> 72.45
Feb 26 17:37:09.626 <download:863> 74.64
Feb 26 17:37:09.626 <download:863> 76.84
Feb 26 17:37:09.627 <download:863> 79.03
Feb 26 17:37:09.627 <download:863> 81.23
Feb 26 17:37:09.629 <download:863> 83.42
Feb 26 17:37:09.629 <download:863> 85.62
Feb 26 17:37:09.630 <download:863> 87.82
Feb 26 17:37:09.632 <download:863> 90.01
Feb 26 17:37:09.632 <download:863> 92.21
Feb 26 17:37:09.633 <download:863> 94.40
Feb 26 17:37:09.634 <download:863> 96.60
Feb 26 17:37:09.634 <download:863> 98.79
Feb 26 17:37:09.636 <download:863> 100.00
Feb 26 17:37:12.512 <write:907> Downloading: libevent_extra-2-0-5.dll 
Feb 26 17:37:12.513 <download:863> 2.23
Feb 26 17:37:12.543 <download:863> 4.46
Feb 26 17:37:12.549 <download:863> 6.69
Feb 26 17:37:12.573 <download:863> 8.92
Feb 26 17:37:12.573 <download:863> 11.15
Feb 26 17:37:12.580 <download:863> 13.38
Feb 26 17:37:12.580 <download:863> 15.61
Feb 26 17:37:12.586 <download:863> 17.84
Feb 26 17:37:12.591 <download:863> 20.06
Feb 26 17:37:12.591 <download:863> 22.29
Feb 26 17:37:12.605 <download:863> 24.52
Feb 26 17:37:12.606 <download:863> 26.75
Feb 26 17:37:12.614 <download:863> 28.98
Feb 26 17:37:12.614 <download:863> 31.21
Feb 26 17:37:12.616 <download:863> 33.44
Feb 26 17:37:12.619 <download:863> 35.67
Feb 26 17:37:12.619 <download:863> 37.90
Feb 26 17:37:12.622 <download:863> 40.13
Feb 26 17:37:12.622 <download:863> 42.36
Feb 26 17:37:12.624 <download:863> 44.59
Feb 26 17:37:12.625 <download:863> 46.82
Feb 26 17:37:12.630 <download:863> 49.05
Feb 26 17:37:12.630 <download:863> 51.28
Feb 26 17:37:12.635 <download:863> 53.51
Feb 26 17:37:12.637 <download:863> 55.74
Feb 26 17:37:12.637 <download:863> 57.96
Feb 26 17:37:12.638 <download:863> 60.19
Feb 26 17:37:12.639 <download:863> 62.42
Feb 26 17:37:12.645 <download:863> 64.65
Feb 26 17:37:12.645 <download:863> 66.88
Feb 26 17:37:12.646 <download:863> 69.11
Feb 26 17:37:12.648 <download:863> 71.34
Feb 26 17:37:12.649 <download:863> 73.57
Feb 26 17:37:12.650 <download:863> 75.80
Feb 26 17:37:12.650 <download:863> 78.03
Feb 26 17:37:12.651 <download:863> 80.26
Feb 26 17:37:12.651 <download:863> 82.49
Feb 26 17:37:12.653 <download:863> 84.72
Feb 26 17:37:12.653 <download:863> 86.95
Feb 26 17:37:12.656 <download:863> 89.18
Feb 26 17:37:12.657 <download:863> 91.41
Feb 26 17:37:12.657 <download:863> 93.64
Feb 26 17:37:12.659 <download:863> 95.86
Feb 26 17:37:12.659 <download:863> 98.09
Feb 26 17:37:12.661 <download:863> 100.00
Feb 26 17:37:13.730 <write:907> Downloading: libgcc_s_sjlj-1.dll 
Feb 26 17:37:13.732 <download:863> 1.75
Feb 26 17:37:13.761 <download:863> 3.51
Feb 26 17:37:13.766 <download:863> 5.26
Feb 26 17:37:13.791 <download:863> 7.01
Feb 26 17:37:13.791 <download:863> 8.77
Feb 26 17:37:13.798 <download:863> 10.52
Feb 26 17:37:13.798 <download:863> 12.27
Feb 26 17:37:13.804 <download:863> 14.03
Feb 26 17:37:13.809 <download:863> 15.78
Feb 26 17:37:13.809 <download:863> 17.54
Feb 26 17:37:13.825 <download:863> 19.29
Feb 26 17:37:13.825 <download:863> 21.04
Feb 26 17:37:13.828 <download:863> 22.80
Feb 26 17:37:13.829 <download:863> 24.55
Feb 26 17:37:13.834 <download:863> 26.30
Feb 26 17:37:13.839 <download:863> 28.06
Feb 26 17:37:13.839 <download:863> 29.81
Feb 26 17:37:13.843 <download:863> 31.56
Feb 26 17:37:13.844 <download:863> 33.32
Feb 26 17:37:13.845 <download:863> 35.07
Feb 26 17:37:13.845 <download:863> 36.82
Feb 26 17:37:13.854 <download:863> 38.58
Feb 26 17:37:13.854 <download:863> 40.33
Feb 26 17:37:13.857 <download:863> 42.08
Feb 26 17:37:13.859 <download:863> 43.84
Feb 26 17:37:13.860 <download:863> 45.59
Feb 26 17:37:13.862 <download:863> 47.35
Feb 26 17:37:13.863 <download:863> 49.10
Feb 26 17:37:13.864 <download:863> 50.85
Feb 26 17:37:13.864 <download:863> 52.61
Feb 26 17:37:13.866 <download:863> 54.36
Feb 26 17:37:13.867 <download:863> 56.11
Feb 26 17:37:13.868 <download:863> 57.87
Feb 26 17:37:13.869 <download:863> 59.62
Feb 26 17:37:13.870 <download:863> 61.37
Feb 26 17:37:13.873 <download:863> 63.13
Feb 26 17:37:13.873 <download:863> 64.88
Feb 26 17:37:13.874 <download:863> 66.63
Feb 26 17:37:13.875 <download:863> 68.39
Feb 26 17:37:13.876 <download:863> 70.14
Feb 26 17:37:13.877 <download:863> 71.89
Feb 26 17:37:13.878 <download:863> 73.65
Feb 26 17:37:13.880 <download:863> 75.40
Feb 26 17:37:13.881 <download:863> 77.16
Feb 26 17:37:13.883 <download:863> 78.91
Feb 26 17:37:13.883 <download:863> 80.66
Feb 26 17:37:13.887 <download:863> 82.42
Feb 26 17:37:13.887 <download:863> 84.17
Feb 26 17:37:13.888 <download:863> 85.92
Feb 26 17:37:13.890 <download:863> 87.68
Feb 26 17:37:13.890 <download:863> 89.43
Feb 26 17:37:13.891 <download:863> 91.18
Feb 26 17:37:13.891 <download:863> 92.94
Feb 26 17:37:13.892 <download:863> 94.69
Feb 26 17:37:13.893 <download:863> 96.44
Feb 26 17:37:13.894 <download:863> 98.20
Feb 26 17:37:13.894 <download:863> 99.95
Feb 26 17:37:13.896 <download:863> 100.00
Feb 26 17:37:14.813 <write:907> Downloading: libssp-0.dll 
Feb 26 17:37:14.814 <download:863> 9.83
Feb 26 17:37:14.845 <download:863> 19.65
Feb 26 17:37:14.850 <download:863> 29.48
Feb 26 17:37:14.875 <download:863> 39.31
Feb 26 17:37:14.876 <download:863> 49.14
Feb 26 17:37:14.882 <download:863> 58.96
Feb 26 17:37:14.883 <download:863> 68.79
Feb 26 17:37:14.888 <download:863> 78.62
Feb 26 17:37:14.892 <download:863> 88.45
Feb 26 17:37:14.892 <download:863> 98.27
Feb 26 17:37:14.894 <download:863> 100.00
Feb 26 17:37:16.096 <write:907> Downloading: ssleay32.dll 
Feb 26 17:37:16.098 <download:863> 1.29
Feb 26 17:37:16.127 <download:863> 2.58
Feb 26 17:37:16.132 <download:863> 3.87
Feb 26 17:37:16.155 <download:863> 5.16
Feb 26 17:37:16.156 <download:863> 6.45
Feb 26 17:37:16.162 <download:863> 7.74
Feb 26 17:37:16.163 <download:863> 9.03
Feb 26 17:37:16.168 <download:863> 10.32
Feb 26 17:37:16.173 <download:863> 11.61
Feb 26 17:37:16.173 <download:863> 12.90
Feb 26 17:37:16.190 <download:863> 14.19
Feb 26 17:37:16.190 <download:863> 15.48
Feb 26 17:37:16.193 <download:863> 16.77
Feb 26 17:37:16.193 <download:863> 18.06
Feb 26 17:37:16.198 <download:863> 19.35
Feb 26 17:37:16.204 <download:863> 20.64
Feb 26 17:37:16.204 <download:863> 21.94
Feb 26 17:37:16.206 <download:863> 23.23
Feb 26 17:37:16.206 <download:863> 24.52
Feb 26 17:37:16.209 <download:863> 25.81
Feb 26 17:37:16.209 <download:863> 27.10
Feb 26 17:37:16.211 <download:863> 28.39
Feb 26 17:37:16.212 <download:863> 29.68
Feb 26 17:37:16.218 <download:863> 30.97
Feb 26 17:37:16.222 <download:863> 32.26
Feb 26 17:37:16.222 <download:863> 33.55
Feb 26 17:37:16.224 <download:863> 34.84
Feb 26 17:37:16.224 <download:863> 36.13
Feb 26 17:37:16.226 <download:863> 37.42
Feb 26 17:37:16.226 <download:863> 38.71
Feb 26 17:37:16.230 <download:863> 40.00
Feb 26 17:37:16.231 <download:863> 41.29
Feb 26 17:37:16.232 <download:863> 42.58
Feb 26 17:37:16.234 <download:863> 43.87
Feb 26 17:37:16.235 <download:863> 45.16
Feb 26 17:37:16.236 <download:863> 46.45
Feb 26 17:37:16.236 <download:863> 47.74
Feb 26 17:37:16.237 <download:863> 49.03
Feb 26 17:37:16.238 <download:863> 50.32
Feb 26 17:37:16.238 <download:863> 51.61
Feb 26 17:37:16.240 <download:863> 52.90
Feb 26 17:37:16.240 <download:863> 54.19
Feb 26 17:37:16.241 <download:863> 55.48
Feb 26 17:37:16.242 <download:863> 56.77
Feb 26 17:37:16.247 <download:863> 58.06
Feb 26 17:37:16.247 <download:863> 59.35
Feb 26 17:37:16.248 <download:863> 60.64
Feb 26 17:37:16.248 <download:863> 61.93
Feb 26 17:37:16.251 <download:863> 63.22
Feb 26 17:37:16.253 <download:863> 64.51
Feb 26 17:37:16.253 <download:863> 65.81
Feb 26 17:37:16.255 <download:863> 67.10
Feb 26 17:37:16.255 <download:863> 68.39
Feb 26 17:37:16.257 <download:863> 69.68
Feb 26 17:37:16.257 <download:863> 70.97
Feb 26 17:37:16.258 <download:863> 72.26
Feb 26 17:37:16.261 <download:863> 73.55
Feb 26 17:37:16.261 <download:863> 74.84
Feb 26 17:37:16.262 <download:863> 76.13
Feb 26 17:37:16.263 <download:863> 77.42
Feb 26 17:37:16.264 <download:863> 78.71
Feb 26 17:37:16.264 <download:863> 80.00
Feb 26 17:37:16.265 <download:863> 81.29
Feb 26 17:37:16.266 <download:863> 82.58
Feb 26 17:37:16.268 <download:863> 83.87
Feb 26 17:37:16.270 <download:863> 85.16
Feb 26 17:37:16.270 <download:863> 86.45
Feb 26 17:37:16.271 <download:863> 87.74
Feb 26 17:37:16.271 <download:863> 89.03
Feb 26 17:37:16.273 <download:863> 90.32
Feb 26 17:37:16.273 <download:863> 91.61
Feb 26 17:37:16.278 <download:863> 92.90
Feb 26 17:37:16.280 <download:863> 94.19
Feb 26 17:37:16.280 <download:863> 95.48
Feb 26 17:37:16.281 <download:863> 96.77
Feb 26 17:37:16.281 <download:863> 98.06
Feb 26 17:37:16.283 <download:863> 99.35
Feb 26 17:37:16.284 <download:863> 100.00
Feb 26 17:37:17.858 <write:907> Downloading: tor.exe 
Feb 26 17:37:17.859 <download:863> 0.27
Feb 26 17:37:17.892 <download:863> 0.54
Feb 26 17:37:17.897 <download:863> 0.81
Feb 26 17:37:17.925 <download:863> 1.08
Feb 26 17:37:17.926 <download:863> 1.35
Feb 26 17:37:17.930 <download:863> 1.62
Feb 26 17:37:17.930 <download:863> 1.89
Feb 26 17:37:17.934 <download:863> 2.16
Feb 26 17:37:17.939 <download:863> 2.43
Feb 26 17:37:17.940 <download:863> 2.70
Feb 26 17:37:17.958 <download:863> 2.97
Feb 26 17:37:17.958 <download:863> 3.24
Feb 26 17:37:17.962 <download:863> 3.50
Feb 26 17:37:17.962 <download:863> 3.77
Feb 26 17:37:17.966 <download:863> 4.04
Feb 26 17:37:17.969 <download:863> 4.31
Feb 26 17:37:17.970 <download:863> 4.58
Feb 26 17:37:17.971 <download:863> 4.85
Feb 26 17:37:17.971 <download:863> 5.12
Feb 26 17:37:17.973 <download:863> 5.39
Feb 26 17:37:17.973 <download:863> 5.66
Feb 26 17:37:17.975 <download:863> 5.93
Feb 26 17:37:17.975 <download:863> 6.20
Feb 26 17:37:17.988 <download:863> 6.47
Feb 26 17:37:17.990 <download:863> 6.74
Feb 26 17:37:17.990 <download:863> 7.01
Feb 26 17:37:17.993 <download:863> 7.28
Feb 26 17:37:17.993 <download:863> 7.55
Feb 26 17:37:17.994 <download:863> 7.82
Feb 26 17:37:17.995 <download:863> 8.09
Feb 26 17:37:17.996 <download:863> 8.36
Feb 26 17:37:17.998 <download:863> 8.63
Feb 26 17:37:17.998 <download:863> 8.90
Feb 26 17:37:17.999 <download:863> 9.17
Feb 26 17:37:18.000 <download:863> 9.44
Feb 26 17:37:18.001 <download:863> 9.71
Feb 26 17:37:18.002 <download:863> 9.98
Feb 26 17:37:18.003 <download:863> 10.25
Feb 26 17:37:18.003 <download:863> 10.51
Feb 26 17:37:18.004 <download:863> 10.78
Feb 26 17:37:18.006 <download:863> 11.05
Feb 26 17:37:18.006 <download:863> 11.32
Feb 26 17:37:18.007 <download:863> 11.59
Feb 26 17:37:18.008 <download:863> 11.86
Feb 26 17:37:18.008 <download:863> 12.13
Feb 26 17:37:18.009 <download:863> 12.40
Feb 26 17:37:18.018 <download:863> 12.67
Feb 26 17:37:18.019 <download:863> 12.94
Feb 26 17:37:18.020 <download:863> 13.21
Feb 26 17:37:18.021 <download:863> 13.48
Feb 26 17:37:18.022 <download:863> 13.75
Feb 26 17:37:18.023 <download:863> 14.02
Feb 26 17:37:18.024 <download:863> 14.29
Feb 26 17:37:18.025 <download:863> 14.56
Feb 26 17:37:18.025 <download:863> 14.83
Feb 26 17:37:18.027 <download:863> 15.10
Feb 26 17:37:18.028 <download:863> 15.37
Feb 26 17:37:18.028 <download:863> 15.64
Feb 26 17:37:18.029 <download:863> 15.91
Feb 26 17:37:18.030 <download:863> 16.18
Feb 26 17:37:18.031 <download:863> 16.45
Feb 26 17:37:18.031 <download:863> 16.72
Feb 26 17:37:18.032 <download:863> 16.99
Feb 26 17:37:18.033 <download:863> 17.25
Feb 26 17:37:18.037 <download:863> 17.52
Feb 26 17:37:18.038 <download:863> 17.79
Feb 26 17:37:18.038 <download:863> 18.06
Feb 26 17:37:18.039 <download:863> 18.33
Feb 26 17:37:18.040 <download:863> 18.60
Feb 26 17:37:18.050 <download:863> 18.87
Feb 26 17:37:18.051 <download:863> 19.14
Feb 26 17:37:18.052 <download:863> 19.41
Feb 26 17:37:18.053 <download:863> 19.68
Feb 26 17:37:18.054 <download:863> 19.95
Feb 26 17:37:18.064 <download:863> 20.22
Feb 26 17:37:18.065 <download:863> 20.49
Feb 26 17:37:18.066 <download:863> 20.76
Feb 26 17:37:18.066 <download:863> 21.03
Feb 26 17:37:18.073 <download:863> 21.30
Feb 26 17:37:18.073 <download:863> 21.57
Feb 26 17:37:18.074 <download:863> 21.84
Feb 26 17:37:18.077 <download:863> 22.11
Feb 26 17:37:18.078 <download:863> 22.38
Feb 26 17:37:18.078 <download:863> 22.65
Feb 26 17:37:18.079 <download:863> 22.92
Feb 26 17:37:18.126 <download:863> 23.19
Feb 26 17:37:18.126 <download:863> 23.46
Feb 26 17:37:18.127 <download:863> 23.73
Feb 26 17:37:18.127 <download:863> 24.00
Feb 26 17:37:18.130 <download:863> 24.26
Feb 26 17:37:18.131 <download:863> 24.53
Feb 26 17:37:18.131 <download:863> 24.80
Feb 26 17:37:18.134 <download:863> 25.07
Feb 26 17:37:18.135 <download:863> 25.34
Feb 26 17:37:18.135 <download:863> 25.61
Feb 26 17:37:18.135 <download:863> 25.88
Feb 26 17:37:18.136 <download:863> 26.15
Feb 26 17:37:18.136 <download:863> 26.42
Feb 26 17:37:18.137 <download:863> 26.69
Feb 26 17:37:18.146 <download:863> 26.96
Feb 26 17:37:18.146 <download:863> 27.23
Feb 26 17:37:18.148 <download:863> 27.50
Feb 26 17:37:18.148 <download:863> 27.77
Feb 26 17:37:18.155 <download:863> 28.04
Feb 26 17:37:18.156 <download:863> 28.31
Feb 26 17:37:18.156 <download:863> 28.58
Feb 26 17:37:18.157 <download:863> 28.85
Feb 26 17:37:18.157 <download:863> 29.12
Feb 26 17:37:18.157 <download:863> 29.39
Feb 26 17:37:18.158 <download:863> 29.66
Feb 26 17:37:18.158 <download:863> 29.93
Feb 26 17:37:18.159 <download:863> 30.20
Feb 26 17:37:18.159 <download:863> 30.47
Feb 26 17:37:18.169 <download:863> 30.74
Feb 26 17:37:18.170 <download:863> 31.00
Feb 26 17:37:18.179 <download:863> 31.27
Feb 26 17:37:18.179 <download:863> 31.54
Feb 26 17:37:18.183 <download:863> 31.81
Feb 26 17:37:18.183 <download:863> 32.08
Feb 26 17:37:18.188 <download:863> 32.35
Feb 26 17:37:18.189 <download:863> 32.62
Feb 26 17:37:18.192 <download:863> 32.89
Feb 26 17:37:18.244 <download:863> 33.16
Feb 26 17:37:18.244 <download:863> 33.43
Feb 26 17:37:18.245 <download:863> 33.70
Feb 26 17:37:18.245 <download:863> 33.97
Feb 26 17:37:18.249 <download:863> 34.24
Feb 26 17:37:18.250 <download:863> 34.51
Feb 26 17:37:18.251 <download:863> 34.78
Feb 26 17:37:18.251 <download:863> 35.05
Feb 26 17:37:18.251 <download:863> 35.32
Feb 26 17:37:18.258 <download:863> 35.59
Feb 26 17:37:18.258 <download:863> 35.86
Feb 26 17:37:18.263 <download:863> 36.13
Feb 26 17:37:18.263 <download:863> 36.40
Feb 26 17:37:18.264 <download:863> 36.67
Feb 26 17:37:18.264 <download:863> 36.94
Feb 26 17:37:18.266 <download:863> 37.21
Feb 26 17:37:18.269 <download:863> 37.48
Feb 26 17:37:18.269 <download:863> 37.74
Feb 26 17:37:18.270 <download:863> 38.01
Feb 26 17:37:18.270 <download:863> 38.28
Feb 26 17:37:18.271 <download:863> 38.55
Feb 26 17:37:18.271 <download:863> 38.82
Feb 26 17:37:18.272 <download:863> 39.09
Feb 26 17:37:18.272 <download:863> 39.36
Feb 26 17:37:18.272 <download:863> 39.63
Feb 26 17:37:18.273 <download:863> 39.90
Feb 26 17:37:18.273 <download:863> 40.17
Feb 26 17:37:18.274 <download:863> 40.44
Feb 26 17:37:18.274 <download:863> 40.71
Feb 26 17:37:18.282 <download:863> 40.98
Feb 26 17:37:18.282 <download:863> 41.25
Feb 26 17:37:18.283 <download:863> 41.52
Feb 26 17:37:18.285 <download:863> 41.79
Feb 26 17:37:18.285 <download:863> 42.06
Feb 26 17:37:18.286 <download:863> 42.33
Feb 26 17:37:18.286 <download:863> 42.60
Feb 26 17:37:18.289 <download:863> 42.87
Feb 26 17:37:18.289 <download:863> 43.14
Feb 26 17:37:18.291 <download:863> 43.41
Feb 26 17:37:18.291 <download:863> 43.68
Feb 26 17:37:18.293 <download:863> 43.95
Feb 26 17:37:18.296 <download:863> 44.22
Feb 26 17:37:18.296 <download:863> 44.49
Feb 26 17:37:18.298 <download:863> 44.75
Feb 26 17:37:18.298 <download:863> 45.02
Feb 26 17:37:18.300 <download:863> 45.29
Feb 26 17:37:18.301 <download:863> 45.56
Feb 26 17:37:18.303 <download:863> 45.83
Feb 26 17:37:18.303 <download:863> 46.10
Feb 26 17:37:18.305 <download:863> 46.37
Feb 26 17:37:18.308 <download:863> 46.64
Feb 26 17:37:18.309 <download:863> 46.91
Feb 26 17:37:18.312 <download:863> 47.18
Feb 26 17:37:18.313 <download:863> 47.45
Feb 26 17:37:18.314 <download:863> 47.72
Feb 26 17:37:18.315 <download:863> 47.99
Feb 26 17:37:18.316 <download:863> 48.26
Feb 26 17:37:18.317 <download:863> 48.53
Feb 26 17:37:18.318 <download:863> 48.80
Feb 26 17:37:18.319 <download:863> 49.07
Feb 26 17:37:18.320 <download:863> 49.34
Feb 26 17:37:18.321 <download:863> 49.61
Feb 26 17:37:18.322 <download:863> 49.88
Feb 26 17:37:18.323 <download:863> 50.15
Feb 26 17:37:18.324 <download:863> 50.42
Feb 26 17:37:18.325 <download:863> 50.69
Feb 26 17:37:18.327 <download:863> 50.96
Feb 26 17:37:18.328 <download:863> 51.23
Feb 26 17:37:18.329 <download:863> 51.49
Feb 26 17:37:18.330 <download:863> 51.76
Feb 26 17:37:18.331 <download:863> 52.03
Feb 26 17:37:18.331 <download:863> 52.30
Feb 26 17:37:18.333 <download:863> 52.57
Feb 26 17:37:18.335 <download:863> 52.84
Feb 26 17:37:18.335 <download:863> 53.11
Feb 26 17:37:18.337 <download:863> 53.38
Feb 26 17:37:18.337 <download:863> 53.65
Feb 26 17:37:18.339 <download:863> 53.92
Feb 26 17:37:18.340 <download:863> 54.19
Feb 26 17:37:18.340 <download:859> 54.46
Feb 26 17:37:18.341 <download:863> 54.73
Feb 26 17:37:18.343 <download:863> 55.00
Feb 26 17:37:18.344 <download:863> 55.27
Feb 26 17:37:18.345 <download:863> 55.54
Feb 26 17:37:18.349 <download:863> 55.81
Feb 26 17:37:18.349 <download:863> 56.08
Feb 26 17:37:18.350 <download:863> 56.35
Feb 26 17:37:18.352 <download:863> 56.62
Feb 26 17:37:18.353 <download:863> 56.89
Feb 26 17:37:18.354 <download:863> 57.16
Feb 26 17:37:18.354 <download:863> 57.43
Feb 26 17:37:18.356 <download:863> 57.70
Feb 26 17:37:18.356 <download:863> 57.97
Feb 26 17:37:18.358 <download:863> 58.24
Feb 26 17:37:18.358 <download:863> 58.50
Feb 26 17:37:18.361 <download:863> 58.77
Feb 26 17:37:18.361 <download:863> 59.04
Feb 26 17:37:18.362 <download:863> 59.31
Feb 26 17:37:18.365 <download:863> 59.58
Feb 26 17:37:18.365 <download:863> 59.85
Feb 26 17:37:18.369 <download:863> 60.12
Feb 26 17:37:18.370 <download:863> 60.39
Feb 26 17:37:18.371 <download:863> 60.66
Feb 26 17:37:18.372 <download:863> 60.93
Feb 26 17:37:18.373 <download:863> 61.20
Feb 26 17:37:18.373 <download:863> 61.47
Feb 26 17:37:18.375 <download:863> 61.74
Feb 26 17:37:18.376 <download:863> 62.01
Feb 26 17:37:18.377 <download:863> 62.28
Feb 26 17:37:18.378 <download:863> 62.55
Feb 26 17:37:18.379 <download:863> 62.82
Feb 26 17:37:18.380 <download:863> 63.09
Feb 26 17:37:18.381 <download:863> 63.36
Feb 26 17:37:18.382 <download:863> 63.63
Feb 26 17:37:18.384 <download:863> 63.90
Feb 26 17:37:18.384 <download:863> 64.17
Feb 26 17:37:18.386 <download:863> 64.44
Feb 26 17:37:18.386 <download:863> 64.71
Feb 26 17:37:18.387 <download:863> 64.98
Feb 26 17:37:18.388 <download:863> 65.24
Feb 26 17:37:18.389 <download:863> 65.51
Feb 26 17:37:18.390 <download:863> 65.78
Feb 26 17:37:18.391 <download:863> 66.05
Feb 26 17:37:18.394 <download:863> 66.32
Feb 26 17:37:18.395 <download:863> 66.59
Feb 26 17:37:18.396 <download:863> 66.86
Feb 26 17:37:18.396 <download:863> 67.13
Feb 26 17:37:18.397 <download:863> 67.40
Feb 26 17:37:18.398 <download:863> 67.67
Feb 26 17:37:18.401 <download:863> 67.94
Feb 26 17:37:18.402 <download:863> 68.21
Feb 26 17:37:18.404 <download:863> 68.48
Feb 26 17:37:18.406 <download:863> 68.75
Feb 26 17:37:18.407 <download:863> 69.02
Feb 26 17:37:18.408 <download:863> 69.29
Feb 26 17:37:18.408 <download:863> 69.56
Feb 26 17:37:18.410 <download:863> 69.83
Feb 26 17:37:18.411 <download:863> 70.10
Feb 26 17:37:18.412 <download:863> 70.37
Feb 26 17:37:18.413 <download:863> 70.64
Feb 26 17:37:18.413 <download:863> 70.91
Feb 26 17:37:18.415 <download:863> 71.18
Feb 26 17:37:18.415 <download:863> 71.45
Feb 26 17:37:18.416 <download:863> 71.72
Feb 26 17:37:18.417 <download:863> 71.99
Feb 26 17:37:18.419 <download:863> 72.25
Feb 26 17:37:18.420 <download:863> 72.52
Feb 26 17:37:18.421 <download:863> 72.79
Feb 26 17:37:18.423 <download:863> 73.06
Feb 26 17:37:18.424 <download:863> 73.33
Feb 26 17:37:18.424 <download:863> 73.60
Feb 26 17:37:18.425 <download:863> 73.87
Feb 26 17:37:18.427 <download:863> 74.14
Feb 26 17:37:18.427 <download:863> 74.41
Feb 26 17:37:18.428 <download:863> 74.68
Feb 26 17:37:18.430 <download:863> 74.95
Feb 26 17:37:18.430 <download:863> 75.22
Feb 26 17:37:18.432 <download:863> 75.49
Feb 26 17:37:18.432 <download:863> 75.76
Feb 26 17:37:18.434 <download:863> 76.03
Feb 26 17:37:18.434 <download:863> 76.30
Feb 26 17:37:18.438 <download:863> 76.57
Feb 26 17:37:18.438 <download:863> 76.84
Feb 26 17:37:18.442 <download:863> 77.11
Feb 26 17:37:18.444 <download:863> 77.38
Feb 26 17:37:18.444 <download:863> 77.65
Feb 26 17:37:18.445 <download:863> 77.92
Feb 26 17:37:18.446 <download:863> 78.19
Feb 26 17:37:18.447 <download:863> 78.46
Feb 26 17:37:18.447 <download:863> 78.73
Feb 26 17:37:18.449 <download:863> 78.99
Feb 26 17:37:18.450 <download:863> 79.26
Feb 26 17:37:18.451 <download:863> 79.53
Feb 26 17:37:18.452 <download:863> 79.80
Feb 26 17:37:18.453 <download:863> 80.07
Feb 26 17:37:18.455 <download:863> 80.34
Feb 26 17:37:18.456 <download:863> 80.61
Feb 26 17:37:18.457 <download:863> 80.88
Feb 26 17:37:18.457 <download:863> 81.15
Feb 26 17:37:18.458 <download:863> 81.42
Feb 26 17:37:18.460 <download:863> 81.69
Feb 26 17:37:18.461 <download:863> 81.96
Feb 26 17:37:18.462 <download:863> 82.23
Feb 26 17:37:18.462 <download:863> 82.50
Feb 26 17:37:18.463 <download:863> 82.77
Feb 26 17:37:18.464 <download:863> 83.04
Feb 26 17:37:18.465 <download:863> 83.31
Feb 26 17:37:18.465 <download:863> 83.58
Feb 26 17:37:18.469 <download:863> 83.85
Feb 26 17:37:18.471 <download:863> 84.12
Feb 26 17:37:18.472 <download:863> 84.39
Feb 26 17:37:18.475 <download:863> 84.66
Feb 26 17:37:18.475 <download:863> 84.93
Feb 26 17:37:18.476 <download:863> 85.20
Feb 26 17:37:18.476 <download:863> 85.47
Feb 26 17:37:18.478 <download:863> 85.74
Feb 26 17:37:18.481 <download:863> 86.00
Feb 26 17:37:18.481 <download:863> 86.27
Feb 26 17:37:18.482 <download:863> 86.54
Feb 26 17:37:18.482 <download:863> 86.81
Feb 26 17:37:18.485 <download:863> 87.08
Feb 26 17:37:18.485 <download:863> 87.35
Feb 26 17:37:18.486 <download:863> 87.62
Feb 26 17:37:18.487 <download:863> 87.89
Feb 26 17:37:18.488 <download:863> 88.16
Feb 26 17:37:18.489 <download:863> 88.43
Feb 26 17:37:18.490 <download:863> 88.70
Feb 26 17:37:18.491 <download:863> 88.97
Feb 26 17:37:18.492 <download:863> 89.24
Feb 26 17:37:18.492 <download:863> 89.51
Feb 26 17:37:18.493 <download:863> 89.78
Feb 26 17:37:18.495 <download:863> 90.05
Feb 26 17:37:18.495 <download:863> 90.32
Feb 26 17:37:18.496 <download:863> 90.59
Feb 26 17:37:18.499 <download:863> 90.86
Feb 26 17:37:18.500 <download:863> 91.13
Feb 26 17:37:18.503 <download:863> 91.40
Feb 26 17:37:18.504 <download:863> 91.67
Feb 26 17:37:18.505 <download:863> 91.94
Feb 26 17:37:18.505 <download:863> 92.21
Feb 26 17:37:18.507 <download:863> 92.48
Feb 26 17:37:18.509 <download:863> 92.74
Feb 26 17:37:18.510 <download:863> 93.01
Feb 26 17:37:18.511 <download:863> 93.28
Feb 26 17:37:18.511 <download:863> 93.55
Feb 26 17:37:18.513 <download:863> 93.82
Feb 26 17:37:18.513 <download:863> 94.09
Feb 26 17:37:18.514 <download:863> 94.36
Feb 26 17:37:18.515 <download:863> 94.63
Feb 26 17:37:18.518 <download:863> 94.90
Feb 26 17:37:18.519 <download:863> 95.17
Feb 26 17:37:18.520 <download:863> 95.44
Feb 26 17:37:18.522 <download:863> 95.71
Feb 26 17:37:18.522 <download:863> 95.98
Feb 26 17:37:18.523 <download:863> 96.25
Feb 26 17:37:18.523 <download:863> 96.52
Feb 26 17:37:18.525 <download:863> 96.79
Feb 26 17:37:18.527 <download:863> 97.06
Feb 26 17:37:18.527 <download:863> 97.33
Feb 26 17:37:18.528 <download:863> 97.60
Feb 26 17:37:18.529 <download:863> 97.87
Feb 26 17:37:18.530 <download:863> 98.14
Feb 26 17:37:18.531 <download:863> 98.41
Feb 26 17:37:18.532 <download:863> 98.68
Feb 26 17:37:18.532 <download:863> 98.95
Feb 26 17:37:18.535 <download:863> 99.22
Feb 26 17:37:18.537 <download:863> 99.48
Feb 26 17:37:18.537 <download:863> 99.75
Feb 26 17:37:18.539 <download:863> 100.00
Feb 26 17:37:19.507 <write:907> Downloading: zlib1.dll 
Feb 26 17:37:19.509 <download:863> 8.55
Feb 26 17:37:19.540 <download:863> 17.10
Feb 26 17:37:19.544 <download:863> 25.65
Feb 26 17:37:19.569 <download:863> 34.20
Feb 26 17:37:19.569 <download:863> 42.75
Feb 26 17:37:19.576 <download:863> 51.29
Feb 26 17:37:19.577 <download:863> 59.84
Feb 26 17:37:19.582 <download:863> 68.39
Feb 26 17:37:19.587 <download:863> 76.94
Feb 26 17:37:19.587 <download:863> 85.49
Feb 26 17:37:19.599 <download:863> 94.04
Feb 26 17:37:19.600 <download:863> 100.00
Feb 26 17:37:19.632 <write:907> Missing files downloaded
Feb 26 17:37:19.634 <write:907> ------------------------------------------------------------
Feb 26 17:37:20.669 <write:907> TOR server starting. Please wait ... 
Feb 26 17:37:21.672 <write:907> 0%: Starting 
Feb 26 17:37:23.688 <write:907> 25%: Loading networkstatus consensus 
Feb 26 17:37:24.692 <write:907> 40%: Loading authority key certs 
Feb 26 17:37:25.696 <write:907> 50%: Loading relay descriptors 
Feb 26 17:37:26.700 <write:907> 4%: We need more microdescriptors 
Feb 26 17:37:27.704 <write:907> 76%: Loading relay descriptors 
Feb 26 17:37:28.708 <write:907> 100%: Done 
Feb 26 17:37:28.711 <write:907> TOR server started 
Feb 26 17:37:28.714 <write:907> DNS server started 
Feb 26 17:37:45.076 <write:907> IP Changer started.
Feb 26 17:37:45.078 <appInfo:538> IPchanged=0
Feb 26 17:37:45.079 <appInfo:539> IPfetched=0
Feb 26 17:37:45.079 <appInfo:540> IPchangeFailed=0
Feb 26 17:37:45.079 <appInfo:541> IPchangeMaxFailedBeforeExit=3
Feb 26 17:37:45.079 <write:907> Fetching IP started.
Feb 26 17:37:45.080 <appInfo:543> AppRunning=52.72529549856869 sec
Feb 26 17:37:45.082 <write:907> -------------------------CHANGING-IP------------------------
Feb 26 17:37:45.112 <newIP:1159> Killing previous circuit ID 1 
Feb 26 17:37:45.113 <newIP:1159> Killing previous circuit ID 2 
Feb 26 17:37:45.114 <newIP:1159> Killing previous circuit ID 3 
Feb 26 17:37:45.114 <newIP:1159> Killing previous circuit ID 4 
Feb 26 17:37:45.115 <newIP:1159> Killing previous circuit ID 5 
Feb 26 17:37:45.115 <newIP:1159> Killing previous circuit ID 6 
Feb 26 17:37:45.116 <newIP:1159> Killing previous circuit ID 7 
Feb 26 17:37:45.116 <newIP:1159> Killing previous circuit ID 8 
Feb 26 17:37:45.117 <newIP:1159> Killing previous circuit ID 9 
Feb 26 17:37:45.117 <newIP:1159> Killing previous circuit ID 10 
Feb 26 17:37:45.118 <newIP:1159> Killing previous circuit ID 11 
Feb 26 17:37:45.118 <newIP:1159> Killing previous circuit ID 12 
Feb 26 17:37:45.119 <newIP:1159> Killing previous circuit ID 13 
Feb 26 17:37:45.122 <newIP:1183> Requesting new IP 127.0.0.1:9050 OK
Feb 26 17:37:55.081 <appInfo:538> IPchanged=1
Feb 26 17:37:55.081 <appInfo:539> IPfetched=0
Feb 26 17:37:55.081 <appInfo:540> IPchangeFailed=0
Feb 26 17:37:55.081 <appInfo:541> IPchangeMaxFailedBeforeExit=3
Feb 26 17:37:55.082 <appInfo:543> AppRunning=62.72657005191518 sec
Feb 26 17:38:04.116 <fetching:1016> 127.0.0.1:9050 failed
Feb 26 17:38:05.082 <appInfo:538> IPchanged=1
Feb 26 17:38:05.082 <appInfo:539> IPfetched=0
Feb 26 17:38:05.082 <appInfo:540> IPchangeFailed=0
Feb 26 17:38:05.082 <appInfo:541> IPchangeMaxFailedBeforeExit=3
Feb 26 17:38:05.082 <appInfo:543> AppRunning=72.72800182505588 sec
Feb 26 17:38:05.102 <write:907> -------------------------CHANGING-IP------------------------
Feb 26 17:38:05.110 <newIP:1159> Killing previous circuit ID 15 
Feb 26 17:38:05.110 <newIP:1159> Killing previous circuit ID 14 
Feb 26 17:38:05.112 <newIP:1159> Killing previous circuit ID 16 
Feb 26 17:38:05.113 <newIP:1159> Killing previous circuit ID 17 
Feb 26 17:38:05.113 <newIP:1159> Killing previous circuit ID 18 
Feb 26 17:38:05.114 <newIP:1159> Killing previous circuit ID 19 
Feb 26 17:38:05.114 <newIP:1159> Killing previous circuit ID 20 
Feb 26 17:38:05.118 <newIP:1183> Requesting new IP 127.0.0.1:9050 OK
Feb 26 17:38:15.084 <appInfo:538> IPchanged=2
Feb 26 17:38:15.084 <appInfo:539> IPfetched=0
Feb 26 17:38:15.084 <appInfo:540> IPchangeFailed=0
Feb 26 17:38:15.084 <appInfo:541> IPchangeMaxFailedBeforeExit=3
Feb 26 17:38:15.085 <appInfo:543> AppRunning=82.72951150830232 sec
Feb 26 17:38:24.129 <fetching:1016> 127.0.0.1:9050 failed
Feb 26 17:38:25.086 <appInfo:538> IPchanged=2
Feb 26 17:38:25.086 <appInfo:539> IPfetched=0
Feb 26 17:38:25.086 <appInfo:540> IPchangeFailed=0
Feb 26 17:38:25.086 <appInfo:541> IPchangeMaxFailedBeforeExit=3
Feb 26 17:38:25.087 <appInfo:543> AppRunning=92.73119987161161 sec
Feb 26 17:38:25.120 <write:907> -------------------------CHANGING-IP------------------------
Feb 26 17:38:25.132 <newIP:1159> Killing previous circuit ID 23 
Feb 26 17:38:25.132 <newIP:1159> Killing previous circuit ID 22 
Feb 26 17:38:25.133 <newIP:1159> Killing previous circuit ID 21 
Feb 26 17:38:25.134 <newIP:1159> Killing previous circuit ID 24 
Feb 26 17:38:25.134 <newIP:1159> Killing previous circuit ID 25 
Feb 26 17:38:25.135 <newIP:1159> Killing previous circuit ID 26 
Feb 26 17:38:25.138 <newIP:1183> Requesting new IP 127.0.0.1:9050 OK
Feb 26 17:38:27.252 <fetching:1016> 127.0.0.1:9050 failed
Feb 26 17:38:35.087 <appInfo:538> IPchanged=3
Feb 26 17:38:35.087 <appInfo:539> IPfetched=0
Feb 26 17:38:35.087 <appInfo:540> IPchangeFailed=0
Feb 26 17:38:35.087 <appInfo:541> IPchangeMaxFailedBeforeExit=3
Feb 26 17:38:35.088 <appInfo:543> AppRunning=102.73257659449796 sec
Feb 26 17:38:45.089 <appInfo:538> IPchanged=3
Feb 26 17:38:45.089 <appInfo:539> IPfetched=0
Feb 26 17:38:45.089 <appInfo:540> IPchangeFailed=0
Feb 26 17:38:45.089 <appInfo:541> IPchangeMaxFailedBeforeExit=3
Feb 26 17:38:45.090 <appInfo:543> AppRunning=112.73400370236287 sec
Feb 26 17:38:45.137 <write:907> -------------------------CHANGING-IP------------------------
Feb 26 17:38:45.145 <newIP:1159> Killing previous circuit ID 28 
Feb 26 17:38:45.145 <newIP:1159> Killing previous circuit ID 27 
Feb 26 17:38:45.146 <newIP:1159> Killing previous circuit ID 29 
Feb 26 17:38:45.147 <newIP:1159> Killing previous circuit ID 30 
Feb 26 17:38:45.147 <newIP:1159> Killing previous circuit ID 31 
Feb 26 17:38:45.148 <newIP:1159> Killing previous circuit ID 32 
Feb 26 17:38:45.151 <newIP:1183> Requesting new IP 127.0.0.1:9050 OK
Feb 26 17:38:47.280 <fetching:1016> 127.0.0.1:9050 failed
Feb 26 17:38:55.090 <appInfo:538> IPchanged=4
Feb 26 17:38:55.090 <appInfo:539> IPfetched=0
Feb 26 17:38:55.090 <appInfo:540> IPchangeFailed=0
Feb 26 17:38:55.090 <appInfo:541> IPchangeMaxFailedBeforeExit=3
Feb 26 17:38:55.090 <appInfo:543> AppRunning=122.73537809261131 sec
Feb 26 17:39:05.092 <appInfo:538> IPchanged=4
Feb 26 17:39:05.092 <appInfo:539> IPfetched=0
Feb 26 17:39:05.092 <appInfo:540> IPchangeFailed=0
Feb 26 17:39:05.092 <appInfo:541> IPchangeMaxFailedBeforeExit=3
Feb 26 17:39:05.093 <appInfo:543> AppRunning=132.73696008763253 sec
Feb 26 17:39:05.156 <write:907> -------------------------CHANGING-IP------------------------
Feb 26 17:39:05.164 <newIP:1159> Killing previous circuit ID 33 
Feb 26 17:39:05.165 <newIP:1159> Killing previous circuit ID 34 
Feb 26 17:39:05.166 <newIP:1159> Killing previous circuit ID 35 
Feb 26 17:39:05.166 <newIP:1159> Killing previous circuit ID 36 
Feb 26 17:39:05.167 <newIP:1159> Killing previous circuit ID 37 
Feb 26 17:39:05.167 <newIP:1159> Killing previous circuit ID 38 
Feb 26 17:39:05.171 <newIP:1183> Requesting new IP 127.0.0.1:9050 OK
Feb 26 17:39:15.093 <appInfo:538> IPchanged=5
Feb 26 17:39:15.093 <appInfo:539> IPfetched=0
Feb 26 17:39:15.093 <appInfo:540> IPchangeFailed=0
Feb 26 17:39:15.093 <appInfo:541> IPchangeMaxFailedBeforeExit=3
Feb 26 17:39:15.094 <appInfo:543> AppRunning=142.73838346327682 sec
