Feb 23 17:39:07.964 <write:907> Checking internet connection. 
Feb 23 17:39:09.835 <write:907> ------------------------------------------------------------
Feb 23 17:39:09.837 <write:907> Checking files. 
Feb 23 17:39:11.043 <write:907> No missing files
Feb 23 17:39:11.056 <write:907> ------------------------------------------------------------
Feb 23 17:39:12.176 <write:907> TOR server starting. Please wait ... 
Feb 23 17:39:13.181 <write:907> 0%: Starting 
Feb 23 17:39:14.201 <write:907> 80%: Connecting to the Tor network 
Feb 23 17:39:18.264 <write:907> 90%: Establishing a Tor circuit 
Feb 23 17:39:18.267 <write:907> TOR server started 
Feb 23 17:39:18.270 <write:907> DNS server started 
Feb 23 17:39:25.874 <write:907> IP Changer started.
Feb 23 17:39:25.876 <appInfo:538> IPchanged=0
Feb 23 17:39:25.876 <appInfo:539> IPfetched=0
Feb 23 17:39:25.877 <appInfo:540> IPchangeFailed=0
Feb 23 17:39:25.877 <appInfo:541> IPchangeMaxFailedBeforeExit=3
Feb 23 17:39:25.877 <appInfo:543> AppRunning=18.16607288722358 sec
Feb 23 17:39:25.877 <write:907> Fetching IP started.
Feb 23 17:39:25.897 <write:907> -------------------------CHANGING-IP------------------------
Feb 23 17:39:25.909 <newIP:1159> Killing previous circuit ID 1 
Feb 23 17:39:25.910 <newIP:1159> Killing previous circuit ID 2 
Feb 23 17:39:25.910 <newIP:1159> Killing previous circuit ID 3 
Feb 23 17:39:25.911 <newIP:1159> Killing previous circuit ID 6 
Feb 23 17:39:25.911 <newIP:1159> Killing previous circuit ID 5 
Feb 23 17:39:25.921 <newIP:1183> Requesting new IP 127.0.0.1:9050 OK
Feb 23 17:39:34.903 <fetching:1016> 127.0.0.1:9050 failed
Feb 23 17:39:35.878 <appInfo:538> IPchanged=1
Feb 23 17:39:35.878 <appInfo:539> IPfetched=0
Feb 23 17:39:35.878 <appInfo:540> IPchangeFailed=0
Feb 23 17:39:35.878 <appInfo:541> IPchangeMaxFailedBeforeExit=3
Feb 23 17:39:35.879 <appInfo:543> AppRunning=28.166704997590518 sec
Feb 23 17:39:35.909 <write:907> -------------------------CHANGING-IP------------------------
Feb 23 17:39:35.921 <newIP:1159> Killing previous circuit ID 8 
Feb 23 17:39:35.922 <newIP:1159> Killing previous circuit ID 7 
Feb 23 17:39:35.922 <newIP:1159> Killing previous circuit ID 9 
Feb 23 17:39:35.923 <newIP:1159> Killing previous circuit ID 10 
Feb 23 17:39:35.923 <newIP:1159> Killing previous circuit ID 11 
Feb 23 17:39:35.930 <newIP:1183> Requesting new IP 127.0.0.1:9050 OK
Feb 23 17:39:44.989 <fetching:1016> 127.0.0.1:9050 failed
Feb 23 17:39:45.879 <appInfo:538> IPchanged=2
Feb 23 17:39:45.879 <appInfo:539> IPfetched=0
Feb 23 17:39:45.879 <appInfo:540> IPchangeFailed=0
Feb 23 17:39:45.879 <appInfo:541> IPchangeMaxFailedBeforeExit=3
Feb 23 17:39:45.879 <appInfo:543> AppRunning=38.16738749018596 sec
Feb 23 17:39:45.919 <write:907> -------------------------CHANGING-IP------------------------
Feb 23 17:39:45.929 <newIP:1159> Killing previous circuit ID 14 
Feb 23 17:39:45.929 <newIP:1159> Killing previous circuit ID 12 
Feb 23 17:39:45.930 <newIP:1159> Killing previous circuit ID 13 
Feb 23 17:39:45.930 <newIP:1159> Killing previous circuit ID 15 
Feb 23 17:39:45.931 <newIP:1159> Killing previous circuit ID 16 
Feb 23 17:39:45.931 <newIP:1159> Killing previous circuit ID 17 
Feb 23 17:39:45.939 <newIP:1183> Requesting new IP 127.0.0.1:9050 OK
Feb 23 17:39:54.995 <fetching:1016> 127.0.0.1:9050 failed
Feb 23 17:39:55.881 <appInfo:538> IPchanged=3
Feb 23 17:39:55.881 <appInfo:539> IPfetched=0
Feb 23 17:39:55.881 <appInfo:540> IPchangeFailed=0
Feb 23 17:39:55.881 <appInfo:541> IPchangeMaxFailedBeforeExit=3
Feb 23 17:39:55.882 <appInfo:543> AppRunning=48.16854768094801 sec
Feb 23 17:39:55.932 <write:907> -------------------------CHANGING-IP------------------------
Feb 23 17:39:55.942 <newIP:1159> Killing previous circuit ID 18 
Feb 23 17:39:55.943 <newIP:1159> Killing previous circuit ID 19 
Feb 23 17:39:55.943 <newIP:1159> Killing previous circuit ID 20 
Feb 23 17:39:55.944 <newIP:1159> Killing previous circuit ID 21 
Feb 23 17:39:55.944 <newIP:1159> Killing previous circuit ID 22 
Feb 23 17:39:55.949 <newIP:1183> Requesting new IP 127.0.0.1:9050 OK
Feb 23 17:40:04.989 <fetching:1016> 127.0.0.1:9050 failed
Feb 23 17:40:05.882 <appInfo:538> IPchanged=4
Feb 23 17:40:05.882 <appInfo:539> IPfetched=0
Feb 23 17:40:05.882 <appInfo:540> IPchangeFailed=0
Feb 23 17:40:05.883 <appInfo:541> IPchangeMaxFailedBeforeExit=3
Feb 23 17:40:05.883 <appInfo:543> AppRunning=58.1697209337693 sec
Feb 23 17:40:05.941 <write:907> -------------------------CHANGING-IP------------------------
Feb 23 17:40:05.951 <newIP:1159> Killing previous circuit ID 23 
Feb 23 17:40:05.952 <newIP:1159> Killing previous circuit ID 24 
Feb 23 17:40:05.952 <newIP:1159> Killing previous circuit ID 25 
Feb 23 17:40:05.953 <newIP:1159> Killing previous circuit ID 26 
Feb 23 17:40:05.953 <newIP:1159> Killing previous circuit ID 27 
Feb 23 17:40:05.959 <newIP:1183> Requesting new IP 127.0.0.1:9050 OK
Feb 23 17:40:08.676 <fetching:1016> 127.0.0.1:9050 failed
Feb 23 17:40:15.884 <appInfo:538> IPchanged=5
Feb 23 17:40:15.884 <appInfo:539> IPfetched=0
Feb 23 17:40:15.884 <appInfo:540> IPchangeFailed=0
Feb 23 17:40:15.885 <appInfo:541> IPchangeMaxFailedBeforeExit=3
Feb 23 17:40:15.885 <appInfo:543> AppRunning=68.17061941684436 sec
Feb 23 17:40:15.952 <write:907> -------------------------CHANGING-IP------------------------
Feb 23 17:40:15.963 <newIP:1159> Killing previous circuit ID 28 
Feb 23 17:40:15.964 <newIP:1159> Killing previous circuit ID 29 
Feb 23 17:40:15.965 <newIP:1159> Killing previous circuit ID 30 
Feb 23 17:40:15.965 <newIP:1159> Killing previous circuit ID 31 
Feb 23 17:40:15.966 <newIP:1159> Killing previous circuit ID 32 
Feb 23 17:40:15.967 <newIP:1159> Killing previous circuit ID 33 
Feb 23 17:40:15.968 <newIP:1159> Killing previous circuit ID 34 
Feb 23 17:40:15.975 <newIP:1183> Requesting new IP 127.0.0.1:9050 OK
Feb 23 17:40:25.007 <fetching:1016> 127.0.0.1:9050 failed
Feb 23 17:40:25.885 <appInfo:538> IPchanged=6
Feb 23 17:40:25.885 <appInfo:539> IPfetched=0
Feb 23 17:40:25.885 <appInfo:540> IPchangeFailed=0
Feb 23 17:40:25.885 <appInfo:541> IPchangeMaxFailedBeforeExit=3
Feb 23 17:40:25.886 <appInfo:543> AppRunning=78.17130657446097 sec
Feb 23 17:40:25.962 <write:907> -------------------------CHANGING-IP------------------------
Feb 23 17:40:25.973 <newIP:1159> Killing previous circuit ID 36 
Feb 23 17:40:25.973 <newIP:1159> Killing previous circuit ID 35 
Feb 23 17:40:25.974 <newIP:1159> Killing previous circuit ID 40 
Feb 23 17:40:25.975 <newIP:1159> Killing previous circuit ID 37 
Feb 23 17:40:25.975 <newIP:1159> Killing previous circuit ID 38 
Feb 23 17:40:25.977 <newIP:1159> Killing previous circuit ID 39 
Feb 23 17:40:25.977 <newIP:1159> Killing previous circuit ID 42 
Feb 23 17:40:25.985 <newIP:1183> Requesting new IP 127.0.0.1:9050 OK
Feb 23 17:40:35.009 <fetching:1016> 127.0.0.1:9050 failed
Feb 23 17:40:35.887 <appInfo:538> IPchanged=7
Feb 23 17:40:35.887 <appInfo:539> IPfetched=0
Feb 23 17:40:35.887 <appInfo:540> IPchangeFailed=0
Feb 23 17:40:35.887 <appInfo:541> IPchangeMaxFailedBeforeExit=3
Feb 23 17:40:35.888 <appInfo:543> AppRunning=88.17219945951065 sec
Feb 23 17:40:35.972 <write:907> -------------------------CHANGING-IP------------------------
Feb 23 17:40:35.982 <newIP:1159> Killing previous circuit ID 48 
Feb 23 17:40:35.982 <newIP:1159> Killing previous circuit ID 44 
Feb 23 17:40:35.983 <newIP:1159> Killing previous circuit ID 45 
Feb 23 17:40:35.984 <newIP:1159> Killing previous circuit ID 46 
Feb 23 17:40:35.984 <newIP:1159> Killing previous circuit ID 47 
Feb 23 17:40:35.985 <newIP:1159> Killing previous circuit ID 49 
Feb 23 17:40:35.996 <newIP:1183> Requesting new IP 127.0.0.1:9050 OK
Feb 23 17:40:45.002 <fetching:1016> 127.0.0.1:9050 failed
Feb 23 17:40:45.889 <appInfo:538> IPchanged=8
Feb 23 17:40:45.889 <appInfo:539> IPfetched=0
Feb 23 17:40:45.889 <appInfo:540> IPchangeFailed=0
Feb 23 17:40:45.889 <appInfo:541> IPchangeMaxFailedBeforeExit=3
Feb 23 17:40:45.890 <appInfo:543> AppRunning=98.17311053814285 sec
Feb 23 17:40:45.981 <write:907> -------------------------CHANGING-IP------------------------
Feb 23 17:40:45.995 <newIP:1159> Killing previous circuit ID 51 
Feb 23 17:40:45.996 <newIP:1159> Killing previous circuit ID 50 
Feb 23 17:40:45.996 <newIP:1159> Killing previous circuit ID 52 
Feb 23 17:40:45.997 <newIP:1159> Killing previous circuit ID 53 
Feb 23 17:40:45.998 <newIP:1159> Killing previous circuit ID 54 
Feb 23 17:40:46.006 <newIP:1183> Requesting new IP 127.0.0.1:9050 OK
Feb 23 17:40:55.002 <fetching:1016> 127.0.0.1:9050 failed
Feb 23 17:40:55.890 <appInfo:538> IPchanged=9
Feb 23 17:40:55.890 <appInfo:539> IPfetched=0
Feb 23 17:40:55.890 <appInfo:540> IPchangeFailed=0
Feb 23 17:40:55.890 <appInfo:541> IPchangeMaxFailedBeforeExit=3
Feb 23 17:40:55.891 <appInfo:543> AppRunning=108.17408272855222 sec
Feb 23 17:40:55.993 <write:907> -------------------------CHANGING-IP------------------------
Feb 23 17:40:56.005 <newIP:1159> Killing previous circuit ID 56 
Feb 23 17:40:56.006 <newIP:1159> Killing previous circuit ID 55 
Feb 23 17:40:56.006 <newIP:1159> Killing previous circuit ID 60 
Feb 23 17:40:56.007 <newIP:1159> Killing previous circuit ID 58 
Feb 23 17:40:56.007 <newIP:1159> Killing previous circuit ID 59 
Feb 23 17:40:56.013 <newIP:1183> Requesting new IP 127.0.0.1:9050 OK
Feb 23 17:41:04.995 <fetching:1016> 127.0.0.1:9050 failed
Feb 23 17:41:05.892 <appInfo:538> IPchanged=10
Feb 23 17:41:05.892 <appInfo:539> IPfetched=0
Feb 23 17:41:05.892 <appInfo:540> IPchangeFailed=0
Feb 23 17:41:05.892 <appInfo:541> IPchangeMaxFailedBeforeExit=3
Feb 23 17:41:05.893 <appInfo:543> AppRunning=118.17500360372884 sec
Feb 23 17:41:06.005 <write:907> -------------------------CHANGING-IP------------------------
Feb 23 17:41:06.016 <newIP:1159> Killing previous circuit ID 63 
Feb 23 17:41:06.017 <newIP:1159> Killing previous circuit ID 61 
Feb 23 17:41:06.018 <newIP:1159> Killing previous circuit ID 62 
Feb 23 17:41:06.018 <newIP:1159> Killing previous circuit ID 64 
Feb 23 17:41:06.019 <newIP:1159> Killing previous circuit ID 65 
Feb 23 17:41:06.020 <newIP:1159> Killing previous circuit ID 66 
Feb 23 17:41:06.027 <newIP:1183> Requesting new IP 127.0.0.1:9050 OK
Feb 23 17:41:15.097 <fetching:1016> 127.0.0.1:9050 failed
Feb 23 17:41:15.893 <appInfo:538> IPchanged=11
Feb 23 17:41:15.893 <appInfo:539> IPfetched=0
Feb 23 17:41:15.893 <appInfo:540> IPchangeFailed=0
Feb 23 17:41:15.893 <appInfo:541> IPchangeMaxFailedBeforeExit=3
Feb 23 17:41:15.894 <appInfo:543> AppRunning=128.17602664286883 sec
Feb 23 17:41:16.015 <write:907> -------------------------CHANGING-IP------------------------
Feb 23 17:41:16.026 <newIP:1159> Killing previous circuit ID 68 
Feb 23 17:41:16.026 <newIP:1159> Killing previous circuit ID 70 
Feb 23 17:41:16.027 <newIP:1159> Killing previous circuit ID 69 
Feb 23 17:41:16.028 <newIP:1159> Killing previous circuit ID 73 
Feb 23 17:41:16.028 <newIP:1159> Killing previous circuit ID 72 
Feb 23 17:41:16.036 <newIP:1183> Requesting new IP 127.0.0.1:9050 OK
Feb 23 17:41:17.164 <fetching:1016> 127.0.0.1:9050 failed
Feb 23 17:41:25.895 <appInfo:538> IPchanged=12
Feb 23 17:41:25.895 <appInfo:539> IPfetched=0
Feb 23 17:41:25.895 <appInfo:540> IPchangeFailed=0
Feb 23 17:41:25.895 <appInfo:541> IPchangeMaxFailedBeforeExit=3
Feb 23 17:41:25.896 <appInfo:543> AppRunning=138.1768565501329 sec
Feb 23 17:41:26.026 <write:907> -------------------------CHANGING-IP------------------------
Feb 23 17:41:26.038 <newIP:1159> Killing previous circuit ID 75 
Feb 23 17:41:26.039 <newIP:1159> Killing previous circuit ID 74 
Feb 23 17:41:26.040 <newIP:1159> Killing previous circuit ID 76 
Feb 23 17:41:26.040 <newIP:1159> Killing previous circuit ID 77 
Feb 23 17:41:26.041 <newIP:1159> Killing previous circuit ID 78 
Feb 23 17:41:26.048 <newIP:1183> Requesting new IP 127.0.0.1:9050 OK
Feb 23 17:41:35.096 <fetching:1016> 127.0.0.1:9050 failed
Feb 23 17:41:35.896 <appInfo:538> IPchanged=13
Feb 23 17:41:35.896 <appInfo:539> IPfetched=0
Feb 23 17:41:35.896 <appInfo:540> IPchangeFailed=0
Feb 23 17:41:35.896 <appInfo:541> IPchangeMaxFailedBeforeExit=3
Feb 23 17:41:35.897 <appInfo:543> AppRunning=148.17774896868045 sec
Feb 23 17:41:36.039 <write:907> -------------------------CHANGING-IP------------------------
Feb 23 17:41:36.049 <newIP:1159> Killing previous circuit ID 80 
Feb 23 17:41:36.050 <newIP:1159> Killing previous circuit ID 79 
Feb 23 17:41:36.051 <newIP:1159> Killing previous circuit ID 81 
Feb 23 17:41:36.052 <newIP:1159> Killing previous circuit ID 82 
Feb 23 17:41:36.052 <newIP:1159> Killing previous circuit ID 83 
Feb 23 17:41:36.053 <newIP:1159> Killing previous circuit ID 84 
Feb 23 17:41:36.059 <newIP:1183> Requesting new IP 127.0.0.1:9050 OK
Feb 23 17:41:45.098 <fetching:1016> 127.0.0.1:9050 failed
Feb 23 17:41:45.898 <appInfo:538> IPchanged=14
Feb 23 17:41:45.898 <appInfo:539> IPfetched=0
Feb 23 17:41:45.898 <appInfo:540> IPchangeFailed=0
Feb 23 17:41:45.898 <appInfo:541> IPchangeMaxFailedBeforeExit=3
Feb 23 17:41:45.899 <appInfo:543> AppRunning=158.1787976654368 sec
Feb 23 17:41:46.048 <write:907> -------------------------CHANGING-IP------------------------
Feb 23 17:41:46.059 <newIP:1159> Killing previous circuit ID 86 
Feb 23 17:41:46.059 <newIP:1159> Killing previous circuit ID 85 
Feb 23 17:41:46.060 <newIP:1159> Killing previous circuit ID 87 
Feb 23 17:41:46.060 <newIP:1159> Killing previous circuit ID 88 
Feb 23 17:41:46.061 <newIP:1159> Killing previous circuit ID 89 
Feb 23 17:41:46.067 <newIP:1183> Requesting new IP 127.0.0.1:9050 OK
Feb 23 17:41:55.105 <fetching:1016> 127.0.0.1:9050 failed
Feb 23 17:41:55.900 <appInfo:538> IPchanged=15
Feb 23 17:41:55.900 <appInfo:539> IPfetched=0
Feb 23 17:41:55.900 <appInfo:540> IPchangeFailed=0
Feb 23 17:41:55.900 <appInfo:541> IPchangeMaxFailedBeforeExit=3
Feb 23 17:41:55.901 <appInfo:543> AppRunning=168.18573455189906 sec
Feb 23 17:41:56.056 <write:907> -------------------------CHANGING-IP------------------------
Feb 23 17:41:56.066 <newIP:1159> Killing previous circuit ID 91 
Feb 23 17:41:56.067 <newIP:1159> Killing previous circuit ID 90 
Feb 23 17:41:56.068 <newIP:1159> Killing previous circuit ID 92 
Feb 23 17:41:56.068 <newIP:1159> Killing previous circuit ID 93 
Feb 23 17:41:56.070 <newIP:1159> Killing previous circuit ID 94 
Feb 23 17:41:56.070 <newIP:1159> Killing previous circuit ID 95 
Feb 23 17:41:56.078 <newIP:1183> Requesting new IP 127.0.0.1:9050 OK
Feb 23 17:42:05.114 <fetching:1016> 127.0.0.1:9050 failed
Feb 23 17:42:05.901 <appInfo:538> IPchanged=16
Feb 23 17:42:05.901 <appInfo:539> IPfetched=0
Feb 23 17:42:05.901 <appInfo:540> IPchangeFailed=0
Feb 23 17:42:05.901 <appInfo:541> IPchangeMaxFailedBeforeExit=3
Feb 23 17:42:05.902 <appInfo:543> AppRunning=178.18656212665252 sec
Feb 23 17:42:06.065 <write:907> -------------------------CHANGING-IP------------------------
Feb 23 17:42:06.075 <newIP:1159> Killing previous circuit ID 97 
Feb 23 17:42:06.076 <newIP:1159> Killing previous circuit ID 96 
Feb 23 17:42:06.077 <newIP:1159> Killing previous circuit ID 98 
Feb 23 17:42:06.077 <newIP:1159> Killing previous circuit ID 99 
Feb 23 17:42:06.078 <newIP:1159> Killing previous circuit ID 100 
Feb 23 17:42:06.087 <newIP:1183> Requesting new IP 127.0.0.1:9050 OK
Feb 23 17:42:15.107 <fetching:1016> 127.0.0.1:9050 failed
Feb 23 17:42:15.903 <appInfo:538> IPchanged=17
Feb 23 17:42:15.903 <appInfo:539> IPfetched=0
Feb 23 17:42:15.903 <appInfo:540> IPchangeFailed=0
Feb 23 17:42:15.903 <appInfo:541> IPchangeMaxFailedBeforeExit=3
Feb 23 17:42:15.904 <appInfo:543> AppRunning=188.18748346833127 sec
Feb 23 17:42:16.075 <write:907> -------------------------CHANGING-IP------------------------
Feb 23 17:42:16.085 <newIP:1159> Killing previous circuit ID 102 
Feb 23 17:42:16.086 <newIP:1159> Killing previous circuit ID 101 
Feb 23 17:42:16.087 <newIP:1159> Killing previous circuit ID 103 
Feb 23 17:42:16.087 <newIP:1159> Killing previous circuit ID 104 
Feb 23 17:42:16.088 <newIP:1159> Killing previous circuit ID 105 
Feb 23 17:42:16.097 <newIP:1183> Requesting new IP 127.0.0.1:9050 OK
Feb 23 17:42:25.100 <fetching:1016> 127.0.0.1:9050 failed
Feb 23 17:42:25.904 <appInfo:538> IPchanged=18
Feb 23 17:42:25.904 <appInfo:539> IPfetched=0
Feb 23 17:42:25.904 <appInfo:540> IPchangeFailed=0
Feb 23 17:42:25.904 <appInfo:541> IPchangeMaxFailedBeforeExit=3
Feb 23 17:42:25.905 <appInfo:543> AppRunning=198.1883567602921 sec
Feb 23 17:42:26.084 <write:907> -------------------------CHANGING-IP------------------------
Feb 23 17:42:26.098 <newIP:1159> Killing previous circuit ID 107 
Feb 23 17:42:26.099 <newIP:1159> Killing previous circuit ID 106 
Feb 23 17:42:26.099 <newIP:1159> Killing previous circuit ID 108 
Feb 23 17:42:26.100 <newIP:1159> Killing previous circuit ID 109 
Feb 23 17:42:26.100 <newIP:1159> Killing previous circuit ID 110 
Feb 23 17:42:26.108 <newIP:1183> Requesting new IP 127.0.0.1:9050 OK
Feb 23 17:42:35.107 <fetching:1016> 127.0.0.1:9050 failed
Feb 23 17:42:35.906 <appInfo:538> IPchanged=19
Feb 23 17:42:35.906 <appInfo:539> IPfetched=0
Feb 23 17:42:35.906 <appInfo:540> IPchangeFailed=0
Feb 23 17:42:35.906 <appInfo:541> IPchangeMaxFailedBeforeExit=3
Feb 23 17:42:35.907 <appInfo:543> AppRunning=208.18928136748565 sec
Feb 23 17:42:36.099 <write:907> -------------------------CHANGING-IP------------------------
Feb 23 17:42:36.141 <newIP:1159> Killing previous circuit ID 112 
Feb 23 17:42:36.142 <newIP:1159> Killing previous circuit ID 111 
Feb 23 17:42:36.142 <newIP:1159> Killing previous circuit ID 113 
Feb 23 17:42:36.143 <newIP:1159> Killing previous circuit ID 114 
Feb 23 17:42:36.143 <newIP:1159> Killing previous circuit ID 115 
Feb 23 17:42:36.151 <newIP:1183> Requesting new IP 127.0.0.1:9050 OK
Feb 23 17:42:45.108 <fetching:1016> 127.0.0.1:9050 failed
Feb 23 17:42:45.907 <appInfo:538> IPchanged=20
Feb 23 17:42:45.907 <appInfo:539> IPfetched=0
Feb 23 17:42:45.907 <appInfo:540> IPchangeFailed=0
Feb 23 17:42:45.907 <appInfo:541> IPchangeMaxFailedBeforeExit=3
Feb 23 17:42:45.908 <appInfo:543> AppRunning=218.19024142884 sec
Feb 23 17:42:46.108 <write:907> -------------------------CHANGING-IP------------------------
Feb 23 17:42:46.118 <newIP:1159> Killing previous circuit ID 117 
Feb 23 17:42:46.120 <newIP:1159> Killing previous circuit ID 116 
Feb 23 17:42:46.120 <newIP:1159> Killing previous circuit ID 118 
Feb 23 17:42:46.122 <newIP:1159> Killing previous circuit ID 119 
Feb 23 17:42:46.122 <newIP:1159> Killing previous circuit ID 120 
Feb 23 17:42:46.123 <newIP:1159> Killing previous circuit ID 121 
Feb 23 17:42:46.123 <newIP:1159> Killing previous circuit ID 122 
Feb 23 17:42:46.130 <newIP:1183> Requesting new IP 127.0.0.1:9050 OK
Feb 23 17:42:55.202 <fetching:1016> 127.0.0.1:9050 failed
Feb 23 17:42:55.909 <appInfo:538> IPchanged=21
Feb 23 17:42:55.909 <appInfo:539> IPfetched=0
Feb 23 17:42:55.909 <appInfo:540> IPchangeFailed=0
Feb 23 17:42:55.909 <appInfo:541> IPchangeMaxFailedBeforeExit=3
Feb 23 17:42:55.910 <appInfo:543> AppRunning=228.19108952968656 sec
Feb 23 17:42:56.116 <write:907> -------------------------CHANGING-IP------------------------
Feb 23 17:42:56.126 <newIP:1159> Killing previous circuit ID 124 
Feb 23 17:42:56.127 <newIP:1159> Killing previous circuit ID 123 
Feb 23 17:42:56.127 <newIP:1159> Killing previous circuit ID 125 
Feb 23 17:42:56.128 <newIP:1159> Killing previous circuit ID 126 
Feb 23 17:42:56.129 <newIP:1159> Killing previous circuit ID 127 
Feb 23 17:42:56.134 <newIP:1183> Requesting new IP 127.0.0.1:9050 OK
Feb 23 17:43:05.202 <fetching:1016> 127.0.0.1:9050 failed
Feb 23 17:43:05.911 <appInfo:538> IPchanged=22
Feb 23 17:43:05.911 <appInfo:539> IPfetched=0
Feb 23 17:43:05.911 <appInfo:540> IPchangeFailed=0
Feb 23 17:43:05.911 <appInfo:541> IPchangeMaxFailedBeforeExit=3
Feb 23 17:43:05.912 <appInfo:543> AppRunning=238.19205099054727 sec
Feb 23 17:43:06.125 <write:907> -------------------------CHANGING-IP------------------------
Feb 23 17:43:06.135 <newIP:1159> Killing previous circuit ID 132 
Feb 23 17:43:06.136 <newIP:1159> Killing previous circuit ID 128 
Feb 23 17:43:06.137 <newIP:1159> Killing previous circuit ID 131 
Feb 23 17:43:06.137 <newIP:1159> Killing previous circuit ID 133 
Feb 23 17:43:06.138 <newIP:1159> Killing previous circuit ID 134 
Feb 23 17:43:06.145 <newIP:1183> Requesting new IP 127.0.0.1:9050 OK
Feb 23 17:43:15.203 <fetching:1016> 127.0.0.1:9050 failed
Feb 23 17:43:15.912 <appInfo:538> IPchanged=23
Feb 23 17:43:15.912 <appInfo:539> IPfetched=0
Feb 23 17:43:15.912 <appInfo:540> IPchangeFailed=0
Feb 23 17:43:15.912 <appInfo:541> IPchangeMaxFailedBeforeExit=3
Feb 23 17:43:15.913 <appInfo:543> AppRunning=248.19297373173237 sec
Feb 23 17:43:16.134 <write:907> -------------------------CHANGING-IP------------------------
Feb 23 17:43:16.144 <newIP:1159> Killing previous circuit ID 136 
Feb 23 17:43:16.146 <newIP:1159> Killing previous circuit ID 135 
Feb 23 17:43:16.146 <newIP:1159> Killing previous circuit ID 137 
Feb 23 17:43:16.147 <newIP:1159> Killing previous circuit ID 138 
Feb 23 17:43:16.147 <newIP:1159> Killing previous circuit ID 139 
Feb 23 17:43:16.148 <newIP:1159> Killing previous circuit ID 140 
Feb 23 17:43:16.156 <newIP:1183> Requesting new IP 127.0.0.1:9050 OK
Feb 23 17:43:25.193 <fetching:1016> 127.0.0.1:9050 failed
Feb 23 17:43:25.914 <appInfo:538> IPchanged=24
Feb 23 17:43:25.914 <appInfo:539> IPfetched=0
Feb 23 17:43:25.914 <appInfo:540> IPchangeFailed=0
Feb 23 17:43:25.914 <appInfo:541> IPchangeMaxFailedBeforeExit=3
Feb 23 17:43:25.915 <appInfo:543> AppRunning=258.1938978724238 sec
Feb 23 17:43:26.146 <write:907> -------------------------CHANGING-IP------------------------
Feb 23 17:43:26.157 <newIP:1159> Killing previous circuit ID 142 
Feb 23 17:43:26.157 <newIP:1159> Killing previous circuit ID 141 
Feb 23 17:43:26.159 <newIP:1159> Killing previous circuit ID 143 
Feb 23 17:43:26.160 <newIP:1159> Killing previous circuit ID 144 
Feb 23 17:43:26.160 <newIP:1159> Killing previous circuit ID 145 
Feb 23 17:43:26.161 <newIP:1159> Killing previous circuit ID 146 
Feb 23 17:43:26.169 <newIP:1183> Requesting new IP 127.0.0.1:9050 OK
Feb 23 17:43:35.194 <fetching:1016> 127.0.0.1:9050 failed
Feb 23 17:43:35.915 <appInfo:538> IPchanged=25
Feb 23 17:43:35.915 <appInfo:539> IPfetched=0
Feb 23 17:43:35.915 <appInfo:540> IPchangeFailed=0
Feb 23 17:43:35.915 <appInfo:541> IPchangeMaxFailedBeforeExit=3
Feb 23 17:43:35.916 <appInfo:543> AppRunning=268.194849070238 sec
Feb 23 17:43:36.153 <write:907> -------------------------CHANGING-IP------------------------
Feb 23 17:43:36.163 <newIP:1159> Killing previous circuit ID 147 
Feb 23 17:43:36.164 <newIP:1159> Killing previous circuit ID 148 
Feb 23 17:43:36.164 <newIP:1159> Killing previous circuit ID 149 
Feb 23 17:43:36.165 <newIP:1159> Killing previous circuit ID 150 
Feb 23 17:43:36.165 <newIP:1159> Killing previous circuit ID 151 
Feb 23 17:43:36.172 <newIP:1183> Requesting new IP 127.0.0.1:9050 OK
Feb 23 17:43:45.220 <fetching:1016> 127.0.0.1:9050 failed
Feb 23 17:43:45.917 <appInfo:538> IPchanged=26
Feb 23 17:43:45.917 <appInfo:539> IPfetched=0
Feb 23 17:43:45.917 <appInfo:540> IPchangeFailed=0
Feb 23 17:43:45.917 <appInfo:541> IPchangeMaxFailedBeforeExit=3
Feb 23 17:43:45.918 <appInfo:543> AppRunning=278.19574475430034 sec
Feb 23 17:43:46.163 <write:907> -------------------------CHANGING-IP------------------------
Feb 23 17:43:46.174 <newIP:1159> Killing previous circuit ID 153 
Feb 23 17:43:46.174 <newIP:1159> Killing previous circuit ID 152 
Feb 23 17:43:46.175 <newIP:1159> Killing previous circuit ID 154 
Feb 23 17:43:46.175 <newIP:1159> Killing previous circuit ID 155 
Feb 23 17:43:46.176 <newIP:1159> Killing previous circuit ID 156 
Feb 23 17:43:46.183 <newIP:1183> Requesting new IP 127.0.0.1:9050 OK
Feb 23 17:43:55.220 <fetching:1016> 127.0.0.1:9050 failed
Feb 23 17:43:55.918 <appInfo:538> IPchanged=27
Feb 23 17:43:55.918 <appInfo:539> IPfetched=0
Feb 23 17:43:55.918 <appInfo:540> IPchangeFailed=0
Feb 23 17:43:55.918 <appInfo:541> IPchangeMaxFailedBeforeExit=3
Feb 23 17:43:55.919 <appInfo:543> AppRunning=288.1967104136801 sec
Feb 23 17:43:56.172 <write:907> -------------------------CHANGING-IP------------------------
Feb 23 17:43:56.183 <newIP:1159> Killing previous circuit ID 158 
Feb 23 17:43:56.184 <newIP:1159> Killing previous circuit ID 157 
Feb 23 17:43:56.184 <newIP:1159> Killing previous circuit ID 159 
Feb 23 17:43:56.185 <newIP:1159> Killing previous circuit ID 160 
Feb 23 17:43:56.185 <newIP:1159> Killing previous circuit ID 161 
Feb 23 17:43:56.192 <newIP:1183> Requesting new IP 127.0.0.1:9050 OK
Feb 23 17:44:05.211 <fetching:1016> 127.0.0.1:9050 failed
Feb 23 17:44:05.920 <appInfo:538> IPchanged=28
Feb 23 17:44:05.920 <appInfo:539> IPfetched=0
Feb 23 17:44:05.920 <appInfo:540> IPchangeFailed=0
Feb 23 17:44:05.920 <appInfo:541> IPchangeMaxFailedBeforeExit=3
Feb 23 17:44:05.921 <appInfo:543> AppRunning=298.197592102679 sec
Feb 23 17:44:06.181 <write:907> -------------------------CHANGING-IP------------------------
Feb 23 17:44:06.192 <newIP:1159> Killing previous circuit ID 163 
Feb 23 17:44:06.192 <newIP:1159> Killing previous circuit ID 165 
Feb 23 17:44:06.193 <newIP:1159> Killing previous circuit ID 164 
Feb 23 17:44:06.193 <newIP:1159> Killing previous circuit ID 166 
Feb 23 17:44:06.194 <newIP:1159> Killing previous circuit ID 167 
Feb 23 17:44:06.203 <newIP:1183> Requesting new IP 127.0.0.1:9050 OK
Feb 23 17:44:15.222 <fetching:1016> 127.0.0.1:9050 failed
Feb 23 17:44:15.922 <appInfo:538> IPchanged=29
Feb 23 17:44:15.922 <appInfo:539> IPfetched=0
Feb 23 17:44:15.922 <appInfo:540> IPchangeFailed=0
Feb 23 17:44:15.922 <appInfo:541> IPchangeMaxFailedBeforeExit=3
Feb 23 17:44:15.923 <appInfo:543> AppRunning=308.19861934033804 sec
Feb 23 17:44:16.192 <write:907> -------------------------CHANGING-IP------------------------
Feb 23 17:44:16.205 <newIP:1159> Killing previous circuit ID 168 
Feb 23 17:44:16.206 <newIP:1159> Killing previous circuit ID 169 
Feb 23 17:44:16.206 <newIP:1159> Killing previous circuit ID 170 
Feb 23 17:44:16.207 <newIP:1159> Killing previous circuit ID 171 
Feb 23 17:44:16.207 <newIP:1159> Killing previous circuit ID 172 
Feb 23 17:44:16.214 <newIP:1183> Requesting new IP 127.0.0.1:9050 OK
Feb 23 17:44:18.874 <fetching:1016> 127.0.0.1:9050 failed
Feb 23 17:44:25.923 <appInfo:538> IPchanged=30
Feb 23 17:44:25.923 <appInfo:539> IPfetched=0
Feb 23 17:44:25.923 <appInfo:540> IPchangeFailed=0
Feb 23 17:44:25.923 <appInfo:541> IPchangeMaxFailedBeforeExit=3
Feb 23 17:44:25.924 <appInfo:543> AppRunning=318.19954581354006 sec
Feb 23 17:44:26.206 <write:907> -------------------------CHANGING-IP------------------------
Feb 23 17:44:26.217 <newIP:1159> Killing previous circuit ID 173 
Feb 23 17:44:26.218 <newIP:1159> Killing previous circuit ID 174 
Feb 23 17:44:26.219 <newIP:1159> Killing previous circuit ID 175 
Feb 23 17:44:26.220 <newIP:1159> Killing previous circuit ID 176 
Feb 23 17:44:26.220 <newIP:1159> Killing previous circuit ID 177 
Feb 23 17:44:26.221 <newIP:1159> Killing previous circuit ID 178 
Feb 23 17:44:26.228 <newIP:1183> Requesting new IP 127.0.0.1:9050 OK
Feb 23 17:44:35.217 <fetching:1016> 127.0.0.1:9050 failed
Feb 23 17:44:35.925 <appInfo:538> IPchanged=31
Feb 23 17:44:35.925 <appInfo:539> IPfetched=0
Feb 23 17:44:35.925 <appInfo:540> IPchangeFailed=0
Feb 23 17:44:35.925 <appInfo:541> IPchangeMaxFailedBeforeExit=3
Feb 23 17:44:35.926 <appInfo:543> AppRunning=328.2003817853316 sec
Feb 23 17:44:36.215 <write:907> -------------------------CHANGING-IP------------------------
Feb 23 17:44:36.226 <newIP:1159> Killing previous circuit ID 180 
Feb 23 17:44:36.226 <newIP:1159> Killing previous circuit ID 179 
Feb 23 17:44:36.227 <newIP:1159> Killing previous circuit ID 181 
Feb 23 17:44:36.227 <newIP:1159> Killing previous circuit ID 183 
Feb 23 17:44:36.228 <newIP:1159> Killing previous circuit ID 184 
Feb 23 17:44:36.235 <newIP:1183> Requesting new IP 127.0.0.1:9050 OK
Feb 23 17:44:45.307 <fetching:1016> 127.0.0.1:9050 failed
Feb 23 17:44:45.926 <appInfo:538> IPchanged=32
Feb 23 17:44:45.926 <appInfo:539> IPfetched=0
Feb 23 17:44:45.926 <appInfo:540> IPchangeFailed=0
Feb 23 17:44:45.926 <appInfo:541> IPchangeMaxFailedBeforeExit=3
Feb 23 17:44:45.927 <appInfo:543> AppRunning=338.2012993949934 sec
Feb 23 17:44:46.224 <write:907> -------------------------CHANGING-IP------------------------
Feb 23 17:44:46.234 <newIP:1159> Killing previous circuit ID 186 
Feb 23 17:44:46.236 <newIP:1159> Killing previous circuit ID 185 
Feb 23 17:44:46.236 <newIP:1159> Killing previous circuit ID 187 
Feb 23 17:44:46.237 <newIP:1159> Killing previous circuit ID 188 
Feb 23 17:44:46.237 <newIP:1159> Killing previous circuit ID 189 
Feb 23 17:44:46.238 <newIP:1159> Killing previous circuit ID 190 
Feb 23 17:44:46.245 <newIP:1183> Requesting new IP 127.0.0.1:9050 OK
Feb 23 17:44:55.299 <fetching:1016> 127.0.0.1:9050 failed
Feb 23 17:44:55.928 <appInfo:538> IPchanged=33
Feb 23 17:44:55.928 <appInfo:539> IPfetched=0
Feb 23 17:44:55.928 <appInfo:540> IPchangeFailed=0
Feb 23 17:44:55.928 <appInfo:541> IPchangeMaxFailedBeforeExit=3
Feb 23 17:44:55.929 <appInfo:543> AppRunning=348.20225339182025 sec
Feb 23 17:44:56.236 <write:907> -------------------------CHANGING-IP------------------------
Feb 23 17:44:56.247 <newIP:1159> Killing previous circuit ID 192 
Feb 23 17:44:56.248 <newIP:1159> Killing previous circuit ID 191 
Feb 23 17:44:56.248 <newIP:1159> Killing previous circuit ID 193 
Feb 23 17:44:56.249 <newIP:1159> Killing previous circuit ID 194 
Feb 23 17:44:56.249 <newIP:1159> Killing previous circuit ID 195 
Feb 23 17:44:56.251 <newIP:1159> Killing previous circuit ID 196 
Feb 23 17:44:56.258 <newIP:1183> Requesting new IP 127.0.0.1:9050 OK
Feb 23 17:45:05.308 <fetching:1016> 127.0.0.1:9050 failed
Feb 23 17:45:05.929 <appInfo:538> IPchanged=34
Feb 23 17:45:05.929 <appInfo:539> IPfetched=0
Feb 23 17:45:05.929 <appInfo:540> IPchangeFailed=0
Feb 23 17:45:05.929 <appInfo:541> IPchangeMaxFailedBeforeExit=3
Feb 23 17:45:05.930 <appInfo:543> AppRunning=358.2031490758826 sec
Feb 23 17:45:06.248 <write:907> -------------------------CHANGING-IP------------------------
Feb 23 17:45:06.258 <newIP:1159> Killing previous circuit ID 197 
Feb 23 17:45:06.259 <newIP:1159> Killing previous circuit ID 198 
Feb 23 17:45:06.259 <newIP:1159> Killing previous circuit ID 199 
Feb 23 17:45:06.260 <newIP:1159> Killing previous circuit ID 200 
Feb 23 17:45:06.260 <newIP:1159> Killing previous circuit ID 201 
Feb 23 17:45:06.267 <newIP:1183> Requesting new IP 127.0.0.1:9050 OK
Feb 23 17:45:15.309 <fetching:1016> 127.0.0.1:9050 failed
Feb 23 17:45:15.931 <appInfo:538> IPchanged=35
Feb 23 17:45:15.931 <appInfo:539> IPfetched=0
Feb 23 17:45:15.931 <appInfo:540> IPchangeFailed=0
Feb 23 17:45:15.931 <appInfo:541> IPchangeMaxFailedBeforeExit=3
Feb 23 17:45:15.932 <appInfo:543> AppRunning=368.2041245318068 sec
Feb 23 17:45:16.256 <write:907> -------------------------CHANGING-IP------------------------
Feb 23 17:45:16.266 <newIP:1159> Killing previous circuit ID 202 
Feb 23 17:45:16.267 <newIP:1159> Killing previous circuit ID 203 
Feb 23 17:45:16.268 <newIP:1159> Killing previous circuit ID 204 
Feb 23 17:45:16.268 <newIP:1159> Killing previous circuit ID 205 
Feb 23 17:45:16.269 <newIP:1159> Killing previous circuit ID 206 
Feb 23 17:45:16.275 <newIP:1183> Requesting new IP 127.0.0.1:9050 OK
Feb 23 17:45:25.326 <fetching:1016> 127.0.0.1:9050 failed
Feb 23 17:45:25.933 <appInfo:538> IPchanged=36
Feb 23 17:45:25.933 <appInfo:539> IPfetched=0
Feb 23 17:45:25.933 <appInfo:540> IPchangeFailed=0
Feb 23 17:45:25.933 <appInfo:541> IPchangeMaxFailedBeforeExit=3
Feb 23 17:45:25.934 <appInfo:543> AppRunning=378.2049497740497 sec
Feb 23 17:45:26.267 <write:907> -------------------------CHANGING-IP------------------------
Feb 23 17:45:26.279 <newIP:1159> Killing previous circuit ID 207 
Feb 23 17:45:26.280 <newIP:1159> Killing previous circuit ID 208 
Feb 23 17:45:26.280 <newIP:1159> Killing previous circuit ID 209 
Feb 23 17:45:26.281 <newIP:1159> Killing previous circuit ID 210 
Feb 23 17:45:26.281 <newIP:1159> Killing previous circuit ID 211 
Feb 23 17:45:26.288 <newIP:1183> Requesting new IP 127.0.0.1:9050 OK
Feb 23 17:45:28.035 <fetching:1016> 127.0.0.1:9050 failed
Feb 23 17:45:35.934 <appInfo:538> IPchanged=37
Feb 23 17:45:35.934 <appInfo:539> IPfetched=0
Feb 23 17:45:35.934 <appInfo:540> IPchangeFailed=0
Feb 23 17:45:35.934 <appInfo:541> IPchangeMaxFailedBeforeExit=3
Feb 23 17:45:35.935 <appInfo:543> AppRunning=388.20602506142666 sec
Feb 23 17:45:36.276 <write:907> -------------------------CHANGING-IP------------------------
Feb 23 17:45:36.287 <newIP:1159> Killing previous circuit ID 212 
Feb 23 17:45:36.287 <newIP:1159> Killing previous circuit ID 213 
Feb 23 17:45:36.288 <newIP:1159> Killing previous circuit ID 214 
Feb 23 17:45:36.289 <newIP:1159> Killing previous circuit ID 215 
Feb 23 17:45:36.289 <newIP:1159> Killing previous circuit ID 216 
Feb 23 17:45:36.297 <newIP:1183> Requesting new IP 127.0.0.1:9050 OK
Feb 23 17:45:45.321 <fetching:1016> 127.0.0.1:9050 failed
Feb 23 17:45:45.936 <appInfo:538> IPchanged=38
Feb 23 17:45:45.936 <appInfo:539> IPfetched=0
Feb 23 17:45:45.936 <appInfo:540> IPchangeFailed=0
Feb 23 17:45:45.936 <appInfo:541> IPchangeMaxFailedBeforeExit=3
Feb 23 17:45:45.937 <appInfo:543> AppRunning=398.20683350959337 sec
Feb 23 17:45:46.283 <write:907> -------------------------CHANGING-IP------------------------
Feb 23 17:45:46.294 <newIP:1159> Killing previous circuit ID 218 
Feb 23 17:45:46.294 <newIP:1159> Killing previous circuit ID 217 
Feb 23 17:45:46.295 <newIP:1159> Killing previous circuit ID 219 
Feb 23 17:45:46.295 <newIP:1159> Killing previous circuit ID 220 
Feb 23 17:45:46.296 <newIP:1159> Killing previous circuit ID 221 
Feb 23 17:45:46.301 <newIP:1183> Requesting new IP 127.0.0.1:9050 OK
Feb 23 17:45:55.318 <fetching:1016> 127.0.0.1:9050 failed
Feb 23 17:45:55.937 <appInfo:538> IPchanged=39
Feb 23 17:45:55.937 <appInfo:539> IPfetched=0
Feb 23 17:45:55.937 <appInfo:540> IPchangeFailed=0
Feb 23 17:45:55.937 <appInfo:541> IPchangeMaxFailedBeforeExit=3
Feb 23 17:45:55.938 <appInfo:543> AppRunning=408.2076914069844 sec
Feb 23 17:45:56.292 <write:907> -------------------------CHANGING-IP------------------------
Feb 23 17:45:56.302 <newIP:1159> Killing previous circuit ID 223 
Feb 23 17:45:56.303 <newIP:1159> Killing previous circuit ID 224 
Feb 23 17:45:56.304 <newIP:1159> Killing previous circuit ID 225 
Feb 23 17:45:56.304 <newIP:1159> Killing previous circuit ID 226 
Feb 23 17:45:56.305 <newIP:1159> Killing previous circuit ID 227 
Feb 23 17:45:56.315 <newIP:1183> Requesting new IP 127.0.0.1:9050 OK
Feb 23 17:46:05.320 <fetching:1016> 127.0.0.1:9050 failed
Feb 23 17:46:05.939 <appInfo:538> IPchanged=40
Feb 23 17:46:05.939 <appInfo:539> IPfetched=0
Feb 23 17:46:05.939 <appInfo:540> IPchangeFailed=0
Feb 23 17:46:05.939 <appInfo:541> IPchangeMaxFailedBeforeExit=3
Feb 23 17:46:05.940 <appInfo:543> AppRunning=418.20868179097624 sec
Feb 23 17:46:06.303 <write:907> -------------------------CHANGING-IP------------------------
Feb 23 17:46:06.317 <newIP:1159> Killing previous circuit ID 228 
Feb 23 17:46:06.317 <newIP:1159> Killing previous circuit ID 229 
Feb 23 17:46:06.318 <newIP:1159> Killing previous circuit ID 230 
Feb 23 17:46:06.318 <newIP:1159> Killing previous circuit ID 231 
Feb 23 17:46:06.319 <newIP:1159> Killing previous circuit ID 232 
Feb 23 17:46:06.320 <newIP:1159> Killing previous circuit ID 233 
Feb 23 17:46:06.328 <newIP:1183> Requesting new IP 127.0.0.1:9050 OK
Feb 23 17:46:15.315 <fetching:1016> 127.0.0.1:9050 failed
Feb 23 17:46:15.941 <appInfo:538> IPchanged=41
Feb 23 17:46:15.941 <appInfo:539> IPfetched=0
Feb 23 17:46:15.941 <appInfo:540> IPchangeFailed=0
Feb 23 17:46:15.941 <appInfo:541> IPchangeMaxFailedBeforeExit=3
Feb 23 17:46:15.942 <appInfo:543> AppRunning=428.2096040656592 sec
Feb 23 17:46:16.312 <write:907> -------------------------CHANGING-IP------------------------
Feb 23 17:46:16.322 <newIP:1159> Killing previous circuit ID 234 
Feb 23 17:46:16.323 <newIP:1159> Killing previous circuit ID 235 
Feb 23 17:46:16.324 <newIP:1159> Killing previous circuit ID 236 
Feb 23 17:46:16.324 <newIP:1159> Killing previous circuit ID 237 
Feb 23 17:46:16.325 <newIP:1159> Killing previous circuit ID 238 
Feb 23 17:46:16.331 <newIP:1183> Requesting new IP 127.0.0.1:9050 OK
Feb 23 17:46:25.414 <fetching:1016> 127.0.0.1:9050 failed
Feb 23 17:46:25.942 <appInfo:538> IPchanged=42
Feb 23 17:46:25.942 <appInfo:539> IPfetched=0
Feb 23 17:46:25.942 <appInfo:540> IPchangeFailed=0
Feb 23 17:46:25.942 <appInfo:541> IPchangeMaxFailedBeforeExit=3
Feb 23 17:46:25.943 <appInfo:543> AppRunning=438.210533337874 sec
Feb 23 17:46:26.322 <write:907> -------------------------CHANGING-IP------------------------
Feb 23 17:46:26.333 <newIP:1159> Killing previous circuit ID 239 
Feb 23 17:46:26.333 <newIP:1159> Killing previous circuit ID 240 
Feb 23 17:46:26.334 <newIP:1159> Killing previous circuit ID 241 
Feb 23 17:46:26.335 <newIP:1159> Killing previous circuit ID 242 
Feb 23 17:46:26.335 <newIP:1159> Killing previous circuit ID 243 
Feb 23 17:46:26.341 <newIP:1183> Requesting new IP 127.0.0.1:9050 OK
Feb 23 17:46:35.416 <fetching:1016> 127.0.0.1:9050 failed
Feb 23 17:46:35.944 <appInfo:538> IPchanged=43
Feb 23 17:46:35.944 <appInfo:539> IPfetched=0
Feb 23 17:46:35.944 <appInfo:540> IPchangeFailed=0
Feb 23 17:46:35.944 <appInfo:541> IPchangeMaxFailedBeforeExit=3
Feb 23 17:46:35.945 <appInfo:543> AppRunning=448.2114574785654 sec
Feb 23 17:46:36.331 <write:907> -------------------------CHANGING-IP------------------------
Feb 23 17:46:36.342 <newIP:1159> Killing previous circuit ID 244 
Feb 23 17:46:36.342 <newIP:1159> Killing previous circuit ID 245 
Feb 23 17:46:36.343 <newIP:1159> Killing previous circuit ID 246 
Feb 23 17:46:36.343 <newIP:1159> Killing previous circuit ID 247 
Feb 23 17:46:36.344 <newIP:1159> Killing previous circuit ID 248 
Feb 23 17:46:36.350 <newIP:1183> Requesting new IP 127.0.0.1:9050 OK
Feb 23 17:46:37.686 <fetching:1016> 127.0.0.1:9050 failed
Feb 23 17:46:45.945 <appInfo:538> IPchanged=44
Feb 23 17:46:45.945 <appInfo:539> IPfetched=0
Feb 23 17:46:45.945 <appInfo:540> IPchangeFailed=0
Feb 23 17:46:45.945 <appInfo:541> IPchangeMaxFailedBeforeExit=3
Feb 23 17:46:45.946 <appInfo:543> AppRunning=458.2125005772964 sec
Feb 23 17:46:46.340 <write:907> -------------------------CHANGING-IP------------------------
Feb 23 17:46:46.351 <newIP:1159> Killing previous circuit ID 249 
Feb 23 17:46:46.351 <newIP:1159> Killing previous circuit ID 251 
Feb 23 17:46:46.352 <newIP:1159> Killing previous circuit ID 252 
Feb 23 17:46:46.352 <newIP:1159> Killing previous circuit ID 253 
Feb 23 17:46:46.360 <newIP:1183> Requesting new IP 127.0.0.1:9050 OK
Feb 23 17:46:55.433 <fetching:1016> 127.0.0.1:9050 failed
Feb 23 17:46:55.947 <appInfo:538> IPchanged=45
Feb 23 17:46:55.947 <appInfo:539> IPfetched=0
Feb 23 17:46:55.947 <appInfo:540> IPchangeFailed=0
Feb 23 17:46:55.947 <appInfo:541> IPchangeMaxFailedBeforeExit=3
Feb 23 17:46:55.948 <appInfo:543> AppRunning=468.21344431107667 sec
Feb 23 17:46:56.351 <write:907> -------------------------CHANGING-IP------------------------
Feb 23 17:46:56.362 <newIP:1159> Killing previous circuit ID 254 
Feb 23 17:46:56.362 <newIP:1159> Killing previous circuit ID 255 
Feb 23 17:46:56.363 <newIP:1159> Killing previous circuit ID 256 
Feb 23 17:46:56.364 <newIP:1159> Killing previous circuit ID 257 
Feb 23 17:46:56.371 <newIP:1183> Requesting new IP 127.0.0.1:9050 OK
Feb 23 17:47:05.432 <fetching:1016> 127.0.0.1:9050 failed
Feb 23 17:47:05.948 <appInfo:538> IPchanged=46
Feb 23 17:47:05.948 <appInfo:539> IPfetched=0
Feb 23 17:47:05.948 <appInfo:540> IPchangeFailed=0
Feb 23 17:47:05.948 <appInfo:541> IPchangeMaxFailedBeforeExit=3
Feb 23 17:47:05.949 <appInfo:543> AppRunning=478.2142243026143 sec
Feb 23 17:47:06.362 <write:907> -------------------------CHANGING-IP------------------------
Feb 23 17:47:06.373 <newIP:1159> Killing previous circuit ID 259 
Feb 23 17:47:06.373 <newIP:1159> Killing previous circuit ID 264 
Feb 23 17:47:06.374 <newIP:1159> Killing previous circuit ID 258 
Feb 23 17:47:06.374 <newIP:1159> Killing previous circuit ID 260 
Feb 23 17:47:06.375 <newIP:1159> Killing previous circuit ID 261 
Feb 23 17:47:06.375 <newIP:1159> Killing previous circuit ID 263 
Feb 23 17:47:06.381 <newIP:1183> Requesting new IP 127.0.0.1:9050 OK
Feb 23 17:47:15.433 <fetching:1016> 127.0.0.1:9050 failed
Feb 23 17:47:15.950 <appInfo:538> IPchanged=47
Feb 23 17:47:15.950 <appInfo:539> IPfetched=0
Feb 23 17:47:15.950 <appInfo:540> IPchangeFailed=0
Feb 23 17:47:15.950 <appInfo:541> IPchangeMaxFailedBeforeExit=3
Feb 23 17:47:15.951 <appInfo:543> AppRunning=488.2151442447867 sec
Feb 23 17:47:16.372 <write:907> -------------------------CHANGING-IP------------------------
Feb 23 17:47:16.383 <newIP:1159> Killing previous circuit ID 265 
Feb 23 17:47:16.384 <newIP:1159> Killing previous circuit ID 266 
Feb 23 17:47:16.385 <newIP:1159> Killing previous circuit ID 267 
Feb 23 17:47:16.385 <newIP:1159> Killing previous circuit ID 268 
Feb 23 17:47:16.386 <newIP:1159> Killing previous circuit ID 269 
Feb 23 17:47:16.386 <newIP:1159> Killing previous circuit ID 270 
Feb 23 17:47:16.394 <newIP:1183> Requesting new IP 127.0.0.1:9050 OK
Feb 23 17:47:25.425 <fetching:1016> 127.0.0.1:9050 failed
Feb 23 17:47:25.952 <appInfo:538> IPchanged=48
Feb 23 17:47:25.952 <appInfo:539> IPfetched=0
Feb 23 17:47:25.952 <appInfo:540> IPchangeFailed=0
Feb 23 17:47:25.952 <appInfo:541> IPchangeMaxFailedBeforeExit=3
Feb 23 17:47:25.953 <appInfo:543> AppRunning=498.2160333978195 sec
Feb 23 17:47:26.383 <write:907> -------------------------CHANGING-IP------------------------
Feb 23 17:47:26.394 <newIP:1159> Killing previous circuit ID 272 
Feb 23 17:47:26.394 <newIP:1159> Killing previous circuit ID 271 
Feb 23 17:47:26.395 <newIP:1159> Killing previous circuit ID 273 
Feb 23 17:47:26.395 <newIP:1159> Killing previous circuit ID 274 
Feb 23 17:47:26.396 <newIP:1159> Killing previous circuit ID 275 
Feb 23 17:47:26.402 <newIP:1183> Requesting new IP 127.0.0.1:9050 OK
Feb 23 17:47:35.425 <fetching:1016> 127.0.0.1:9050 failed
Feb 23 17:47:35.953 <appInfo:538> IPchanged=49
Feb 23 17:47:35.953 <appInfo:539> IPfetched=0
Feb 23 17:47:35.953 <appInfo:540> IPchangeFailed=0
Feb 23 17:47:35.953 <appInfo:541> IPchangeMaxFailedBeforeExit=3
Feb 23 17:47:35.954 <appInfo:543> AppRunning=508.2169953251823 sec
Feb 23 17:47:36.392 <write:907> -------------------------CHANGING-IP------------------------
Feb 23 17:47:36.403 <newIP:1159> Killing previous circuit ID 277 
Feb 23 17:47:36.403 <newIP:1159> Killing previous circuit ID 276 
Feb 23 17:47:36.404 <newIP:1159> Killing previous circuit ID 278 
Feb 23 17:47:36.405 <newIP:1159> Killing previous circuit ID 279 
Feb 23 17:47:36.405 <newIP:1159> Killing previous circuit ID 280 
Feb 23 17:47:36.417 <newIP:1183> Requesting new IP 127.0.0.1:9050 OK
Feb 23 17:47:45.429 <fetching:1016> 127.0.0.1:9050 failed
Feb 23 17:47:45.955 <appInfo:538> IPchanged=50
Feb 23 17:47:45.955 <appInfo:539> IPfetched=0
Feb 23 17:47:45.955 <appInfo:540> IPchangeFailed=0
Feb 23 17:47:45.955 <appInfo:541> IPchangeMaxFailedBeforeExit=3
Feb 23 17:47:45.956 <appInfo:543> AppRunning=518.2178826122066 sec
Feb 23 17:47:46.401 <write:907> -------------------------CHANGING-IP------------------------
Feb 23 17:47:46.412 <newIP:1159> Killing previous circuit ID 282 
Feb 23 17:47:46.418 <newIP:1159> Killing previous circuit ID 281 
Feb 23 17:47:46.419 <newIP:1159> Killing previous circuit ID 283 
Feb 23 17:47:46.419 <newIP:1159> Killing previous circuit ID 284 
Feb 23 17:47:46.420 <newIP:1159> Killing previous circuit ID 285 
Feb 23 17:47:46.420 <newIP:1159> Killing previous circuit ID 286 
Feb 23 17:47:46.427 <newIP:1183> Requesting new IP 127.0.0.1:9050 OK
Feb 23 17:47:48.305 <fetching:1016> 127.0.0.1:9050 failed
Feb 23 17:47:55.956 <appInfo:538> IPchanged=51
Feb 23 17:47:55.956 <appInfo:539> IPfetched=0
Feb 23 17:47:55.956 <appInfo:540> IPchangeFailed=0
Feb 23 17:47:55.956 <appInfo:541> IPchangeMaxFailedBeforeExit=3
Feb 23 17:47:55.957 <appInfo:543> AppRunning=528.2189415720095 sec
Feb 23 17:47:56.411 <write:907> -------------------------CHANGING-IP------------------------
Feb 23 17:47:56.425 <newIP:1159> Killing previous circuit ID 288 
Feb 23 17:47:56.426 <newIP:1159> Killing previous circuit ID 287 
Feb 23 17:47:56.426 <newIP:1159> Killing previous circuit ID 289 
Feb 23 17:47:56.427 <newIP:1159> Killing previous circuit ID 290 
Feb 23 17:47:56.427 <newIP:1159> Killing previous circuit ID 291 
Feb 23 17:47:56.434 <newIP:1183> Requesting new IP 127.0.0.1:9050 OK
Feb 23 17:48:05.423 <fetching:1016> 127.0.0.1:9050 failed
Feb 23 17:48:05.958 <appInfo:538> IPchanged=52
Feb 23 17:48:05.958 <appInfo:539> IPfetched=0
Feb 23 17:48:05.958 <appInfo:540> IPchangeFailed=0
Feb 23 17:48:05.958 <appInfo:541> IPchangeMaxFailedBeforeExit=3
Feb 23 17:48:05.959 <appInfo:543> AppRunning=538.2197686802608 sec
Feb 23 17:48:06.421 <write:907> -------------------------CHANGING-IP------------------------
Feb 23 17:48:06.432 <newIP:1159> Killing previous circuit ID 293 
Feb 23 17:48:06.432 <newIP:1159> Killing previous circuit ID 292 
Feb 23 17:48:06.433 <newIP:1159> Killing previous circuit ID 294 
Feb 23 17:48:06.434 <newIP:1159> Killing previous circuit ID 295 
Feb 23 17:48:06.434 <newIP:1159> Killing previous circuit ID 296 
Feb 23 17:48:06.442 <newIP:1183> Requesting new IP 127.0.0.1:9050 OK
Feb 23 17:48:15.521 <fetching:1016> 127.0.0.1:9050 failed
Feb 23 17:48:15.959 <appInfo:538> IPchanged=53
Feb 23 17:48:15.959 <appInfo:539> IPfetched=0
Feb 23 17:48:15.959 <appInfo:540> IPchangeFailed=0
Feb 23 17:48:15.959 <appInfo:541> IPchangeMaxFailedBeforeExit=3
Feb 23 17:48:15.960 <appInfo:543> AppRunning=548.2206904884417 sec
Feb 23 17:48:16.430 <write:907> -------------------------CHANGING-IP------------------------
Feb 23 17:48:16.442 <newIP:1159> Killing previous circuit ID 298 
Feb 23 17:48:16.442 <newIP:1159> Killing previous circuit ID 297 
Feb 23 17:48:16.443 <newIP:1159> Killing previous circuit ID 299 
Feb 23 17:48:16.443 <newIP:1159> Killing previous circuit ID 300 
Feb 23 17:48:16.444 <newIP:1159> Killing previous circuit ID 302 
Feb 23 17:48:16.450 <newIP:1183> Requesting new IP 127.0.0.1:9050 OK
Feb 23 17:48:25.538 <fetching:1016> 127.0.0.1:9050 failed
Feb 23 17:48:25.961 <appInfo:538> IPchanged=54
Feb 23 17:48:25.961 <appInfo:539> IPfetched=0
Feb 23 17:48:25.961 <appInfo:540> IPchangeFailed=0
Feb 23 17:48:25.961 <appInfo:541> IPchangeMaxFailedBeforeExit=3
Feb 23 17:48:25.962 <appInfo:543> AppRunning=558.2217214581177 sec
Feb 23 17:48:26.441 <write:907> -------------------------CHANGING-IP------------------------
Feb 23 17:48:26.452 <newIP:1159> Killing previous circuit ID 304 
Feb 23 17:48:26.453 <newIP:1159> Killing previous circuit ID 303 
Feb 23 17:48:26.454 <newIP:1159> Killing previous circuit ID 305 
Feb 23 17:48:26.454 <newIP:1159> Killing previous circuit ID 306 
Feb 23 17:48:26.455 <newIP:1159> Killing previous circuit ID 307 
Feb 23 17:48:26.455 <newIP:1159> Killing previous circuit ID 308 
Feb 23 17:48:26.456 <newIP:1159> Killing previous circuit ID 309 
Feb 23 17:48:26.463 <newIP:1183> Requesting new IP 127.0.0.1:9050 OK
Feb 23 17:48:35.528 <fetching:1016> 127.0.0.1:9050 failed
Feb 23 17:48:35.963 <appInfo:538> IPchanged=55
Feb 23 17:48:35.963 <appInfo:539> IPfetched=0
Feb 23 17:48:35.963 <appInfo:540> IPchangeFailed=0
Feb 23 17:48:35.963 <appInfo:541> IPchangeMaxFailedBeforeExit=3
Feb 23 17:48:35.964 <appInfo:543> AppRunning=568.2225681594579 sec
Feb 23 17:48:36.450 <write:907> -------------------------CHANGING-IP------------------------
Feb 23 17:48:36.461 <newIP:1159> Killing previous circuit ID 311 
Feb 23 17:48:36.461 <newIP:1159> Killing previous circuit ID 310 
Feb 23 17:48:36.462 <newIP:1159> Killing previous circuit ID 312 
Feb 23 17:48:36.463 <newIP:1159> Killing previous circuit ID 313 
Feb 23 17:48:36.463 <newIP:1159> Killing previous circuit ID 314 
Feb 23 17:48:36.469 <newIP:1183> Requesting new IP 127.0.0.1:9050 OK
Feb 23 17:48:45.539 <fetching:1016> 127.0.0.1:9050 failed
Feb 23 17:48:45.964 <appInfo:538> IPchanged=56
Feb 23 17:48:45.964 <appInfo:539> IPfetched=0
Feb 23 17:48:45.964 <appInfo:540> IPchangeFailed=0
Feb 23 17:48:45.964 <appInfo:541> IPchangeMaxFailedBeforeExit=3
Feb 23 17:48:45.965 <appInfo:543> AppRunning=578.2234689750435 sec
Feb 23 17:48:46.460 <write:907> -------------------------CHANGING-IP------------------------
Feb 23 17:48:46.471 <newIP:1159> Killing previous circuit ID 316 
Feb 23 17:48:46.471 <newIP:1159> Killing previous circuit ID 315 
Feb 23 17:48:46.472 <newIP:1159> Killing previous circuit ID 317 
Feb 23 17:48:46.472 <newIP:1159> Killing previous circuit ID 318 
Feb 23 17:48:46.473 <newIP:1159> Killing previous circuit ID 319 
Feb 23 17:48:46.479 <newIP:1183> Requesting new IP 127.0.0.1:9050 OK
Feb 23 17:48:55.526 <fetching:1016> 127.0.0.1:9050 failed
Feb 23 17:48:55.966 <appInfo:538> IPchanged=57
Feb 23 17:48:55.966 <appInfo:539> IPfetched=0
Feb 23 17:48:55.966 <appInfo:540> IPchangeFailed=0
Feb 23 17:48:55.966 <appInfo:541> IPchangeMaxFailedBeforeExit=3
Feb 23 17:48:55.967 <appInfo:543> AppRunning=588.2243469320255 sec
Feb 23 17:48:56.471 <write:907> -------------------------CHANGING-IP------------------------
Feb 23 17:48:56.482 <newIP:1159> Killing previous circuit ID 321 
Feb 23 17:48:56.483 <newIP:1159> Killing previous circuit ID 320 
Feb 23 17:48:56.483 <newIP:1159> Killing previous circuit ID 322 
Feb 23 17:48:56.484 <newIP:1159> Killing previous circuit ID 323 
Feb 23 17:48:56.484 <newIP:1159> Killing previous circuit ID 324 
Feb 23 17:48:56.490 <newIP:1183> Requesting new IP 127.0.0.1:9050 OK
Feb 23 17:48:59.188 <fetching:1016> 127.0.0.1:9050 failed
Feb 23 17:49:05.967 <appInfo:538> IPchanged=58
Feb 23 17:49:05.967 <appInfo:539> IPfetched=0
Feb 23 17:49:05.967 <appInfo:540> IPchangeFailed=0
Feb 23 17:49:05.967 <appInfo:541> IPchangeMaxFailedBeforeExit=3
Feb 23 17:49:05.968 <appInfo:543> AppRunning=598.225533246906 sec
Feb 23 17:49:06.481 <write:907> -------------------------CHANGING-IP------------------------
Feb 23 17:49:06.492 <newIP:1159> Killing previous circuit ID 327 
Feb 23 17:49:06.492 <newIP:1159> Killing previous circuit ID 326 
Feb 23 17:49:06.493 <newIP:1159> Killing previous circuit ID 328 
Feb 23 17:49:06.493 <newIP:1159> Killing previous circuit ID 329 
Feb 23 17:49:06.494 <newIP:1159> Killing previous circuit ID 330 
Feb 23 17:49:06.500 <newIP:1183> Requesting new IP 127.0.0.1:9050 OK
Feb 23 17:49:15.527 <fetching:1016> 127.0.0.1:9050 failed
Feb 23 17:49:15.969 <appInfo:538> IPchanged=59
Feb 23 17:49:15.969 <appInfo:539> IPfetched=0
Feb 23 17:49:15.969 <appInfo:540> IPchangeFailed=0
Feb 23 17:49:15.969 <appInfo:541> IPchangeMaxFailedBeforeExit=3
Feb 23 17:49:15.970 <appInfo:543> AppRunning=608.2262423301221 sec
Feb 23 17:49:16.492 <write:907> -------------------------CHANGING-IP------------------------
Feb 23 17:49:16.503 <newIP:1159> Killing previous circuit ID 332 
Feb 23 17:49:16.503 <newIP:1159> Killing previous circuit ID 331 
Feb 23 17:49:16.504 <newIP:1159> Killing previous circuit ID 333 
Feb 23 17:49:16.504 <newIP:1159> Killing previous circuit ID 334 
Feb 23 17:49:16.505 <newIP:1159> Killing previous circuit ID 335 
Feb 23 17:49:16.511 <newIP:1183> Requesting new IP 127.0.0.1:9050 OK
Feb 23 17:49:25.526 <fetching:1016> 127.0.0.1:9050 failed
Feb 23 17:49:25.970 <appInfo:538> IPchanged=60
Feb 23 17:49:25.970 <appInfo:539> IPfetched=0
Feb 23 17:49:25.970 <appInfo:540> IPchangeFailed=0
Feb 23 17:49:25.970 <appInfo:541> IPchangeMaxFailedBeforeExit=3
Feb 23 17:49:25.971 <appInfo:543> AppRunning=618.227269101279 sec
Feb 23 17:49:26.503 <write:907> -------------------------CHANGING-IP------------------------
Feb 23 17:49:26.513 <newIP:1159> Killing previous circuit ID 337 
Feb 23 17:49:26.514 <newIP:1159> Killing previous circuit ID 336 
Feb 23 17:49:26.514 <newIP:1159> Killing previous circuit ID 338 
Feb 23 17:49:26.515 <newIP:1159> Killing previous circuit ID 339 
Feb 23 17:49:26.515 <newIP:1159> Killing previous circuit ID 340 
Feb 23 17:49:26.524 <newIP:1183> Requesting new IP 127.0.0.1:9050 OK
Feb 23 17:49:35.526 <fetching:1016> 127.0.0.1:9050 failed
Feb 23 17:49:35.972 <appInfo:538> IPchanged=61
Feb 23 17:49:35.972 <appInfo:539> IPfetched=0
Feb 23 17:49:35.972 <appInfo:540> IPchangeFailed=0
Feb 23 17:49:35.972 <appInfo:541> IPchangeMaxFailedBeforeExit=3
Feb 23 17:49:35.973 <appInfo:543> AppRunning=628.2281167356234 sec
Feb 23 17:49:36.513 <write:907> -------------------------CHANGING-IP------------------------
Feb 23 17:49:36.527 <newIP:1159> Killing previous circuit ID 342 
Feb 23 17:49:36.528 <newIP:1159> Killing previous circuit ID 341 
Feb 23 17:49:36.528 <newIP:1159> Killing previous circuit ID 343 
Feb 23 17:49:36.529 <newIP:1159> Killing previous circuit ID 344 
Feb 23 17:49:36.529 <newIP:1159> Killing previous circuit ID 345 
Feb 23 17:49:36.536 <newIP:1183> Requesting new IP 127.0.0.1:9050 OK
Feb 23 17:49:45.527 <fetching:1016> 127.0.0.1:9050 failed
Feb 23 17:49:45.974 <appInfo:538> IPchanged=62
Feb 23 17:49:45.974 <appInfo:539> IPfetched=0
Feb 23 17:49:45.974 <appInfo:540> IPchangeFailed=0
Feb 23 17:49:45.974 <appInfo:541> IPchangeMaxFailedBeforeExit=3
Feb 23 17:49:45.975 <appInfo:543> AppRunning=638.2289998241287 sec
Feb 23 17:49:46.526 <write:907> -------------------------CHANGING-IP------------------------
Feb 23 17:49:46.539 <newIP:1159> Killing previous circuit ID 347 
Feb 23 17:49:46.539 <newIP:1159> Killing previous circuit ID 346 
Feb 23 17:49:46.540 <newIP:1159> Killing previous circuit ID 348 
Feb 23 17:49:46.540 <newIP:1159> Killing previous circuit ID 349 
Feb 23 17:49:46.541 <newIP:1159> Killing previous circuit ID 350 
Feb 23 17:49:46.548 <newIP:1183> Requesting new IP 127.0.0.1:9050 OK
Feb 23 17:49:55.529 <fetching:1016> 127.0.0.1:9050 failed
Feb 23 17:49:55.975 <appInfo:538> IPchanged=63
Feb 23 17:49:55.975 <appInfo:539> IPfetched=0
Feb 23 17:49:55.975 <appInfo:540> IPchangeFailed=0
Feb 23 17:49:55.975 <appInfo:541> IPchangeMaxFailedBeforeExit=3
Feb 23 17:49:55.976 <appInfo:543> AppRunning=648.2299412253984 sec
Feb 23 17:49:56.536 <write:907> -------------------------CHANGING-IP------------------------
Feb 23 17:49:56.548 <newIP:1159> Killing previous circuit ID 352 
Feb 23 17:49:56.548 <newIP:1159> Killing previous circuit ID 351 
Feb 23 17:49:56.549 <newIP:1159> Killing previous circuit ID 357 
Feb 23 17:49:56.549 <newIP:1159> Killing previous circuit ID 354 
Feb 23 17:49:56.550 <newIP:1159> Killing previous circuit ID 355 
Feb 23 17:49:56.556 <newIP:1183> Requesting new IP 127.0.0.1:9050 OK
Feb 23 17:50:05.618 <fetching:1016> 127.0.0.1:9050 failed
Feb 23 17:50:05.977 <appInfo:538> IPchanged=64
Feb 23 17:50:05.977 <appInfo:539> IPfetched=0
Feb 23 17:50:05.977 <appInfo:540> IPchangeFailed=0
Feb 23 17:50:05.977 <appInfo:541> IPchangeMaxFailedBeforeExit=3
Feb 23 17:50:05.978 <appInfo:543> AppRunning=658.2308611675709 sec
Feb 23 17:50:06.548 <write:907> -------------------------CHANGING-IP------------------------
Feb 23 17:50:06.559 <newIP:1159> Killing previous circuit ID 358 
Feb 23 17:50:06.559 <newIP:1159> Killing previous circuit ID 359 
Feb 23 17:50:06.560 <newIP:1159> Killing previous circuit ID 360 
Feb 23 17:50:06.560 <newIP:1159> Killing previous circuit ID 361 
Feb 23 17:50:06.561 <newIP:1159> Killing previous circuit ID 362 
Feb 23 17:50:06.567 <newIP:1183> Requesting new IP 127.0.0.1:9050 OK
Feb 23 17:50:08.305 <fetching:1016> 127.0.0.1:9050 failed
Feb 23 17:50:15.978 <appInfo:538> IPchanged=65
Feb 23 17:50:15.978 <appInfo:539> IPfetched=0
Feb 23 17:50:15.978 <appInfo:540> IPchangeFailed=0
Feb 23 17:50:15.978 <appInfo:541> IPchangeMaxFailedBeforeExit=3
Feb 23 17:50:15.979 <appInfo:543> AppRunning=668.2319019337913 sec
Feb 23 17:50:16.557 <write:907> -------------------------CHANGING-IP------------------------
Feb 23 17:50:16.568 <newIP:1159> Killing previous circuit ID 367 
Feb 23 17:50:16.568 <newIP:1159> Killing previous circuit ID 364 
Feb 23 17:50:16.569 <newIP:1159> Killing previous circuit ID 363 
Feb 23 17:50:16.570 <newIP:1159> Killing previous circuit ID 365 
Feb 23 17:50:16.570 <newIP:1159> Killing previous circuit ID 366 
Feb 23 17:50:16.576 <newIP:1183> Requesting new IP 127.0.0.1:9050 OK
Feb 23 17:50:25.632 <fetching:1016> 127.0.0.1:9050 failed
Feb 23 17:50:25.980 <appInfo:538> IPchanged=66
Feb 23 17:50:25.980 <appInfo:539> IPfetched=0
Feb 23 17:50:25.980 <appInfo:540> IPchangeFailed=0
Feb 23 17:50:25.980 <appInfo:541> IPchangeMaxFailedBeforeExit=3
Feb 23 17:50:25.981 <appInfo:543> AppRunning=678.2327248435236 sec
Feb 23 17:50:26.569 <write:907> -------------------------CHANGING-IP------------------------
Feb 23 17:50:26.580 <newIP:1159> Killing previous circuit ID 369 
Feb 23 17:50:26.580 <newIP:1159> Killing previous circuit ID 368 
Feb 23 17:50:26.581 <newIP:1159> Killing previous circuit ID 370 
Feb 23 17:50:26.582 <newIP:1159> Killing previous circuit ID 371 
Feb 23 17:50:26.583 <newIP:1159> Killing previous circuit ID 372 
Feb 23 17:50:26.584 <newIP:1159> Killing previous circuit ID 373 
Feb 23 17:50:26.591 <newIP:1183> Requesting new IP 127.0.0.1:9050 OK
Feb 23 17:50:35.636 <fetching:1016> 127.0.0.1:9050 failed
Feb 23 17:50:35.981 <appInfo:538> IPchanged=67
Feb 23 17:50:35.981 <appInfo:539> IPfetched=0
Feb 23 17:50:35.981 <appInfo:540> IPchangeFailed=0
Feb 23 17:50:35.981 <appInfo:541> IPchangeMaxFailedBeforeExit=3
Feb 23 17:50:35.982 <appInfo:543> AppRunning=688.2336242596028 sec
Feb 23 17:50:36.578 <write:907> -------------------------CHANGING-IP------------------------
Feb 23 17:50:36.589 <newIP:1159> Killing previous circuit ID 375 
Feb 23 17:50:36.589 <newIP:1159> Killing previous circuit ID 374 
Feb 23 17:50:36.590 <newIP:1159> Killing previous circuit ID 376 
Feb 23 17:50:36.590 <newIP:1159> Killing previous circuit ID 377 
Feb 23 17:50:36.591 <newIP:1159> Killing previous circuit ID 378 
Feb 23 17:50:36.598 <newIP:1183> Requesting new IP 127.0.0.1:9050 OK
Feb 23 17:50:45.631 <fetching:1016> 127.0.0.1:9050 failed
Feb 23 17:50:45.983 <appInfo:538> IPchanged=68
Feb 23 17:50:45.983 <appInfo:539> IPfetched=0
Feb 23 17:50:45.983 <appInfo:540> IPchangeFailed=0
Feb 23 17:50:45.983 <appInfo:541> IPchangeMaxFailedBeforeExit=3
Feb 23 17:50:45.984 <appInfo:543> AppRunning=698.2345451347794 sec
Feb 23 17:50:46.588 <write:907> -------------------------CHANGING-IP------------------------
Feb 23 17:50:46.599 <newIP:1159> Killing previous circuit ID 379 
Feb 23 17:50:46.599 <newIP:1159> Killing previous circuit ID 380 
Feb 23 17:50:46.600 <newIP:1159> Killing previous circuit ID 384 
Feb 23 17:50:46.600 <newIP:1159> Killing previous circuit ID 382 
Feb 23 17:50:46.601 <newIP:1159> Killing previous circuit ID 383 
Feb 23 17:50:46.607 <newIP:1183> Requesting new IP 127.0.0.1:9050 OK
Feb 23 17:50:55.634 <fetching:1016> 127.0.0.1:9050 failed
Feb 23 17:50:55.985 <appInfo:538> IPchanged=69
Feb 23 17:50:55.985 <appInfo:539> IPfetched=0
Feb 23 17:50:55.985 <appInfo:540> IPchangeFailed=0
Feb 23 17:50:55.986 <appInfo:541> IPchangeMaxFailedBeforeExit=3
Feb 23 17:50:55.986 <appInfo:543> AppRunning=708.235663340351 sec
Feb 23 17:50:56.600 <write:907> -------------------------CHANGING-IP------------------------
Feb 23 17:50:56.614 <newIP:1159> Killing previous circuit ID 387 
Feb 23 17:50:56.614 <newIP:1159> Killing previous circuit ID 386 
Feb 23 17:50:56.615 <newIP:1159> Killing previous circuit ID 385 
Feb 23 17:50:56.616 <newIP:1159> Killing previous circuit ID 388 
Feb 23 17:50:56.616 <newIP:1159> Killing previous circuit ID 389 
Feb 23 17:50:56.626 <newIP:1183> Requesting new IP 127.0.0.1:9050 OK
Feb 23 17:51:05.638 <fetching:1016> 127.0.0.1:9050 failed
Feb 23 17:51:05.986 <appInfo:538> IPchanged=70
Feb 23 17:51:05.986 <appInfo:539> IPfetched=0
Feb 23 17:51:05.986 <appInfo:540> IPchangeFailed=0
Feb 23 17:51:05.986 <appInfo:541> IPchangeMaxFailedBeforeExit=3
Feb 23 17:51:05.987 <appInfo:543> AppRunning=718.2364153417618 sec
Feb 23 17:51:06.610 <write:907> -------------------------CHANGING-IP------------------------
Feb 23 17:51:06.628 <newIP:1159> Killing previous circuit ID 391 
Feb 23 17:51:06.628 <newIP:1159> Killing previous circuit ID 390 
Feb 23 17:51:06.629 <newIP:1159> Killing previous circuit ID 392 
Feb 23 17:51:06.629 <newIP:1159> Killing previous circuit ID 393 
Feb 23 17:51:06.630 <newIP:1159> Killing previous circuit ID 395 
Feb 23 17:51:06.642 <newIP:1183> Requesting new IP 127.0.0.1:9050 OK
Feb 23 17:51:15.649 <fetching:1016> 127.0.0.1:9050 failed
Feb 23 17:51:15.988 <appInfo:538> IPchanged=71
Feb 23 17:51:15.988 <appInfo:539> IPfetched=0
Feb 23 17:51:15.988 <appInfo:540> IPchangeFailed=0
Feb 23 17:51:15.988 <appInfo:541> IPchangeMaxFailedBeforeExit=3
Feb 23 17:51:15.989 <appInfo:543> AppRunning=728.2372779041739 sec
Feb 23 17:51:16.621 <write:907> -------------------------CHANGING-IP------------------------
Feb 23 17:51:16.639 <newIP:1159> Killing previous circuit ID 397 
Feb 23 17:51:16.639 <newIP:1159> Killing previous circuit ID 396 
Feb 23 17:51:16.640 <newIP:1159> Killing previous circuit ID 398 
Feb 23 17:51:16.640 <newIP:1159> Killing previous circuit ID 399 
Feb 23 17:51:16.641 <newIP:1159> Killing previous circuit ID 401 
Feb 23 17:51:16.649 <newIP:1183> Requesting new IP 127.0.0.1:9050 OK
Feb 23 17:51:18.178 <fetching:1016> 127.0.0.1:9050 failed
Feb 23 17:51:25.989 <appInfo:538> IPchanged=72
Feb 23 17:51:25.989 <appInfo:539> IPfetched=0
Feb 23 17:51:25.989 <appInfo:540> IPchangeFailed=0
Feb 23 17:51:25.989 <appInfo:541> IPchangeMaxFailedBeforeExit=3
Feb 23 17:51:25.990 <appInfo:543> AppRunning=738.23835739007 sec
Feb 23 17:51:26.629 <write:907> -------------------------CHANGING-IP------------------------
Feb 23 17:51:26.646 <newIP:1159> Killing previous circuit ID 403 
Feb 23 17:51:26.647 <newIP:1159> Killing previous circuit ID 402 
Feb 23 17:51:26.647 <newIP:1159> Killing previous circuit ID 404 
Feb 23 17:51:26.648 <newIP:1159> Killing previous circuit ID 405 
Feb 23 17:51:26.648 <newIP:1159> Killing previous circuit ID 406 
Feb 23 17:51:26.658 <newIP:1183> Requesting new IP 127.0.0.1:9050 OK
Feb 23 17:51:35.647 <fetching:1016> 127.0.0.1:9050 failed
Feb 23 17:51:35.991 <appInfo:538> IPchanged=73
Feb 23 17:51:35.991 <appInfo:539> IPfetched=0
Feb 23 17:51:35.991 <appInfo:540> IPchangeFailed=0
Feb 23 17:51:35.991 <appInfo:541> IPchangeMaxFailedBeforeExit=3
Feb 23 17:51:35.992 <appInfo:543> AppRunning=748.2391719027642 sec
Feb 23 17:51:36.637 <write:907> -------------------------CHANGING-IP------------------------
Feb 23 17:51:36.650 <newIP:1159> Killing previous circuit ID 408 
Feb 23 17:51:36.651 <newIP:1159> Killing previous circuit ID 407 
Feb 23 17:51:36.651 <newIP:1159> Killing previous circuit ID 409 
Feb 23 17:51:36.652 <newIP:1159> Killing previous circuit ID 410 
Feb 23 17:51:36.653 <newIP:1159> Killing previous circuit ID 411 
Feb 23 17:51:36.662 <newIP:1183> Requesting new IP 127.0.0.1:9050 OK
Feb 23 17:51:45.742 <fetching:1016> 127.0.0.1:9050 failed
Feb 23 17:51:45.992 <appInfo:538> IPchanged=74
Feb 23 17:51:45.992 <appInfo:539> IPfetched=0
Feb 23 17:51:45.992 <appInfo:540> IPchangeFailed=0
Feb 23 17:51:45.992 <appInfo:541> IPchangeMaxFailedBeforeExit=3
Feb 23 17:51:45.993 <appInfo:543> AppRunning=758.2400941774472 sec
Feb 23 17:51:46.648 <write:907> -------------------------CHANGING-IP------------------------
Feb 23 17:51:46.661 <newIP:1159> Killing previous circuit ID 413 
Feb 23 17:51:46.662 <newIP:1159> Killing previous circuit ID 414 
Feb 23 17:51:46.663 <newIP:1159> Killing previous circuit ID 412 
Feb 23 17:51:46.663 <newIP:1159> Killing previous circuit ID 415 
Feb 23 17:51:46.664 <newIP:1159> Killing previous circuit ID 417 
Feb 23 17:51:46.673 <newIP:1183> Requesting new IP 127.0.0.1:9050 OK
Feb 23 17:51:55.743 <fetching:1016> 127.0.0.1:9050 failed
Feb 23 17:51:55.994 <appInfo:538> IPchanged=75
Feb 23 17:51:55.994 <appInfo:539> IPfetched=0
Feb 23 17:51:55.994 <appInfo:540> IPchangeFailed=0
Feb 23 17:51:55.994 <appInfo:541> IPchangeMaxFailedBeforeExit=3
Feb 23 17:51:55.995 <appInfo:543> AppRunning=768.2409749334419 sec
Feb 23 17:51:56.659 <write:907> -------------------------CHANGING-IP------------------------
Feb 23 17:51:56.673 <newIP:1159> Killing previous circuit ID 419 
Feb 23 17:51:56.674 <newIP:1159> Killing previous circuit ID 418 
Feb 23 17:51:56.674 <newIP:1159> Killing previous circuit ID 420 
Feb 23 17:51:56.675 <newIP:1159> Killing previous circuit ID 423 
Feb 23 17:51:56.675 <newIP:1159> Killing previous circuit ID 422 
Feb 23 17:51:56.684 <newIP:1183> Requesting new IP 127.0.0.1:9050 OK
Feb 23 17:52:05.676 <fetching:1016> 127.0.0.1:9050 failed
Feb 23 17:52:05.996 <appInfo:538> IPchanged=76
Feb 23 17:52:05.996 <appInfo:539> IPfetched=0
Feb 23 17:52:05.996 <appInfo:540> IPchangeFailed=0
Feb 23 17:52:05.996 <appInfo:541> IPchangeMaxFailedBeforeExit=3
Feb 23 17:52:05.997 <appInfo:543> AppRunning=778.2420688809034 sec
Feb 23 17:52:06.668 <write:907> -------------------------CHANGING-IP------------------------
Feb 23 17:52:06.725 <newIP:1159> Killing previous circuit ID 425 
Feb 23 17:52:06.725 <newIP:1159> Killing previous circuit ID 426 
Feb 23 17:52:06.726 <newIP:1159> Killing previous circuit ID 428 
Feb 23 17:52:06.727 <newIP:1159> Killing previous circuit ID 429 
Feb 23 17:52:06.727 <newIP:1159> Killing previous circuit ID 430 
Feb 23 17:52:06.728 <newIP:1159> Killing previous circuit ID 431 
Feb 23 17:52:06.740 <newIP:1183> Requesting new IP 127.0.0.1:9050 OK
Feb 23 17:52:06.869 <write:907> IP Changer stopping. Wait..
Feb 23 17:52:06.871 <write:907> Fetching IP stopping. Wait..
Feb 23 17:52:07.668 <write:907> IP Changer stopped.
Feb 23 17:52:07.862 <write:907> TOR server stopped. 
Feb 23 17:52:07.969 <write:907> Fetching IP stopped.
Feb 23 17:52:08.149 <fetching:1016> 127.0.0.1:9050 failed
